Log file open, 01/18/21 13:09:35
LogInit: Display: Running engine for game: ThreeDMath
LogPlatformFile: Not using cached read wrapper
LogTaskGraph: Started task graph with 5 named threads and 47 total threads with 3 sets of task threads.
LogStats: Stats thread started at 0.290862
LogD3D11RHI: Loaded GFSDK_Aftermath_Lib.x64.dll
LogICUInternationalization: ICU TimeZone Detection - Raw Offset: +1:00, Platform Override: ''
LogPluginManager: Mounting plugin Paper2D
LogPluginManager: Mounting plugin AISupport
LogPluginManager: Mounting plugin LightPropagationVolume
LogPluginManager: Mounting plugin CameraShakePreviewer
LogPluginManager: Mounting plugin ActorLayerUtilities
LogPluginManager: Mounting plugin AnimationSharing
LogPluginManager: Mounting plugin CLionSourceCodeAccess
LogPluginManager: Mounting plugin CodeLiteSourceCodeAccess
LogPluginManager: Mounting plugin GitSourceControl
LogPluginManager: Mounting plugin KDevelopSourceCodeAccess
LogPluginManager: Mounting plugin NullSourceCodeAccess
LogPluginManager: Mounting plugin PerforceSourceControl
LogPluginManager: Mounting plugin PlasticSourceControl
LogPluginManager: Mounting plugin RiderSourceCodeAccess
LogPluginManager: Mounting plugin SubversionSourceControl
LogPluginManager: Mounting plugin UObjectPlugin
LogPluginManager: Mounting plugin VisualStudioCodeSourceCodeAccess
LogPluginManager: Mounting plugin VisualStudioSourceCodeAccess
LogPluginManager: Mounting plugin XCodeSourceCodeAccess
LogPluginManager: Mounting plugin AssetManagerEditor
LogPluginManager: Mounting plugin CryptoKeys
LogPluginManager: Mounting plugin CurveEditorTools
LogPluginManager: Mounting plugin DataValidation
LogPluginManager: Mounting plugin EditorScriptingUtilities
LogPluginManager: Mounting plugin FacialAnimation
LogPluginManager: Mounting plugin GameplayTagsEditor
LogPluginManager: Mounting plugin GeometryMode
LogPluginManager: Mounting plugin MacGraphicsSwitching
LogPluginManager: Mounting plugin MaterialAnalyzer
LogPluginManager: Mounting plugin MobileLauncherProfileWizard
LogPluginManager: Mounting plugin PluginBrowser
LogPluginManager: Mounting plugin SpeedTreeImporter
LogPluginManager: Mounting plugin DatasmithContent
LogPluginManager: Mounting plugin VariantManagerContent
LogPluginManager: Mounting plugin AlembicImporter
LogPluginManager: Mounting plugin AutomationUtils
LogPluginManager: Mounting plugin BackChannel
LogPluginManager: Mounting plugin ChaosCloth
LogPluginManager: Mounting plugin ChaosClothEditor
LogPluginManager: Mounting plugin ChaosEditor
LogPluginManager: Mounting plugin ChaosNiagara
LogPluginManager: Mounting plugin ChaosSolverPlugin
LogPluginManager: Mounting plugin CharacterAI
LogPluginManager: Mounting plugin GeometryCache
LogPluginManager: Mounting plugin GeometryCollectionPlugin
LogPluginManager: Mounting plugin GeometryProcessing
LogPluginManager: Mounting plugin PlanarCut
LogPluginManager: Mounting plugin PlatformCrypto
LogPluginManager: Mounting plugin ProxyLODPlugin
LogPluginManager: Mounting plugin SkeletalReduction
LogPluginManager: Mounting plugin Niagara
LogPluginManager: Mounting plugin MagicLeap
LogPluginManager: Mounting plugin MagicLeapLightEstimation
LogPluginManager: Mounting plugin MagicLeapMedia
LogPluginManager: Mounting plugin MagicLeapPassableWorld
LogPluginManager: Mounting plugin MLSDK
LogPluginManager: Mounting plugin AndroidMedia
LogPluginManager: Mounting plugin AvfMedia
LogPluginManager: Mounting plugin ImgMedia
LogPluginManager: Mounting plugin MediaCompositing
LogPluginManager: Mounting plugin MediaPlayerEditor
LogPluginManager: Mounting plugin WebMMedia
LogPluginManager: Mounting plugin WmfMedia
LogPluginManager: Mounting plugin MeshPainting
LogPluginManager: Mounting plugin TcpMessaging
LogPluginManager: Mounting plugin UdpMessaging
LogPluginManager: Mounting plugin ActorSequence
LogPluginManager: Mounting plugin LevelSequenceEditor
LogPluginManager: Mounting plugin MatineeToLevelSequence
LogPluginManager: Mounting plugin MovieRenderPipeline
LogPluginManager: Mounting plugin TemplateSequence
LogPluginManager: Mounting plugin NetcodeUnitTest
LogPluginManager: Mounting plugin NUTUnrealEngine4
LogPluginManager: Mounting plugin OnlineSubsystemGooglePlay
LogPluginManager: Mounting plugin OnlineSubsystemIOS
LogPluginManager: Mounting plugin OnlineSubsystem
LogPluginManager: Mounting plugin OnlineSubsystemNull
LogPluginManager: Mounting plugin OnlineSubsystemUtils
LogPluginManager: Mounting plugin LauncherChunkInstaller
LogPluginManager: Mounting plugin AndroidDeviceProfileSelector
LogPluginManager: Mounting plugin AndroidMoviePlayer
LogPluginManager: Mounting plugin AndroidPermission
LogPluginManager: Mounting plugin AppleImageUtils
LogPluginManager: Mounting plugin AppleMoviePlayer
LogPluginManager: Mounting plugin ArchVisCharacter
LogPluginManager: Mounting plugin AssetTags
LogPluginManager: Mounting plugin AudioCapture
LogPluginManager: Mounting plugin CableComponent
LogPluginManager: Mounting plugin CustomMeshComponent
LogPluginManager: Mounting plugin EditableMesh
LogPluginManager: Mounting plugin ExampleDeviceProfileSelector
LogPluginManager: Mounting plugin GoogleCloudMessaging
LogPluginManager: Mounting plugin GooglePAD
LogPluginManager: Mounting plugin IOSDeviceProfileSelector
LogPluginManager: Mounting plugin LinuxDeviceProfileSelector
LogPluginManager: Mounting plugin LocationServicesBPLibrary
LogPluginManager: Mounting plugin MobilePatchingUtils
LogPluginManager: Mounting plugin OculusVR
LogPluginManager: Mounting plugin PhysXVehicles
LogPluginManager: Mounting plugin PostSplashScreen
LogPluginManager: Mounting plugin ProceduralMeshComponent
LogPluginManager: Mounting plugin RuntimePhysXCooking
LogPluginManager: Mounting plugin SignificanceManager
LogPluginManager: Mounting plugin SoundFields
LogPluginManager: Mounting plugin SteamVR
LogPluginManager: Mounting plugin Synthesis
LogPluginManager: Mounting plugin WebMMoviePlayer
LogPluginManager: Mounting plugin WindowsMoviePlayer
LogPluginManager: Mounting plugin ScreenshotTools
LogInit: Using libcurl 7.55.1-DEV
LogInit:  - built for x86_64-pc-win32
LogInit:  - supports SSL with OpenSSL/1.1.1
LogInit:  - supports HTTP deflate (compression) using libz 1.2.8
LogInit:  - other features:
LogInit:      CURL_VERSION_SSL
LogInit:      CURL_VERSION_LIBZ
LogInit:      CURL_VERSION_IPV6
LogInit:      CURL_VERSION_ASYNCHDNS
LogInit:      CURL_VERSION_LARGEFILE
LogInit:      CURL_VERSION_IDN
LogInit:  CurlRequestOptions (configurable via config and command line):
LogInit:  - bVerifyPeer = true  - Libcurl will verify peer certificate
LogInit:  - bUseHttpProxy = false  - Libcurl will NOT use HTTP proxy
LogInit:  - bDontReuseConnections = false  - Libcurl will reuse connections
LogInit:  - MaxHostConnections = 16  - Libcurl will limit the number of connections to a host
LogInit:  - LocalHostAddr = Default
LogInit:  - BufferSize = 65536
LogOnline: OSS: Creating online subsystem instance for: NULL
LogInit: WinSock: version 1.1 (2.2), MaxSocks=32767, MaxUdp=65467
LogOnline: OSS: TryLoadSubsystemAndSetDefault: Loaded subsystem for module [NULL]
LogInit: Build: ++UE4+Release-4.25-CL-14469661
LogInit: Engine Version: 4.25.4-14469661+++UE4+Release-4.25
LogInit: Compatible Engine Version: 4.25.0-13144385+++UE4+Release-4.25
LogInit: Net CL: 13144385
LogInit: OS: Windows 10 (Release 1909) (), CPU: Intel(R) Core(TM) i9-9900K CPU @ 3.60GHz, GPU: NVIDIA GeForce RTX 2070
LogInit: Compiled (64-bit): Oct 11 2020 08:10:49
LogInit: Compiled with Visual C++: 19.24.28315.00
LogInit: Build Configuration: Development
LogInit: Branch Name: ++UE4+Release-4.25
LogInit: Command Line:  -skipcompile
LogInit: Base Directory: C:/Program Files/Epic Games/UE_4.25/Engine/Binaries/Win64/
LogInit: Allocator: TBB
LogInit: Installed Engine Build: 1
LogDevObjectVersion: Number of dev versions registered: 26
LogDevObjectVersion:   Dev-Blueprints (B0D832E4-1F89-4F0D-ACCF-7EB736FD4AA2): 10
LogDevObjectVersion:   Dev-Build (E1C64328-A22C-4D53-A36C-8E866417BD8C): 0
LogDevObjectVersion:   Dev-Core (375EC13C-06E4-48FB-B500-84F0262A717E): 4
LogDevObjectVersion:   Dev-Editor (E4B068ED-F494-42E9-A231-DA0B2E46BB41): 38
LogDevObjectVersion:   Dev-Framework (CFFC743F-43B0-4480-9391-14DF171D2073): 37
LogDevObjectVersion:   Dev-Mobile (B02B49B5-BB20-44E9-A304-32B752E40360): 2
LogDevObjectVersion:   Dev-Networking (A4E4105C-59A1-49B5-A7C5-40C4547EDFEE): 0
LogDevObjectVersion:   Dev-Online (39C831C9-5AE6-47DC-9A44-9C173E1C8E7C): 0
LogDevObjectVersion:   Dev-Physics (78F01B33-EBEA-4F98-B9B4-84EACCB95AA2): 4
LogDevObjectVersion:   Dev-Platform (6631380F-2D4D-43E0-8009-CF276956A95A): 0
LogDevObjectVersion:   Dev-Rendering (12F88B9F-8875-4AFC-A67C-D90C383ABD29): 43
LogDevObjectVersion:   Dev-Sequencer (7B5AE74C-D270-4C10-A958-57980B212A5A): 12
LogDevObjectVersion:   Dev-VR (D7296918-1DD6-4BDD-9DE2-64A83CC13884): 3
LogDevObjectVersion:   Dev-LoadTimes (C2A15278-BFE7-4AFE-6C17-90FF531DF755): 1
LogDevObjectVersion:   Private-Geometry (6EACA3D4-40EC-4CC1-B786-8BED09428FC5): 3
LogDevObjectVersion:   Dev-AnimPhys (29E575DD-E0A3-4627-9D10-D276232CDCEA): 17
LogDevObjectVersion:   Dev-Anim (AF43A65D-7FD3-4947-9873-3E8ED9C1BB05): 7
LogDevObjectVersion:   Dev-ReflectionCapture (6B266CEC-1EC7-4B8F-A30B-E4D90942FC07): 1
LogDevObjectVersion:   Dev-Automation (0DF73D61-A23F-47EA-B727-89E90C41499A): 1
LogDevObjectVersion:   FortniteMain (601D1886-AC64-4F84-AA16-D3DE0DEAC7D6): 31
LogDevObjectVersion:   Dev-Enterprise (9DFFBCD6-494F-0158-E221-12823C92A888): 10
LogDevObjectVersion:   Dev-Niagara (F2AED0AC-9AFE-416F-8664-AA7FFA26D6FC): 1
LogDevObjectVersion:   Dev-Destruction (174F1F0B-B4C6-45A5-B13F-2EE8D0FB917D): 10
LogDevObjectVersion:   Dev-Physics-Ext (35F94A83-E258-406C-A318-09F59610247C): 37
LogDevObjectVersion:   Dev-PhysicsMaterial-Chaos (B68FC16E-8B1B-42E2-B453-215C058844FE): 1
LogDevObjectVersion:   Dev-CineCamera (B2E18506-4273-CFC2-A54E-F4BB758BBA07): 1
LogInit: Presizing for max 25165824 objects, including 0 objects not considered by GC, pre-allocating 0 bytes for permanent pool.
LogConfig: Applying CVar settings from Section [/Script/Engine.StreamingSettings] File [C:/Users/mandy/source/repos/Unreal/ThreeDMath/ThreeDMath/Saved/Config/Windows/Engine.ini]
LogConfig: Setting CVar [[s.MinBulkDataSizeForAsyncLoading:131072]]
LogConfig: Setting CVar [[s.AsyncLoadingThreadEnabled:0]]
LogConfig: Setting CVar [[s.EventDrivenLoaderEnabled:1]]
LogConfig: Setting CVar [[s.WarnIfTimeLimitExceeded:0]]
LogConfig: Setting CVar [[s.TimeLimitExceededMultiplier:1.5]]
LogConfig: Setting CVar [[s.TimeLimitExceededMinTime:0.005]]
LogConfig: Setting CVar [[s.UseBackgroundLevelStreaming:1]]
LogConfig: Setting CVar [[s.PriorityAsyncLoadingExtraTime:15.0]]
LogConfig: Setting CVar [[s.LevelStreamingActorsUpdateTimeLimit:5.0]]
LogConfig: Setting CVar [[s.PriorityLevelStreamingActorsUpdateExtraTime:5.0]]
LogConfig: Setting CVar [[s.LevelStreamingComponentsRegistrationGranularity:10]]
LogConfig: Setting CVar [[s.UnregisterComponentsTimeLimit:1.0]]
LogConfig: Setting CVar [[s.LevelStreamingComponentsUnregistrationGranularity:5]]
LogConfig: Setting CVar [[s.FlushStreamingOnExit:1]]
LogInit: Object subsystem initialized
LogConfig: Setting CVar [[con.DebugEarlyDefault:1]]
LogConfig: Setting CVar [[r.setres:1280x720]]
[2021.01.18-12.09.36:610][  0]LogConfig: Setting CVar [[r.VSync:0]]
[2021.01.18-12.09.36:610][  0]LogConfig: Setting CVar [[r.RHICmdBypass:0]]
[2021.01.18-12.09.36:610][  0]LogConfig: Applying CVar settings from Section [/Script/Engine.RendererSettings] File [C:/Users/mandy/source/repos/Unreal/ThreeDMath/ThreeDMath/Saved/Config/Windows/Engine.ini]
[2021.01.18-12.09.36:610][  0]LogConfig: Setting CVar [[r.GPUCrashDebugging:0]]
[2021.01.18-12.09.36:610][  0]LogConfig: Applying CVar settings from Section [/Script/Engine.RendererOverrideSettings] File [C:/Users/mandy/source/repos/Unreal/ThreeDMath/ThreeDMath/Saved/Config/Windows/Engine.ini]
[2021.01.18-12.09.36:610][  0]LogConfig: Applying CVar settings from Section [/Script/Engine.StreamingSettings] File [C:/Users/mandy/source/repos/Unreal/ThreeDMath/ThreeDMath/Saved/Config/Windows/Engine.ini]
[2021.01.18-12.09.36:611][  0]LogConfig: Setting CVar [[s.MinBulkDataSizeForAsyncLoading:131072]]
[2021.01.18-12.09.36:611][  0]LogConfig: Setting CVar [[s.AsyncLoadingThreadEnabled:0]]
[2021.01.18-12.09.36:611][  0]LogConfig: Setting CVar [[s.EventDrivenLoaderEnabled:1]]
[2021.01.18-12.09.36:611][  0]LogConfig: Setting CVar [[s.WarnIfTimeLimitExceeded:0]]
[2021.01.18-12.09.36:611][  0]LogConfig: Setting CVar [[s.TimeLimitExceededMultiplier:1.5]]
[2021.01.18-12.09.36:611][  0]LogConfig: Setting CVar [[s.TimeLimitExceededMinTime:0.005]]
[2021.01.18-12.09.36:611][  0]LogConfig: Setting CVar [[s.UseBackgroundLevelStreaming:1]]
[2021.01.18-12.09.36:611][  0]LogConfig: Setting CVar [[s.PriorityAsyncLoadingExtraTime:15.0]]
[2021.01.18-12.09.36:611][  0]LogConfig: Setting CVar [[s.LevelStreamingActorsUpdateTimeLimit:5.0]]
[2021.01.18-12.09.36:611][  0]LogConfig: Setting CVar [[s.PriorityLevelStreamingActorsUpdateExtraTime:5.0]]
[2021.01.18-12.09.36:611][  0]LogConfig: Setting CVar [[s.LevelStreamingComponentsRegistrationGranularity:10]]
[2021.01.18-12.09.36:611][  0]LogConfig: Setting CVar [[s.UnregisterComponentsTimeLimit:1.0]]
[2021.01.18-12.09.36:611][  0]LogConfig: Setting CVar [[s.LevelStreamingComponentsUnregistrationGranularity:5]]
[2021.01.18-12.09.36:611][  0]LogConfig: Setting CVar [[s.FlushStreamingOnExit:1]]
[2021.01.18-12.09.36:611][  0]LogConfig: Applying CVar settings from Section [/Script/Engine.GarbageCollectionSettings] File [C:/Users/mandy/source/repos/Unreal/ThreeDMath/ThreeDMath/Saved/Config/Windows/Engine.ini]
[2021.01.18-12.09.36:611][  0]LogConfig: Setting CVar [[gc.MaxObjectsNotConsideredByGC:1]]
[2021.01.18-12.09.36:611][  0]LogConfig: Setting CVar [[gc.SizeOfPermanentObjectPool:0]]
[2021.01.18-12.09.36:611][  0]LogConfig: Setting CVar [[gc.FlushStreamingOnGC:0]]
[2021.01.18-12.09.36:611][  0]LogConfig: Setting CVar [[gc.NumRetriesBeforeForcingGC:10]]
[2021.01.18-12.09.36:611][  0]LogConfig: Setting CVar [[gc.AllowParallelGC:1]]
[2021.01.18-12.09.36:611][  0]LogConfig: Setting CVar [[gc.TimeBetweenPurgingPendingKillObjects:61.1]]
[2021.01.18-12.09.36:611][  0]LogConfig: Setting CVar [[gc.MaxObjectsInEditor:25165824]]
[2021.01.18-12.09.36:611][  0]LogConfig: Setting CVar [[gc.IncrementalBeginDestroyEnabled:1]]
[2021.01.18-12.09.36:611][  0]LogConfig: Setting CVar [[gc.CreateGCClusters:1]]
[2021.01.18-12.09.36:611][  0]LogConfig: Setting CVar [[gc.MinGCClusterSize:5]]
[2021.01.18-12.09.36:611][  0]LogConfig: Setting CVar [[gc.ActorClusteringEnabled:0]]
[2021.01.18-12.09.36:612][  0]LogConfig: Setting CVar [[gc.BlueprintClusteringEnabled:0]]
[2021.01.18-12.09.36:612][  0]LogConfig: Setting CVar [[gc.UseDisregardForGCOnDedicatedServers:0]]
[2021.01.18-12.09.36:612][  0]LogConfig: Applying CVar settings from Section [/Script/Engine.NetworkSettings] File [C:/Users/mandy/source/repos/Unreal/ThreeDMath/ThreeDMath/Saved/Config/Windows/Engine.ini]
[2021.01.18-12.09.36:612][  0]LogConfig: Applying CVar settings from Section [/Script/UnrealEd.CookerSettings] File [C:/Users/mandy/source/repos/Unreal/ThreeDMath/ThreeDMath/Saved/Config/Windows/Engine.ini]
[2021.01.18-12.09.36:624][  0]LogConfig: Applying CVar settings from Section [ViewDistanceQuality@3] File [C:/Users/mandy/source/repos/Unreal/ThreeDMath/ThreeDMath/Saved/Config/Windows/Scalability.ini]
[2021.01.18-12.09.36:624][  0]LogConfig: Setting CVar [[r.SkeletalMeshLODBias:0]]
[2021.01.18-12.09.36:624][  0]LogConfig: Setting CVar [[r.ViewDistanceScale:1.0]]
[2021.01.18-12.09.36:624][  0]LogConfig: Applying CVar settings from Section [AntiAliasingQuality@3] File [C:/Users/mandy/source/repos/Unreal/ThreeDMath/ThreeDMath/Saved/Config/Windows/Scalability.ini]
[2021.01.18-12.09.36:624][  0]LogConfig: Setting CVar [[r.PostProcessAAQuality:4]]
[2021.01.18-12.09.36:624][  0]LogConfig: Applying CVar settings from Section [ShadowQuality@3] File [C:/Users/mandy/source/repos/Unreal/ThreeDMath/ThreeDMath/Saved/Config/Windows/Scalability.ini]
[2021.01.18-12.09.36:624][  0]LogConfig: Setting CVar [[r.LightFunctionQuality:1]]
[2021.01.18-12.09.36:624][  0]LogConfig: Setting CVar [[r.ShadowQuality:5]]
[2021.01.18-12.09.36:624][  0]LogConfig: Setting CVar [[r.Shadow.CSM.MaxCascades:10]]
[2021.01.18-12.09.36:624][  0]LogConfig: Setting CVar [[r.Shadow.MaxResolution:2048]]
[2021.01.18-12.09.36:625][  0]LogConfig: Setting CVar [[r.Shadow.MaxCSMResolution:2048]]
[2021.01.18-12.09.36:625][  0]LogConfig: Setting CVar [[r.Shadow.RadiusThreshold:0.01]]
[2021.01.18-12.09.36:625][  0]LogConfig: Setting CVar [[r.Shadow.DistanceScale:1.0]]
[2021.01.18-12.09.36:625][  0]LogConfig: Setting CVar [[r.Shadow.CSM.TransitionScale:1.0]]
[2021.01.18-12.09.36:625][  0]LogConfig: Setting CVar [[r.Shadow.PreShadowResolutionFactor:1.0]]
[2021.01.18-12.09.36:625][  0]LogConfig: Setting CVar [[r.DistanceFieldShadowing:1]]
[2021.01.18-12.09.36:625][  0]LogConfig: Setting CVar [[r.DistanceFieldAO:1]]
[2021.01.18-12.09.36:625][  0]LogConfig: Setting CVar [[r.AOQuality:2]]
[2021.01.18-12.09.36:625][  0]LogConfig: Setting CVar [[r.VolumetricFog:1]]
[2021.01.18-12.09.36:625][  0]LogConfig: Setting CVar [[r.VolumetricFog.GridPixelSize:8]]
[2021.01.18-12.09.36:625][  0]LogConfig: Setting CVar [[r.VolumetricFog.GridSizeZ:128]]
[2021.01.18-12.09.36:625][  0]LogConfig: Setting CVar [[r.VolumetricFog.HistoryMissSupersampleCount:4]]
[2021.01.18-12.09.36:625][  0]LogConfig: Setting CVar [[r.LightMaxDrawDistanceScale:1]]
[2021.01.18-12.09.36:625][  0]LogConfig: Setting CVar [[r.CapsuleShadows:1]]
[2021.01.18-12.09.36:625][  0]LogConfig: Applying CVar settings from Section [PostProcessQuality@3] File [C:/Users/mandy/source/repos/Unreal/ThreeDMath/ThreeDMath/Saved/Config/Windows/Scalability.ini]
[2021.01.18-12.09.36:625][  0]LogConfig: Setting CVar [[r.MotionBlurQuality:4]]
[2021.01.18-12.09.36:625][  0]LogConfig: Setting CVar [[r.AmbientOcclusionMipLevelFactor:0.4]]
[2021.01.18-12.09.36:625][  0]LogConfig: Setting CVar [[r.AmbientOcclusionMaxQuality:100]]
[2021.01.18-12.09.36:625][  0]LogConfig: Setting CVar [[r.AmbientOcclusionLevels:-1]]
[2021.01.18-12.09.36:625][  0]LogConfig: Setting CVar [[r.AmbientOcclusionRadiusScale:1.0]]
[2021.01.18-12.09.36:625][  0]LogConfig: Setting CVar [[r.DepthOfFieldQuality:2]]
[2021.01.18-12.09.36:625][  0]LogConfig: Setting CVar [[r.RenderTargetPoolMin:400]]
[2021.01.18-12.09.36:625][  0]LogConfig: Setting CVar [[r.LensFlareQuality:2]]
[2021.01.18-12.09.36:626][  0]LogConfig: Setting CVar [[r.SceneColorFringeQuality:1]]
[2021.01.18-12.09.36:626][  0]LogConfig: Setting CVar [[r.EyeAdaptationQuality:2]]
[2021.01.18-12.09.36:626][  0]LogConfig: Setting CVar [[r.BloomQuality:5]]
[2021.01.18-12.09.36:626][  0]LogConfig: Setting CVar [[r.FastBlurThreshold:100]]
[2021.01.18-12.09.36:626][  0]LogConfig: Setting CVar [[r.Upscale.Quality:3]]
[2021.01.18-12.09.36:626][  0]LogConfig: Setting CVar [[r.Tonemapper.GrainQuantization:1]]
[2021.01.18-12.09.36:626][  0]LogConfig: Setting CVar [[r.LightShaftQuality:1]]
[2021.01.18-12.09.36:626][  0]LogConfig: Setting CVar [[r.Filter.SizeScale:1]]
[2021.01.18-12.09.36:626][  0]LogConfig: Setting CVar [[r.Tonemapper.Quality:5]]
[2021.01.18-12.09.36:626][  0]LogConfig: Setting CVar [[r.DOF.Gather.AccumulatorQuality:1        ; higher gathering accumulator quality]]
[2021.01.18-12.09.36:626][  0]LogConfig: Setting CVar [[r.DOF.Gather.PostfilterMethod:1          ; Median3x3 postfilering method]]
[2021.01.18-12.09.36:626][  0]LogConfig: Setting CVar [[r.DOF.Gather.EnableBokehSettings:0       ; no bokeh simulation when gathering]]
[2021.01.18-12.09.36:626][  0]LogConfig: Setting CVar [[r.DOF.Gather.RingCount:4                 ; medium number of samples when gathering]]
[2021.01.18-12.09.36:626][  0]LogConfig: Setting CVar [[r.DOF.Scatter.ForegroundCompositing:1    ; additive foreground scattering]]
[2021.01.18-12.09.36:626][  0]LogConfig: Setting CVar [[r.DOF.Scatter.BackgroundCompositing:2    ; additive background scattering]]
[2021.01.18-12.09.36:626][  0]LogConfig: Setting CVar [[r.DOF.Scatter.EnableBokehSettings:1      ; bokeh simulation when scattering]]
[2021.01.18-12.09.36:626][  0]LogConfig: Setting CVar [[r.DOF.Scatter.MaxSpriteRatio:0.1         ; only a maximum of 10% of scattered bokeh]]
[2021.01.18-12.09.36:626][  0]LogConfig: Setting CVar [[r.DOF.Recombine.Quality:1                ; cheap slight out of focus]]
[2021.01.18-12.09.36:626][  0]LogConfig: Setting CVar [[r.DOF.Recombine.EnableBokehSettings:0    ; no bokeh simulation on slight out of focus]]
[2021.01.18-12.09.36:626][  0]LogConfig: Setting CVar [[r.DOF.TemporalAAQuality:1                ; more stable temporal accumulation]]
[2021.01.18-12.09.36:626][  0]LogConfig: Setting CVar [[r.DOF.Kernel.MaxForegroundRadius:0.025]]
[2021.01.18-12.09.36:626][  0]LogConfig: Setting CVar [[r.DOF.Kernel.MaxBackgroundRadius:0.025]]
[2021.01.18-12.09.36:626][  0]LogConfig: Applying CVar settings from Section [TextureQuality@3] File [C:/Users/mandy/source/repos/Unreal/ThreeDMath/ThreeDMath/Saved/Config/Windows/Scalability.ini]
[2021.01.18-12.09.36:626][  0]LogConfig: Setting CVar [[r.Streaming.MipBias:0]]
[2021.01.18-12.09.36:626][  0]LogConfig: Setting CVar [[r.Streaming.AmortizeCPUToGPUCopy:0]]
[2021.01.18-12.09.36:626][  0]LogConfig: Setting CVar [[r.Streaming.MaxNumTexturesToStreamPerFrame:0]]
[2021.01.18-12.09.36:626][  0]LogConfig: Setting CVar [[r.Streaming.Boost:1]]
[2021.01.18-12.09.36:626][  0]LogConfig: Setting CVar [[r.MaxAnisotropy:8]]
[2021.01.18-12.09.36:626][  0]LogConfig: Setting CVar [[r.VT.MaxAnisotropy:8]]
[2021.01.18-12.09.36:627][  0]LogConfig: Setting CVar [[r.Streaming.LimitPoolSizeToVRAM:0]]
[2021.01.18-12.09.36:627][  0]LogConfig: Setting CVar [[r.Streaming.PoolSize:1000]]
[2021.01.18-12.09.36:627][  0]LogConfig: Setting CVar [[r.Streaming.MaxEffectiveScreenSize:0]]
[2021.01.18-12.09.36:627][  0]LogConfig: Applying CVar settings from Section [EffectsQuality@3] File [C:/Users/mandy/source/repos/Unreal/ThreeDMath/ThreeDMath/Saved/Config/Windows/Scalability.ini]
[2021.01.18-12.09.36:627][  0]LogConfig: Setting CVar [[r.TranslucencyLightingVolumeDim:64]]
[2021.01.18-12.09.36:627][  0]LogConfig: Setting CVar [[r.RefractionQuality:2]]
[2021.01.18-12.09.36:627][  0]LogConfig: Setting CVar [[r.SSR.Quality:3]]
[2021.01.18-12.09.36:627][  0]LogConfig: Setting CVar [[r.SSR.HalfResSceneColor:0]]
[2021.01.18-12.09.36:627][  0]LogConfig: Setting CVar [[r.SceneColorFormat:4]]
[2021.01.18-12.09.36:627][  0]LogConfig: Setting CVar [[r.DetailMode:2]]
[2021.01.18-12.09.36:627][  0]LogConfig: Setting CVar [[r.TranslucencyVolumeBlur:1]]
[2021.01.18-12.09.36:627][  0]LogConfig: Setting CVar [[r.MaterialQualityLevel:1 ; High quality]]
[2021.01.18-12.09.36:627][  0]LogConfig: Setting CVar [[r.SSS.Scale:1]]
[2021.01.18-12.09.36:627][  0]LogConfig: Setting CVar [[r.SSS.SampleSet:2]]
[2021.01.18-12.09.36:627][  0]LogConfig: Setting CVar [[r.SSS.Quality:1]]
[2021.01.18-12.09.36:627][  0]LogConfig: Setting CVar [[r.SSS.HalfRes:0]]
[2021.01.18-12.09.36:627][  0]LogConfig: Setting CVar [[r.SSGI.Quality:3]]
[2021.01.18-12.09.36:627][  0]LogConfig: Setting CVar [[r.EmitterSpawnRateScale:1.0]]
[2021.01.18-12.09.36:627][  0]LogConfig: Setting CVar [[r.ParticleLightQuality:2]]
[2021.01.18-12.09.36:627][  0]LogConfig: Setting CVar [[r.SkyAtmosphere.AerialPerspectiveLUT.FastApplyOnOpaque:1 ; Always have FastSkyLUT 1 in this case to avoid wrong sky]]
[2021.01.18-12.09.36:627][  0]LogConfig: Setting CVar [[r.SkyAtmosphere.AerialPerspectiveLUT.SampleCountPerSlice:1]]
[2021.01.18-12.09.36:627][  0]LogConfig: Setting CVar [[r.SkyAtmosphere.AerialPerspectiveLUT.DepthResolution:16.0]]
[2021.01.18-12.09.36:627][  0]LogConfig: Setting CVar [[r.SkyAtmosphere.FastSkyLUT:1]]
[2021.01.18-12.09.36:627][  0]LogConfig: Setting CVar [[r.SkyAtmosphere.FastSkyLUT.SampleCountMin:4.0]]
[2021.01.18-12.09.36:627][  0]LogConfig: Setting CVar [[r.SkyAtmosphere.FastSkyLUT.SampleCountMax:32.0]]
[2021.01.18-12.09.36:627][  0]LogConfig: Setting CVar [[r.SkyAtmosphere.SampleCountMin:4.0]]
[2021.01.18-12.09.36:627][  0]LogConfig: Setting CVar [[r.SkyAtmosphere.SampleCountMax:32.0]]
[2021.01.18-12.09.36:627][  0]LogConfig: Setting CVar [[r.SkyAtmosphere.TransmittanceLUT.UseSmallFormat:0]]
[2021.01.18-12.09.36:627][  0]LogConfig: Setting CVar [[r.SkyAtmosphere.TransmittanceLUT.SampleCount:10.0]]
[2021.01.18-12.09.36:628][  0]LogConfig: Setting CVar [[r.SkyAtmosphere.MultiScatteringLUT.SampleCount:15.0]]
[2021.01.18-12.09.36:628][  0]LogConfig: Applying CVar settings from Section [FoliageQuality@3] File [C:/Users/mandy/source/repos/Unreal/ThreeDMath/ThreeDMath/Saved/Config/Windows/Scalability.ini]
[2021.01.18-12.09.36:628][  0]LogConfig: Setting CVar [[foliage.DensityScale:1.0]]
[2021.01.18-12.09.36:628][  0]LogConfig: Setting CVar [[grass.DensityScale:1.0]]
[2021.01.18-12.09.36:628][  0]LogConfig: Applying CVar settings from Section [ShadingQuality@3] File [C:/Users/mandy/source/repos/Unreal/ThreeDMath/ThreeDMath/Saved/Config/Windows/Scalability.ini]
[2021.01.18-12.09.36:628][  0]LogConfig: Setting CVar [[r.HairStrands.SkyLighting.SampleCount:16]]
[2021.01.18-12.09.36:628][  0]LogConfig: Setting CVar [[r.HairStrands.SkyLighting.JitterIntegration:0]]
[2021.01.18-12.09.36:628][  0]LogConfig: Setting CVar [[r.HairStrands.SkyAO.SampleCount:16]]
[2021.01.18-12.09.36:628][  0]LogConfig: Setting CVar [[r.HairStrands.DeepShadow.SuperSampling:0]]
[2021.01.18-12.09.36:628][  0]LogConfig: Setting CVar [[r.HairStrands.VisibilityPPLL:0]]
[2021.01.18-12.09.36:628][  0]LogConfig: Setting CVar [[r.HairStrands.RasterizationScale:0.5]]
[2021.01.18-12.09.36:628][  0]LogConfig: Setting CVar [[r.HairStrands.VelocityRasterizationScale:1]]
[2021.01.18-12.09.36:628][  0]LogInit: Selected Device Profile: [Windows]
[2021.01.18-12.09.36:628][  0]LogInit: Applying CVar settings loaded from the selected device profile: [Windows]
[2021.01.18-12.09.36:628][  0]LogHAL: Display: Platform has ~ 32 GB [34269192192 / 34359738368 / 32], which maps to Largest [LargestMinGB=32, LargerMinGB=12, DefaultMinGB=8, SmallerMinGB=6, SmallestMinGB=0)
[2021.01.18-12.09.36:628][  0]LogInit: Going up to parent DeviceProfile []
[2021.01.18-12.09.36:628][  0]LogConfig: Applying CVar settings from Section [ViewDistanceQuality@3] File [C:/Users/mandy/source/repos/Unreal/ThreeDMath/ThreeDMath/Saved/Config/Windows/Scalability.ini]
[2021.01.18-12.09.36:628][  0]LogConfig: Setting CVar [[r.SkeletalMeshLODBias:0]]
[2021.01.18-12.09.36:628][  0]LogConfig: Setting CVar [[r.ViewDistanceScale:1.0]]
[2021.01.18-12.09.36:628][  0]LogConfig: Applying CVar settings from Section [AntiAliasingQuality@2] File [C:/Users/mandy/source/repos/Unreal/ThreeDMath/ThreeDMath/Saved/Config/Windows/Scalability.ini]
[2021.01.18-12.09.36:628][  0]LogConfig: Setting CVar [[r.PostProcessAAQuality:3]]
[2021.01.18-12.09.36:628][  0]LogConfig: Applying CVar settings from Section [ShadowQuality@3] File [C:/Users/mandy/source/repos/Unreal/ThreeDMath/ThreeDMath/Saved/Config/Windows/Scalability.ini]
[2021.01.18-12.09.36:628][  0]LogConfig: Setting CVar [[r.LightFunctionQuality:1]]
[2021.01.18-12.09.36:628][  0]LogConfig: Setting CVar [[r.ShadowQuality:5]]
[2021.01.18-12.09.36:628][  0]LogConfig: Setting CVar [[r.Shadow.CSM.MaxCascades:10]]
[2021.01.18-12.09.36:628][  0]LogConfig: Setting CVar [[r.Shadow.MaxResolution:2048]]
[2021.01.18-12.09.36:628][  0]LogConfig: Setting CVar [[r.Shadow.MaxCSMResolution:2048]]
[2021.01.18-12.09.36:629][  0]LogConfig: Setting CVar [[r.Shadow.RadiusThreshold:0.01]]
[2021.01.18-12.09.36:629][  0]LogConfig: Setting CVar [[r.Shadow.DistanceScale:1.0]]
[2021.01.18-12.09.36:629][  0]LogConfig: Setting CVar [[r.Shadow.CSM.TransitionScale:1.0]]
[2021.01.18-12.09.36:629][  0]LogConfig: Setting CVar [[r.Shadow.PreShadowResolutionFactor:1.0]]
[2021.01.18-12.09.36:629][  0]LogConfig: Setting CVar [[r.DistanceFieldShadowing:1]]
[2021.01.18-12.09.36:629][  0]LogConfig: Setting CVar [[r.DistanceFieldAO:1]]
[2021.01.18-12.09.36:629][  0]LogConfig: Setting CVar [[r.AOQuality:2]]
[2021.01.18-12.09.36:629][  0]LogConfig: Setting CVar [[r.VolumetricFog:1]]
[2021.01.18-12.09.36:629][  0]LogConfig: Setting CVar [[r.VolumetricFog.GridPixelSize:8]]
[2021.01.18-12.09.36:629][  0]LogConfig: Setting CVar [[r.VolumetricFog.GridSizeZ:128]]
[2021.01.18-12.09.36:629][  0]LogConfig: Setting CVar [[r.VolumetricFog.HistoryMissSupersampleCount:4]]
[2021.01.18-12.09.36:629][  0]LogConfig: Setting CVar [[r.LightMaxDrawDistanceScale:1]]
[2021.01.18-12.09.36:629][  0]LogConfig: Setting CVar [[r.CapsuleShadows:1]]
[2021.01.18-12.09.36:629][  0]LogConfig: Applying CVar settings from Section [PostProcessQuality@1] File [C:/Users/mandy/source/repos/Unreal/ThreeDMath/ThreeDMath/Saved/Config/Windows/Scalability.ini]
[2021.01.18-12.09.36:629][  0]LogConfig: Setting CVar [[r.MotionBlurQuality:3]]
[2021.01.18-12.09.36:629][  0]LogConfig: Setting CVar [[r.AmbientOcclusionMipLevelFactor:1.0]]
[2021.01.18-12.09.36:629][  0]LogConfig: Setting CVar [[r.AmbientOcclusionMaxQuality:60]]
[2021.01.18-12.09.36:629][  0]LogConfig: Setting CVar [[r.AmbientOcclusionLevels:-1]]
[2021.01.18-12.09.36:629][  0]LogConfig: Setting CVar [[r.AmbientOcclusionRadiusScale:1.5]]
[2021.01.18-12.09.36:629][  0]LogConfig: Setting CVar [[r.DepthOfFieldQuality:1]]
[2021.01.18-12.09.36:629][  0]LogConfig: Setting CVar [[r.RenderTargetPoolMin:350]]
[2021.01.18-12.09.36:629][  0]LogConfig: Setting CVar [[r.LensFlareQuality:0]]
[2021.01.18-12.09.36:629][  0]LogConfig: Setting CVar [[r.SceneColorFringeQuality:0]]
[2021.01.18-12.09.36:629][  0]LogConfig: Setting CVar [[r.EyeAdaptationQuality:0]]
[2021.01.18-12.09.36:629][  0]LogConfig: Setting CVar [[r.BloomQuality:4]]
[2021.01.18-12.09.36:629][  0]LogConfig: Setting CVar [[r.FastBlurThreshold:2]]
[2021.01.18-12.09.36:629][  0]LogConfig: Setting CVar [[r.Upscale.Quality:2]]
[2021.01.18-12.09.36:629][  0]LogConfig: Setting CVar [[r.Tonemapper.GrainQuantization:0]]
[2021.01.18-12.09.36:630][  0]LogConfig: Setting CVar [[r.LightShaftQuality:0]]
[2021.01.18-12.09.36:630][  0]LogConfig: Setting CVar [[r.Filter.SizeScale:0.7]]
[2021.01.18-12.09.36:630][  0]LogConfig: Setting CVar [[r.Tonemapper.Quality:2]]
[2021.01.18-12.09.36:630][  0]LogConfig: Setting CVar [[r.DOF.Gather.AccumulatorQuality:0        ; lower gathering accumulator quality]]
[2021.01.18-12.09.36:630][  0]LogConfig: Setting CVar [[r.DOF.Gather.PostfilterMethod:2          ; Max3x3 postfilering method]]
[2021.01.18-12.09.36:630][  0]LogConfig: Setting CVar [[r.DOF.Gather.EnableBokehSettings:0       ; no bokeh simulation when gathering]]
[2021.01.18-12.09.36:630][  0]LogConfig: Setting CVar [[r.DOF.Gather.RingCount:3                 ; low number of samples when gathering]]
[2021.01.18-12.09.36:630][  0]LogConfig: Setting CVar [[r.DOF.Scatter.ForegroundCompositing:0    ; no foreground scattering]]
[2021.01.18-12.09.36:630][  0]LogConfig: Setting CVar [[r.DOF.Scatter.BackgroundCompositing:0    ; no foreground scattering]]
[2021.01.18-12.09.36:630][  0]LogConfig: Setting CVar [[r.DOF.Recombine.Quality:0                ; no slight out of focus]]
[2021.01.18-12.09.36:630][  0]LogConfig: Setting CVar [[r.DOF.TemporalAAQuality:0                ; faster temporal accumulation]]
[2021.01.18-12.09.36:630][  0]LogConfig: Setting CVar [[r.DOF.Kernel.MaxForegroundRadius:0.006   ; required because low gathering and no scattering and not looking great at 1080p]]
[2021.01.18-12.09.36:630][  0]LogConfig: Setting CVar [[r.DOF.Kernel.MaxBackgroundRadius:0.006   ; required because low gathering and no scattering and not looking great at 1080p]]
[2021.01.18-12.09.36:630][  0]LogConfig: Applying CVar settings from Section [TextureQuality@3] File [C:/Users/mandy/source/repos/Unreal/ThreeDMath/ThreeDMath/Saved/Config/Windows/Scalability.ini]
[2021.01.18-12.09.36:630][  0]LogConfig: Setting CVar [[r.Streaming.MipBias:0]]
[2021.01.18-12.09.36:630][  0]LogConfig: Setting CVar [[r.Streaming.AmortizeCPUToGPUCopy:0]]
[2021.01.18-12.09.36:630][  0]LogConfig: Setting CVar [[r.Streaming.MaxNumTexturesToStreamPerFrame:0]]
[2021.01.18-12.09.36:630][  0]LogConfig: Setting CVar [[r.Streaming.Boost:1]]
[2021.01.18-12.09.36:630][  0]LogConfig: Setting CVar [[r.MaxAnisotropy:8]]
[2021.01.18-12.09.36:630][  0]LogConfig: Setting CVar [[r.VT.MaxAnisotropy:8]]
[2021.01.18-12.09.36:630][  0]LogConfig: Setting CVar [[r.Streaming.LimitPoolSizeToVRAM:0]]
[2021.01.18-12.09.36:630][  0]LogConfig: Setting CVar [[r.Streaming.PoolSize:1000]]
[2021.01.18-12.09.36:630][  0]LogConfig: Setting CVar [[r.Streaming.MaxEffectiveScreenSize:0]]
[2021.01.18-12.09.36:630][  0]LogConfig: Applying CVar settings from Section [EffectsQuality@3] File [C:/Users/mandy/source/repos/Unreal/ThreeDMath/ThreeDMath/Saved/Config/Windows/Scalability.ini]
[2021.01.18-12.09.36:630][  0]LogConfig: Setting CVar [[r.TranslucencyLightingVolumeDim:64]]
[2021.01.18-12.09.36:630][  0]LogConfig: Setting CVar [[r.RefractionQuality:2]]
[2021.01.18-12.09.36:630][  0]LogConfig: Setting CVar [[r.SSR.Quality:3]]
[2021.01.18-12.09.36:630][  0]LogConfig: Setting CVar [[r.SSR.HalfResSceneColor:0]]
[2021.01.18-12.09.36:630][  0]LogConfig: Setting CVar [[r.SceneColorFormat:4]]
[2021.01.18-12.09.36:631][  0]LogConfig: Setting CVar [[r.DetailMode:2]]
[2021.01.18-12.09.36:631][  0]LogConfig: Setting CVar [[r.TranslucencyVolumeBlur:1]]
[2021.01.18-12.09.36:631][  0]LogConfig: Setting CVar [[r.MaterialQualityLevel:1 ; High quality]]
[2021.01.18-12.09.36:631][  0]LogConfig: Setting CVar [[r.SSS.Scale:1]]
[2021.01.18-12.09.36:631][  0]LogConfig: Setting CVar [[r.SSS.SampleSet:2]]
[2021.01.18-12.09.36:631][  0]LogConfig: Setting CVar [[r.SSS.Quality:1]]
[2021.01.18-12.09.36:631][  0]LogConfig: Setting CVar [[r.SSS.HalfRes:0]]
[2021.01.18-12.09.36:631][  0]LogConfig: Setting CVar [[r.SSGI.Quality:3]]
[2021.01.18-12.09.36:631][  0]LogConfig: Setting CVar [[r.EmitterSpawnRateScale:1.0]]
[2021.01.18-12.09.36:631][  0]LogConfig: Setting CVar [[r.ParticleLightQuality:2]]
[2021.01.18-12.09.36:631][  0]LogConfig: Setting CVar [[r.SkyAtmosphere.AerialPerspectiveLUT.FastApplyOnOpaque:1 ; Always have FastSkyLUT 1 in this case to avoid wrong sky]]
[2021.01.18-12.09.36:631][  0]LogConfig: Setting CVar [[r.SkyAtmosphere.AerialPerspectiveLUT.SampleCountPerSlice:1]]
[2021.01.18-12.09.36:631][  0]LogConfig: Setting CVar [[r.SkyAtmosphere.AerialPerspectiveLUT.DepthResolution:16.0]]
[2021.01.18-12.09.36:631][  0]LogConfig: Setting CVar [[r.SkyAtmosphere.FastSkyLUT:1]]
[2021.01.18-12.09.36:631][  0]LogConfig: Setting CVar [[r.SkyAtmosphere.FastSkyLUT.SampleCountMin:4.0]]
[2021.01.18-12.09.36:631][  0]LogConfig: Setting CVar [[r.SkyAtmosphere.FastSkyLUT.SampleCountMax:32.0]]
[2021.01.18-12.09.36:631][  0]LogConfig: Setting CVar [[r.SkyAtmosphere.SampleCountMin:4.0]]
[2021.01.18-12.09.36:631][  0]LogConfig: Setting CVar [[r.SkyAtmosphere.SampleCountMax:32.0]]
[2021.01.18-12.09.36:631][  0]LogConfig: Setting CVar [[r.SkyAtmosphere.TransmittanceLUT.UseSmallFormat:0]]
[2021.01.18-12.09.36:631][  0]LogConfig: Setting CVar [[r.SkyAtmosphere.TransmittanceLUT.SampleCount:10.0]]
[2021.01.18-12.09.36:631][  0]LogConfig: Setting CVar [[r.SkyAtmosphere.MultiScatteringLUT.SampleCount:15.0]]
[2021.01.18-12.09.36:631][  0]LogConfig: Applying CVar settings from Section [FoliageQuality@3] File [C:/Users/mandy/source/repos/Unreal/ThreeDMath/ThreeDMath/Saved/Config/Windows/Scalability.ini]
[2021.01.18-12.09.36:631][  0]LogConfig: Setting CVar [[foliage.DensityScale:1.0]]
[2021.01.18-12.09.36:631][  0]LogConfig: Setting CVar [[grass.DensityScale:1.0]]
[2021.01.18-12.09.36:631][  0]LogConfig: Applying CVar settings from Section [ShadingQuality@3] File [C:/Users/mandy/source/repos/Unreal/ThreeDMath/ThreeDMath/Saved/Config/Windows/Scalability.ini]
[2021.01.18-12.09.36:631][  0]LogConfig: Setting CVar [[r.HairStrands.SkyLighting.SampleCount:16]]
[2021.01.18-12.09.36:631][  0]LogConfig: Setting CVar [[r.HairStrands.SkyLighting.JitterIntegration:0]]
[2021.01.18-12.09.36:631][  0]LogConfig: Setting CVar [[r.HairStrands.SkyAO.SampleCount:16]]
[2021.01.18-12.09.36:631][  0]LogConfig: Setting CVar [[r.HairStrands.DeepShadow.SuperSampling:0]]
[2021.01.18-12.09.36:632][  0]LogConfig: Setting CVar [[r.HairStrands.VisibilityPPLL:0]]
[2021.01.18-12.09.36:632][  0]LogConfig: Setting CVar [[r.HairStrands.RasterizationScale:0.5]]
[2021.01.18-12.09.36:632][  0]LogConfig: Setting CVar [[r.HairStrands.VelocityRasterizationScale:1]]
[2021.01.18-12.09.36:632][  0]LogConfig: Applying CVar settings from Section [Startup] File [../../../Engine/Config/ConsoleVariables.ini]
[2021.01.18-12.09.36:632][  0]LogConfig: Setting CVar [[net.UseAdaptiveNetUpdateFrequency:0]]
[2021.01.18-12.09.36:632][  0]LogConfig: Setting CVar [[p.chaos.AllowCreatePhysxBodies:1]]
[2021.01.18-12.09.36:632][  0]LogConfig: Setting CVar [[fx.SkipVectorVMBackendOptimizations:1]]
[2021.01.18-12.09.36:632][  0]LogConfig: Applying CVar settings from Section [ConsoleVariables] File [C:/Users/mandy/source/repos/Unreal/ThreeDMath/ThreeDMath/Saved/Config/Windows/Engine.ini]
[2021.01.18-12.09.36:632][  0]LogInit: Computer: DESKTOP-MGG2SC5
[2021.01.18-12.09.36:632][  0]LogInit: User: mandy
[2021.01.18-12.09.36:632][  0]LogInit: CPU Page size=4096, Cores=8
[2021.01.18-12.09.36:632][  0]LogInit: High frequency timer resolution =10.000000 MHz
[2021.01.18-12.09.36:632][  0]LogMemory: Memory total: Physical=31.9GB (32GB approx)
[2021.01.18-12.09.36:632][  0]LogMemory: Platform Memory Stats for Windows
[2021.01.18-12.09.36:632][  0]LogMemory: Process Physical Memory: 116.85 MB used, 116.86 MB peak
[2021.01.18-12.09.36:632][  0]LogMemory: Process Virtual Memory: 99.93 MB used, 99.93 MB peak
[2021.01.18-12.09.36:633][  0]LogMemory: Physical Memory: 13849.95 MB used,  18831.70 MB free, 32681.65 MB total
[2021.01.18-12.09.36:633][  0]LogMemory: Virtual Memory: 5185.87 MB used,  134212544.00 MB free, 134217728.00 MB total
[2021.01.18-12.09.36:640][  0]LogWindows: WindowsPlatformFeatures enabled
[2021.01.18-12.09.36:886][  0]LogInit: Physics initialised using underlying interface: PhysX
[2021.01.18-12.09.36:887][  0]LogInit: Using OS detected language (en-US).
[2021.01.18-12.09.36:887][  0]LogInit: Using OS detected locale (en-US).
[2021.01.18-12.09.36:892][  0]LogTextLocalizationManager: No specific localization for 'en-US' exists, so the 'en' localization will be used.
[2021.01.18-12.09.37:076][  0]LogInit: Setting process to per monitor DPI aware
[2021.01.18-12.09.37:163][  0]LogSlate: New Slate User Created.  User Index 0, Is Virtual User: 0
[2021.01.18-12.09.37:163][  0]LogSlate: Slate User Registered.  User Index 0, Is Virtual User: 0
[2021.01.18-12.09.37:280][  0]LogHMD: Failed to initialize OpenVR with code 101
[2021.01.18-12.09.37:280][  0]LogD3D11RHI: D3D11 min allowed feature level: 11_0
[2021.01.18-12.09.37:280][  0]LogD3D11RHI: D3D11 max allowed feature level: 11_0
[2021.01.18-12.09.37:280][  0]LogD3D11RHI: D3D11 adapters:
[2021.01.18-12.09.37:395][  0]LogD3D11RHI:    0. 'NVIDIA GeForce RTX 2070' (Feature Level 11_0)
[2021.01.18-12.09.37:395][  0]LogD3D11RHI:       8031/0/16340 MB DedicatedVideo/DedicatedSystem/SharedSystem, Outputs:2, VendorId:0x10de
[2021.01.18-12.09.37:402][  0]LogD3D11RHI:    1. 'Microsoft Basic Render Driver' (Feature Level 11_0)
[2021.01.18-12.09.37:402][  0]LogD3D11RHI:       0/0/16340 MB DedicatedVideo/DedicatedSystem/SharedSystem, Outputs:0, VendorId:0x1414
[2021.01.18-12.09.37:402][  0]LogD3D11RHI: Chosen D3D11 Adapter: 0
[2021.01.18-12.09.37:411][  0]LogD3D11RHI: Creating new Direct3DDevice
[2021.01.18-12.09.37:411][  0]LogD3D11RHI:     GPU DeviceId: 0x1f02 (for the marketing name, search the web for "GPU Device Id")
[2021.01.18-12.09.37:411][  0]LogWindows: EnumDisplayDevices:
[2021.01.18-12.09.37:411][  0]LogWindows:    0. 'NVIDIA GeForce RTX 2070' (P:1 D:1)
[2021.01.18-12.09.37:411][  0]LogWindows:    1. 'NVIDIA GeForce RTX 2070' (P:0 D:1)
[2021.01.18-12.09.37:412][  0]LogWindows:    2. 'NVIDIA GeForce RTX 2070' (P:0 D:0)
[2021.01.18-12.09.37:412][  0]LogWindows:    3. 'NVIDIA GeForce RTX 2070' (P:0 D:0)
[2021.01.18-12.09.37:412][  0]LogWindows: DebugString: FoundDriverCount:4 
[2021.01.18-12.09.37:412][  0]LogD3D11RHI:     Adapter Name: NVIDIA GeForce RTX 2070
[2021.01.18-12.09.37:412][  0]LogD3D11RHI:   Driver Version: 451.48 (internal:27.21.14.5148, unified:451.48)
[2021.01.18-12.09.37:412][  0]LogD3D11RHI:      Driver Date: 6-21-2020
[2021.01.18-12.09.37:412][  0]LogRHI: Texture pool is 5621 MB (70% of 8031 MB)
[2021.01.18-12.09.37:467][  0]LogD3D11RHI: RHI has support for 64 bit atomics
[2021.01.18-12.09.37:468][  0]LogD3D11RHI: Async texture creation enabled
[2021.01.18-12.09.37:468][  0]LogD3D11RHI: Array index from any shader is supported
[2021.01.18-12.09.37:485][  0]LogD3D11RHI: GPU Timing Frequency: 1000.000000 (Debug: 2 1)
[2021.01.18-12.09.37:739][  0]LogTargetPlatformManager: Display: Loaded TargetPlatform 'AllDesktop'
[2021.01.18-12.09.37:775][  0]LogTargetPlatformManager: Display: Loaded TargetPlatform 'Android'
[2021.01.18-12.09.37:775][  0]LogTargetPlatformManager: Display: Loaded TargetPlatform 'Android_ASTC'
[2021.01.18-12.09.37:776][  0]LogTargetPlatformManager: Display: Loaded TargetPlatform 'Android_DXT'
[2021.01.18-12.09.37:776][  0]LogTargetPlatformManager: Display: Loaded TargetPlatform 'Android_ETC2'
[2021.01.18-12.09.37:776][  0]LogTargetPlatformManager: Display: Loaded TargetPlatform 'AndroidClient'
[2021.01.18-12.09.37:776][  0]LogTargetPlatformManager: Display: Loaded TargetPlatform 'Android_ASTCClient'
[2021.01.18-12.09.37:776][  0]LogTargetPlatformManager: Display: Loaded TargetPlatform 'Android_DXTClient'
[2021.01.18-12.09.37:776][  0]LogTargetPlatformManager: Display: Loaded TargetPlatform 'Android_ETC2Client'
[2021.01.18-12.09.37:776][  0]LogTargetPlatformManager: Display: Loaded TargetPlatform 'Android_Multi'
[2021.01.18-12.09.37:776][  0]LogTargetPlatformManager: Display: Loaded TargetPlatform 'Android_MultiClient'
[2021.01.18-12.09.37:835][  0]LogTargetPlatformManager: Display: Loaded TargetPlatform 'IOSClient'
[2021.01.18-12.09.37:835][  0]LogTargetPlatformManager: Display: Loaded TargetPlatform 'IOS'
[2021.01.18-12.09.37:860][  0]LogTargetPlatformManager: Display: Loaded TargetPlatform 'Linux'
[2021.01.18-12.09.37:879][  0]LogTargetPlatformManager: Display: Loaded TargetPlatform 'LinuxNoEditor'
[2021.01.18-12.09.37:903][  0]LogTargetPlatformManager: Display: Loaded TargetPlatform 'LinuxClient'
[2021.01.18-12.09.37:922][  0]LogTargetPlatformManager: Display: Loaded TargetPlatform 'LinuxServer'
[2021.01.18-12.09.37:940][  0]LogTargetPlatformManager: Display: Loaded TargetPlatform 'LinuxAArch64NoEditor'
[2021.01.18-12.09.37:961][  0]LogTargetPlatformManager: Display: Loaded TargetPlatform 'LinuxAArch64Client'
[2021.01.18-12.09.37:982][  0]LogTargetPlatformManager: Display: Loaded TargetPlatform 'LinuxAArch64Server'
[2021.01.18-12.09.38:021][  0]LogTargetPlatformManager: Display: Loaded TargetPlatform 'Lumin'
[2021.01.18-12.09.38:021][  0]LogTargetPlatformManager: Display: Loaded TargetPlatform 'LuminClient'
[2021.01.18-12.09.38:043][  0]LogTargetPlatformManager: Display: Loaded TargetPlatform 'TVOSClient'
[2021.01.18-12.09.38:043][  0]LogTargetPlatformManager: Display: Loaded TargetPlatform 'TVOS'
[2021.01.18-12.09.38:068][  0]LogTargetPlatformManager: Display: Loaded TargetPlatform 'WindowsNoEditor'
[2021.01.18-12.09.38:091][  0]LogTargetPlatformManager: Display: Loaded TargetPlatform 'Windows'
[2021.01.18-12.09.38:113][  0]LogTargetPlatformManager: Display: Loaded TargetPlatform 'WindowsClient'
[2021.01.18-12.09.38:134][  0]LogTargetPlatformManager: Display: Loaded TargetPlatform 'WindowsServer'
[2021.01.18-12.09.38:134][  0]LogTargetPlatformManager: Display: Building Assets For Windows
[2021.01.18-12.09.38:174][  0]LogAudioDebug: Display: Lib vorbis DLL was dynamically loaded.
[2021.01.18-12.09.38:493][  0]LogShaderCompilers: Guid format shader working directory is -25 characters bigger than the processId version (../../../../../../Users/mandy/source/repos/Unreal/ThreeDMath/ThreeDMath/Intermediate/Shaders/WorkingDirectory/3468/).
[2021.01.18-12.09.38:493][  0]LogShaderCompilers: Cleaned the shader compiler working directory 'C:/Users/mandy/AppData/Local/Temp/UnrealShaderWorkingDir/6F88357741F097FD6DEED8BFB015455F/'.
[2021.01.18-12.09.38:494][  0]LogXGEController: Cleaning working directory: C:/Users/mandy/AppData/Local/Temp/UnrealXGEWorkingDir/
[2021.01.18-12.09.38:494][  0]LogXGEController: Cannot use XGE Controller as Incredibuild is not installed on this machine.
[2021.01.18-12.09.38:494][  0]LogShaderCompilers: Cannot use XGE Shader Compiler as Incredibuild is not installed on this machine.
[2021.01.18-12.09.38:494][  0]LogShaderCompilers: Display: Using Local Shader Compiler.
[2021.01.18-12.09.39:078][  0]LogDerivedDataCache: Display: Max Cache Size: 512 MB
[2021.01.18-12.09.39:155][  0]LogDerivedDataCache: Loaded boot cache 0.08s 81MB C:/Users/mandy/AppData/Local/UnrealEngine/4.25/DerivedDataCache/Boot.ddc.
[2021.01.18-12.09.39:156][  0]LogDerivedDataCache: Display: Loaded Boot cache: C:/Users/mandy/AppData/Local/UnrealEngine/4.25/DerivedDataCache/Boot.ddc
[2021.01.18-12.09.39:156][  0]LogDerivedDataCache: FDerivedDataBackendGraph:  Pak pak cache file ../../../../../../Users/mandy/source/repos/Unreal/ThreeDMath/ThreeDMath/DerivedDataCache/DDC.ddp not found, will not use a pak cache.
[2021.01.18-12.09.39:156][  0]LogDerivedDataCache: Unable to find inner node Pak for hierarchical cache Hierarchy.
[2021.01.18-12.09.39:156][  0]LogDerivedDataCache: FDerivedDataBackendGraph:  CompressedPak pak cache file ../../../../../../Users/mandy/source/repos/Unreal/ThreeDMath/ThreeDMath/DerivedDataCache/Compressed.ddp not found, will not use a pak cache.
[2021.01.18-12.09.39:156][  0]LogDerivedDataCache: Unable to find inner node CompressedPak for hierarchical cache Hierarchy.
[2021.01.18-12.09.39:165][  0]LogDerivedDataCache: Display: Pak cache opened for reading ../../../Engine/DerivedDataCache/Compressed.ddp.
[2021.01.18-12.09.39:165][  0]LogDerivedDataCache: FDerivedDataBackendGraph:  EnterprisePak pak cache file ../../../Enterprise/DerivedDataCache/Compressed.ddp not found, will not use a pak cache.
[2021.01.18-12.09.39:165][  0]LogDerivedDataCache: Unable to find inner node EnterprisePak for hierarchical cache Hierarchy.
[2021.01.18-12.09.39:168][  0]LogDerivedDataCache: Using Local data cache path C:/Users/mandy/AppData/Local/UnrealEngine/Common/DerivedDataCache: Writable
[2021.01.18-12.09.39:168][  0]LogDerivedDataCache: Shared data cache path not found in *engine.ini, will not use an Shared cache.
[2021.01.18-12.09.39:168][  0]LogDerivedDataCache: Unable to find inner node Shared for hierarchical cache Hierarchy.
[2021.01.18-12.09.39:210][  0]LogSlate: Using FreeType 2.10.0
[2021.01.18-12.09.39:211][  0]LogSlate: SlateFontServices - WITH_FREETYPE: 1, WITH_HARFBUZZ: 1
[2021.01.18-12.09.39:256][  0]LogAssetRegistry: FAssetRegistry took 0.0048 seconds to start up
[2021.01.18-12.09.39:450][  0]LogInit: Selected Device Profile: [Windows]
[2021.01.18-12.09.39:671][  0]LogMeshReduction: Using QuadricMeshReduction for automatic static mesh reduction
[2021.01.18-12.09.39:671][  0]LogMeshReduction: Using SimplygonMeshReduction for automatic skeletal mesh reduction
[2021.01.18-12.09.39:671][  0]LogMeshReduction: Using ProxyLODMeshReduction for automatic mesh merging
[2021.01.18-12.09.39:671][  0]LogMeshReduction: No distributed automatic mesh merging module available
[2021.01.18-12.09.39:671][  0]LogMeshMerging: No distributed automatic mesh merging module available
[2021.01.18-12.09.39:697][  0]LogNetVersion: ThreeDMath 1.0.0, NetCL: 13144385, EngineNetVer: 14, GameNetVer: 0 (Checksum: 3053125553)
[2021.01.18-12.09.40:059][  0]LogAISub: UAISubsystem::UAISubsystem AISubsystem (0000011D4BED2AC0), frame # 0
[2021.01.18-12.09.40:059][  0]LogAISub: UAISubsystem::UAISubsystem AIPerceptionSystem (0000011D4BE6EAC0), frame # 0
[2021.01.18-12.09.40:060][  0]LogAISub: UAISubsystem::UAISubsystem EnvQueryManager (0000011D4BEBDC00), frame # 0
[2021.01.18-12.09.40:095][  0]LogPackageLocalizationCache: Processed 19 localized package path(s) for 1 prioritized culture(s) in 0.030257 seconds
[2021.01.18-12.09.40:099][  0]LogUObjectArray: 15917 objects as part of root set at end of initial load.
[2021.01.18-12.09.40:099][  0]LogUObjectAllocator: 3965568 out of 0 bytes used by permanent object pool.
[2021.01.18-12.09.40:099][  0]LogUObjectArray: CloseDisregardForGC: 0/0 objects in disregard for GC pool
[2021.01.18-12.09.41:371][  0]LogTcpMessaging: Initializing TcpMessaging bridge
[2021.01.18-12.09.41:389][  0]LogUdpMessaging: Initializing bridge on interface 0.0.0.0:0 to multicast group 230.0.0.1:6666.
[2021.01.18-12.09.41:668][  0]LogLinker: Warning: Failed to load '/Game/ThirdPersonBP/ThirdPersonOverview': Can't find file.
[2021.01.18-12.09.41:669][  0]LogLinker: Warning: Failed to load '/Game/ThirdPersonBP/ThirdPersonOverview': Can't find file.
[2021.01.18-12.09.41:669][  0]LogUObjectGlobals: Warning: Failed to find object 'Class /Game/ThirdPersonBP/ThirdPersonOverview.ThirdPersonOverview_C'
[2021.01.18-12.09.41:810][  0]SourceControl: Source control is disabled
[2021.01.18-12.09.41:810][  0]SourceControl: Source control is disabled
[2021.01.18-12.09.41:837][  0]SourceControl: Source control is disabled
[2021.01.18-12.09.41:855][  0]SourceControl: Source control is disabled
[2021.01.18-12.09.41:883][  0]SourceControl: Source control is disabled
[2021.01.18-12.09.42:867][  0]LogAndroidPermission: UAndroidPermissionCallbackProxy::GetInstance
[2021.01.18-12.09.42:948][  0]LogAudioCaptureCore: Display: No Audio Capture implementations found. Audio input will be silent.
[2021.01.18-12.09.42:948][  0]LogAudioCaptureCore: Display: No Audio Capture implementations found. Audio input will be silent.
[2021.01.18-12.09.43:093][  0]LogOcInput: OculusInput pre-init called
[2021.01.18-12.09.43:127][  0]LogWindows: Failed to load 'OVRPlugin.dll' (GetLastError=126)
[2021.01.18-12.09.43:127][  0]LogWindows: File 'OVRPlugin.dll' does not exist
[2021.01.18-12.09.43:263][  0]LogEngine: Initializing Engine...
[2021.01.18-12.09.43:264][  0]LogHMD: Failed to initialize OpenVR with code 101
[2021.01.18-12.09.43:264][  0]LogMagicLeap: Warning: VR disabled because ZI is not enabled.  To enable, in the editor, Edit -> Project Settings -> Plugins -> Magic Leap Plugin -> Enable Zero Iteration
[2021.01.18-12.09.43:265][  0]LogStats: UGameplayTagsManager::InitializeManager -  0.000 s
[2021.01.18-12.09.43:396][  0]LogInit: Initializing FReadOnlyCVARCache
[2021.01.18-12.09.43:421][  0]LogAIModule: Creating AISystem for world Untitled
[2021.01.18-12.09.43:421][  0]LogAISub: UAISubsystem::UAISubsystem EnvQueryManager (0000011D53C75E00), frame # 0
[2021.01.18-12.09.43:421][  0]LogAISub: UAISubsystem::UAISubsystem AIPerceptionSystem (0000011D53C9EE80), frame # 0
[2021.01.18-12.09.43:450][  0]LogAudioMixer: Display: Audio Mixer Platform Settings:
[2021.01.18-12.09.43:450][  0]LogAudioMixer: Display: 	Sample Rate:						  48000
[2021.01.18-12.09.43:450][  0]LogAudioMixer: Display: 	Callback Buffer Frame Size Requested: 1024
[2021.01.18-12.09.43:450][  0]LogAudioMixer: Display: 	Callback Buffer Frame Size To Use:	  1024
[2021.01.18-12.09.43:450][  0]LogAudioMixer: Display: 	Number of buffers to queue:			  2
[2021.01.18-12.09.43:450][  0]LogAudioMixer: Display: 	Max Channels (voices):				  32
[2021.01.18-12.09.43:451][  0]LogAudioMixer: Display: 	Number of Async Source Workers:		  0
[2021.01.18-12.09.43:451][  0]LogAudio: Display: AudioDevice MaxSources: 32
[2021.01.18-12.09.43:451][  0]LogAudio: Display: Using built-in audio occlusion.
[2021.01.18-12.09.43:451][  0]LogAudioMixer: Display: Initializing audio mixer.
[2021.01.18-12.09.43:469][  0]LogAudioMixer: Display: 0: FrontLeft
[2021.01.18-12.09.43:470][  0]LogAudioMixer: Display: 1: FrontRight
[2021.01.18-12.09.43:512][  0]LogAudioMixer: Display: Using Audio Device Speakers (Logitech Wireless Headset)
[2021.01.18-12.09.43:519][  0]LogAudioMixer: Display: Initializing Sound Submixes...
[2021.01.18-12.09.43:521][  0]LogAudioMixer: Display: Creating Master Submix 'MasterSubmixDefault'
[2021.01.18-12.09.43:522][  0]LogAudioMixer: Display: Creating Master Submix 'MasterReverbSubmixDefault'
[2021.01.18-12.09.43:522][  0]LogAudioMixer: Display: Creating Master Submix 'MasterEQSubmixDefault'
[2021.01.18-12.09.43:525][  0]LogInit: FAudioDevice initialized.
[2021.01.18-12.09.43:525][  0]LogNetVersion: Set ProjectVersion to 1.0.0.0. Version Checksum will be recalculated on next use.
[2021.01.18-12.09.43:583][  0]LogDerivedDataCache: Saved boot cache 0.06s 81MB C:/Users/mandy/AppData/Local/UnrealEngine/4.25/DerivedDataCache/Boot.ddc.
[2021.01.18-12.09.43:591][  0]LogInit: Texture streaming: Enabled
[2021.01.18-12.09.43:647][  0]LogEngineSessionManager: EngineSessionManager initialized
[2021.01.18-12.09.43:647][  0]LogEditorSessionSummary: Verbose: Initializing EditorSessionSummaryWriter for editor session tracking
[2021.01.18-12.09.43:648][  0]LogEditorSessionSummary: EditorSessionSummaryWriter initialized
[2021.01.18-12.09.43:677][  0]LogLiveCoding: Display: Starting LiveCoding
[2021.01.18-12.09.43:678][  0]LogLiveCoding: Display: LiveCodingConsole Arguments: ThreeDMathEditor Win64 Development
[2021.01.18-12.09.44:610][  0]LogLiveCoding: Display: First instance in process group "UE4_ThreeDMath_0x47d4e02a", spawning console
[2021.01.18-12.09.44:610][  0]LogLiveCoding: Display: Waiting for server
[2021.01.18-12.09.44:610][  0]LogLiveCoding: Display: Successfully initialized, removing startup thread
[2021.01.18-12.09.44:630][  0]LogInit: Transaction tracking system initialized
[2021.01.18-12.09.44:721][  0]BlueprintLog: New page: Editor Load
[2021.01.18-12.09.45:036][  0]LocalizationService: Localization service is disabled
[2021.01.18-12.09.45:377][  0]LogCook: Display: Max memory allowance for cook 16384mb min free memory 0mb
[2021.01.18-12.09.45:378][  0]LogCook: Display: Mobile HDR setting 1
[2021.01.18-12.09.45:725][  0]LogFileCache: Scanning file cache for directory 'C:/Users/mandy/source/repos/Unreal/ThreeDMath/ThreeDMath/Content/' took 0.00s
[2021.01.18-12.09.46:080][  0]SourceControl: Source control is disabled
[2021.01.18-12.09.46:080][  0]LogUnrealEdMisc: Loading editor; pre map load, took 11.423
[2021.01.18-12.09.46:080][  0]Cmd: MAP LOAD FILE="../../../../../../Users/mandy/source/repos/Unreal/ThreeDMath/ThreeDMath/Content/Levels/TestMap.umap" TEMPLATE=0 SHOWPROGRESS=1 FEATURELEVEL=3
[2021.01.18-12.09.46:080][  0]LightingResults: New page: Lighting Build
[2021.01.18-12.09.46:081][  0]LogWorld: UWorld::CleanupWorld for Untitled, bSessionEnded=true, bCleanupResources=true
[2021.01.18-12.09.46:081][  0]LogSlate: InvalidateAllWidgets triggered.  All widgets were invalidated
[2021.01.18-12.09.46:081][  0]MapCheck: New page: Map Check
[2021.01.18-12.09.46:081][  0]LightingResults: New page: Lighting Build
[2021.01.18-12.09.46:099][  0]LogAISub: UAISubsystem::~UAISubsystem EnvQueryManager (0000011D53C75E00), frame # 0
[2021.01.18-12.09.46:100][  0]LogAISub: UAISubsystem::~UAISubsystem AIPerceptionSystem (0000011D53C9EE80), frame # 0
[2021.01.18-12.09.46:100][  0]LogUObjectHash: Compacting FUObjectHashTables data took   0.55ms
[2021.01.18-12.09.46:190][  0]LogAIModule: Creating AISystem for world TestMap
[2021.01.18-12.09.46:190][  0]LogAISub: UAISubsystem::UAISubsystem EnvQueryManager (0000011D3E281C00), frame # 0
[2021.01.18-12.09.46:190][  0]LogAISub: UAISubsystem::UAISubsystem AIPerceptionSystem (0000011D4C34AC00), frame # 0
[2021.01.18-12.09.46:207][  0]LogEditorServer: Finished looking for orphan Actors (0.000 secs)
[2021.01.18-12.09.46:225][  0]LogUObjectHash: Compacting FUObjectHashTables data took   0.74ms
[2021.01.18-12.09.46:225][  0]Cmd: MAP CHECKDEP NOCLEARLOG
[2021.01.18-12.09.46:226][  0]MapCheck: Map check complete: 0 Error(s), 0 Warning(s), took 0.281ms to complete.
[2021.01.18-12.09.46:226][  0]LogFileHelpers: Loading map 'TestMap' took 0.146
[2021.01.18-12.09.46:228][  0]LogUnrealEdMisc: Total Editor Startup Time, took 11.572
[2021.01.18-12.09.46:353][  0]LogSlate: Updating window title bar state: overlay mode, drag disabled, window buttons hidden, title bar hidden
[2021.01.18-12.09.46:359][  0]LogSlate: Updating window title bar state: overlay mode, drag disabled, window buttons hidden, title bar hidden
[2021.01.18-12.09.46:364][  0]LogSlate: Updating window title bar state: overlay mode, drag disabled, window buttons hidden, title bar hidden
[2021.01.18-12.09.46:369][  0]LogSlate: Updating window title bar state: overlay mode, drag disabled, window buttons hidden, title bar hidden
[2021.01.18-12.09.46:384][  0]LogCollectionManager: Loaded 0 collections in 0.001616 seconds
[2021.01.18-12.09.46:403][  0]LogFileCache: Scanning file cache for directory 'C:/Users/mandy/source/repos/Unreal/ThreeDMath/ThreeDMath/Saved/Collections/' took 0.00s
[2021.01.18-12.09.46:403][  0]LogFileCache: Scanning file cache for directory 'C:/Users/mandy/source/repos/Unreal/ThreeDMath/ThreeDMath/Content/Developers/mandy/Collections/' took 0.00s
[2021.01.18-12.09.46:403][  0]LogFileCache: Scanning file cache for directory 'C:/Users/mandy/source/repos/Unreal/ThreeDMath/ThreeDMath/Content/Collections/' took 0.00s
[2021.01.18-12.09.46:403][  0]LogContentBrowser: Native class hierarchy populated in 0.0068 seconds. Added 3431 classes and 823 folders.
[2021.01.18-12.09.46:405][  0]LogContentBrowser: Native class hierarchy updated for 'WidgetCarousel' in 0.0003 seconds. Added 0 classes and 0 folders.
[2021.01.18-12.09.46:440][  0]LogContentBrowser: Native class hierarchy updated for 'AddContentDialog' in 0.0003 seconds. Added 0 classes and 0 folders.
[2021.01.18-12.09.46:444][  0]LogContentBrowser: Native class hierarchy updated for 'SceneOutliner' in 0.0003 seconds. Added 2 classes and 0 folders.
[2021.01.18-12.09.46:533][  0]LogSlate: Took 0.000135 seconds to synchronously load lazily loaded font '../../../Engine/Content/Slate/Fonts/Roboto-Regular.ttf' (155K)
[2021.01.18-12.09.46:535][  0]LogSlate: Took 0.000130 seconds to synchronously load lazily loaded font '../../../Engine/Content/Slate/Fonts/Roboto-Bold.ttf' (160K)
[2021.01.18-12.09.46:538][  0]LogSlate: Took 0.000117 seconds to synchronously load lazily loaded font '../../../Engine/Content/Editor/Slate/Fonts/FontAwesome.ttf' (139K)
[2021.01.18-12.09.46:587][  0]LogRenderer: Reallocating scene render targets to support 1208x612 Format 10 NumSamples 1 (Frame:1).
[2021.01.18-12.09.46:707][  0]LogContentBrowser: Native class hierarchy updated for 'HierarchicalLODOutliner' in 0.0003 seconds. Added 0 classes and 0 folders.
[2021.01.18-12.09.46:707][  0]LogLoad: (Engine Initialization) Total time: 12.05 seconds
[2021.01.18-12.09.46:707][  0]LogLoad: (Engine Initialization) Total Blueprint compile time: 0.00 seconds
[2021.01.18-12.09.46:741][  0]LogAssetRegistry: Asset discovery search completed in 7.4876 seconds
[2021.01.18-12.09.46:745][  0]LogCollectionManager: Fixed up redirectors for 0 collections in 0.000002 seconds (updated 0 objects)
[2021.01.18-12.09.46:747][  0]LogContentStreaming: Texture pool size now 1000 MB
[2021.01.18-12.09.46:774][  0]LogSlate: Took 0.000124 seconds to synchronously load lazily loaded font '../../../Engine/Content/Slate/Fonts/Roboto-Light.ttf' (167K)
[2021.01.18-12.09.50:015][355]LogSlate: Took 0.000110 seconds to synchronously load lazily loaded font '../../../Engine/Content/Slate/Fonts/Roboto-Light.ttf' (167K)
[2021.01.18-12.09.50:049][355]LogAssetEditorSubsystem: Opening Asset editor for World /Game/ThirdPersonCPP/Maps/ThirdPersonExampleMap.ThirdPersonExampleMap
[2021.01.18-12.09.50:061][355]LogUObjectHash: Compacting FUObjectHashTables data took   0.67ms
[2021.01.18-12.09.50:062][355]Cmd: MAP LOAD FILE="../../../../../../Users/mandy/source/repos/Unreal/ThreeDMath/ThreeDMath/Content/ThirdPersonCPP/Maps/ThirdPersonExampleMap.umap" TEMPLATE=0 SHOWPROGRESS=1 FEATURELEVEL=3
[2021.01.18-12.09.50:062][355]LightingResults: New page: Lighting Build
[2021.01.18-12.09.50:062][355]LoadErrors: New page: Loading map: ThirdPersonExampleMap.umap
[2021.01.18-12.09.50:064][355]LogWorld: UWorld::CleanupWorld for TestMap, bSessionEnded=true, bCleanupResources=true
[2021.01.18-12.09.50:064][355]LogSlate: InvalidateAllWidgets triggered.  All widgets were invalidated
[2021.01.18-12.09.50:064][355]MapCheck: New page: Map Check
[2021.01.18-12.09.50:064][355]LightingResults: New page: Lighting Build
[2021.01.18-12.09.50:075][355]LogAISub: UAISubsystem::~UAISubsystem EnvQueryManager (0000011D3E281C00), frame # 355
[2021.01.18-12.09.50:075][355]LogAISub: UAISubsystem::~UAISubsystem AIPerceptionSystem (0000011D4C34AC00), frame # 355
[2021.01.18-12.09.50:076][355]LogUObjectHash: Compacting FUObjectHashTables data took   0.61ms
[2021.01.18-12.09.50:158][355]LogEditorServer: Finished looking for orphan Actors (0.000 secs)
[2021.01.18-12.09.50:158][355]LogAIModule: Creating AISystem for world ThirdPersonExampleMap
[2021.01.18-12.09.50:158][355]LogAISub: UAISubsystem::UAISubsystem EnvQueryManager (0000011D7F61D400), frame # 355
[2021.01.18-12.09.50:159][355]LogAISub: UAISubsystem::UAISubsystem AIPerceptionSystem (0000011D78823D80), frame # 355
[2021.01.18-12.09.50:170][355]LogUObjectHash: Compacting FUObjectHashTables data took   0.55ms
[2021.01.18-12.09.50:184][355]Cmd: MAP CHECKDEP NOCLEARLOG
[2021.01.18-12.09.50:184][355]MapCheck: Map check complete: 0 Error(s), 0 Warning(s), took 0.176ms to complete.
[2021.01.18-12.09.50:184][355]LogFileHelpers: Loading map 'ThirdPersonExampleMap' took 0.122
[2021.01.18-12.09.52:121][574]LogTemp: Repeating last play command: Selected Viewport
[2021.01.18-12.09.52:130][574]LogPlayLevel: PlayLevel: No blueprints needed recompiling
[2021.01.18-12.09.52:130][574]PIE: New page: PIE session: ThirdPersonExampleMap (Jan 18, 2021, 2:09:52 PM)
[2021.01.18-12.09.52:132][574]LogOnline: OSS: Creating online subsystem instance for: NULL
[2021.01.18-12.09.52:135][574]LogOnline: OSS: TryLoadSubsystemAndSetDefault: Loaded subsystem for module [NULL]
[2021.01.18-12.09.52:135][574]LogPlayLevel: Creating play world package: /Game/ThirdPersonCPP/Maps/UEDPIE_0_ThirdPersonExampleMap
[2021.01.18-12.09.52:149][574]LogPlayLevel: PIE: StaticDuplicateObject took: (0.013916s)
[2021.01.18-12.09.52:151][574]LogAIModule: Creating AISystem for world ThirdPersonExampleMap
[2021.01.18-12.09.52:151][574]LogAISub: UAISubsystem::UAISubsystem EnvQueryManager (0000011D68EA5A00), frame # 574
[2021.01.18-12.09.52:151][574]LogAISub: UAISubsystem::UAISubsystem AIPerceptionSystem (0000011D78820A40), frame # 574
[2021.01.18-12.09.52:152][574]LogPlayLevel: PIE: World Init took: (0.002205s)
[2021.01.18-12.09.52:152][574]LogPlayLevel: PIE: Created PIE world by copying editor world from /Game/ThirdPersonCPP/Maps/ThirdPersonExampleMap.ThirdPersonExampleMap to /Game/ThirdPersonCPP/Maps/UEDPIE_0_ThirdPersonExampleMap.ThirdPersonExampleMap (0.016801s)
[2021.01.18-12.09.52:162][574]LogUObjectHash: Compacting FUObjectHashTables data took   1.01ms
[2021.01.18-12.09.52:165][574]LogAudioMixer: Display: Audio Mixer Platform Settings:
[2021.01.18-12.09.52:165][574]LogAudioMixer: Display: 	Sample Rate:						  48000
[2021.01.18-12.09.52:165][574]LogAudioMixer: Display: 	Callback Buffer Frame Size Requested: 1024
[2021.01.18-12.09.52:165][574]LogAudioMixer: Display: 	Callback Buffer Frame Size To Use:	  1024
[2021.01.18-12.09.52:165][574]LogAudioMixer: Display: 	Number of buffers to queue:			  2
[2021.01.18-12.09.52:165][574]LogAudioMixer: Display: 	Max Channels (voices):				  32
[2021.01.18-12.09.52:165][574]LogAudioMixer: Display: 	Number of Async Source Workers:		  0
[2021.01.18-12.09.52:166][574]LogAudio: Display: AudioDevice MaxSources: 32
[2021.01.18-12.09.52:166][574]LogAudio: Display: Using built-in audio occlusion.
[2021.01.18-12.09.52:166][574]LogAudioMixer: Display: Initializing audio mixer.
[2021.01.18-12.09.52:170][574]LogAudioMixer: Display: 0: FrontLeft
[2021.01.18-12.09.52:170][574]LogAudioMixer: Display: 1: FrontRight
[2021.01.18-12.09.52:194][574]LogAudioMixer: Display: Using Audio Device Speakers (Logitech Wireless Headset)
[2021.01.18-12.09.52:194][574]LogAudioMixer: Display: Initializing Sound Submixes...
[2021.01.18-12.09.52:194][574]LogAudioMixer: Display: Creating Master Submix 'MasterSubmixDefault'
[2021.01.18-12.09.52:194][574]LogAudioMixer: Display: Creating Master Submix 'MasterReverbSubmixDefault'
[2021.01.18-12.09.52:195][574]LogAudioMixer: Display: Creating Master Submix 'MasterEQSubmixDefault'
[2021.01.18-12.09.52:205][574]LogInit: FAudioDevice initialized.
[2021.01.18-12.09.52:213][574]LogLoad: Game class is 'ThreeDMathGameMode'
[2021.01.18-12.09.52:216][574]LogWorld: Bringing World /Game/ThirdPersonCPP/Maps/UEDPIE_0_ThirdPersonExampleMap.ThirdPersonExampleMap up for play (max tick rate 0) at 2021.01.18-13.09.52
[2021.01.18-12.09.52:217][574]LogWorld: Bringing up level for play took: 0.001854
[2021.01.18-12.09.52:217][574]LogOnline: OSS: Creating online subsystem instance for: :Context_1
[2021.01.18-12.09.52:222][574]LogContentBrowser: Native class hierarchy updated for 'MovieSceneCapture' in 0.0003 seconds. Added 20 classes and 0 folders.
[2021.01.18-12.09.52:222][574]PIE: Server logged in
[2021.01.18-12.09.52:223][574]PIE: Play in editor total start time 0.094 seconds.
[2021.01.18-12.10.20:238][850]LogSlate: Updating window title bar state: overlay mode, drag disabled, window buttons hidden, title bar hidden
[2021.01.18-12.10.20:238][850]LogWorld: BeginTearingDown for /Game/ThirdPersonCPP/Maps/UEDPIE_0_ThirdPersonExampleMap
[2021.01.18-12.10.20:238][850]LogWorld: UWorld::CleanupWorld for ThirdPersonExampleMap, bSessionEnded=true, bCleanupResources=true
[2021.01.18-12.10.20:239][850]LogSlate: InvalidateAllWidgets triggered.  All widgets were invalidated
[2021.01.18-12.10.20:254][850]LogPlayLevel: Display: Shutting down PIE online subsystems
[2021.01.18-12.10.20:256][850]LogSlate: InvalidateAllWidgets triggered.  All widgets were invalidated
[2021.01.18-12.10.20:266][850]LogSlate: Updating window title bar state: overlay mode, drag disabled, window buttons hidden, title bar hidden
[2021.01.18-12.10.20:294][850]LogAISub: UAISubsystem::~UAISubsystem AIPerceptionSystem (0000011D78820A40), frame # 3850
[2021.01.18-12.10.20:294][850]LogAISub: UAISubsystem::~UAISubsystem EnvQueryManager (0000011D68EA5A00), frame # 3850
[2021.01.18-12.10.20:295][850]LogUObjectHash: Compacting FUObjectHashTables data took   0.49ms
[2021.01.18-12.10.20:320][851]LogPlayLevel: Display: Destroying online subsystem :Context_1
[2021.01.18-12.12.04:938][942]LogAssetEditorSubsystem: Opening Asset editor for Blueprint /Game/ThirdPersonCPP/Blueprints/ThirdPersonCharacter.ThirdPersonCharacter
[2021.01.18-12.12.05:109][942]LogContentBrowser: Native class hierarchy updated for 'BlueprintGraph' in 0.0006 seconds. Added 125 classes and 0 folders.
[2021.01.18-12.12.07:501][108]LogWorld: UWorld::CleanupWorld for World_1, bSessionEnded=true, bCleanupResources=true
[2021.01.18-12.12.07:501][108]LogSlate: InvalidateAllWidgets triggered.  All widgets were invalidated
[2021.01.18-12.12.07:547][108]LogAssetEditorSubsystem: Opening Asset editor for Blueprint /Game/ThirdPersonCPP/Blueprints/ThirdPersonCharacter.ThirdPersonCharacter
[2021.01.18-12.12.07:821][108]LogSlate: Took 0.002132 seconds to synchronously load lazily loaded font '../../../Engine/Content/Slate/Fonts/Roboto-BoldCondensed.ttf' (158K)
[2021.01.18-12.12.08:083][126]LogSlate: Took 0.001523 seconds to synchronously load lazily loaded font '../../../Engine/Content/Slate/Fonts/Roboto-Italic.ttf' (157K)
[2021.01.18-12.12.23:612][909]LogSlate: Took 0.002022 seconds to synchronously load lazily loaded font '../../../Engine/Content/Slate/Fonts/Roboto-BoldCondensedItalic.ttf' (160K)
[2021.01.18-12.12.45:714][483]BlueprintLog: New page: Compile ThirdPersonCharacter
[2021.01.18-12.12.45:765][483]LogUObjectHash: Compacting FUObjectHashTables data took   2.76ms
[2021.01.18-12.12.45:852][483]LogSavePackage: Moving '../../../../../../Users/mandy/source/repos/Unreal/ThreeDMath/ThreeDMath/Saved/ThirdPersonCharacter80AE03B1419FEB375949D79C337C506D.tmp' to '../../../../../../Users/mandy/source/repos/Unreal/ThreeDMath/ThreeDMath/Content/ThirdPersonCPP/Blueprints/ThirdPersonCharacter.uasset'
[2021.01.18-12.12.45:868][483]AssetCheck: New page: Asset Save: ThirdPersonCharacter
[2021.01.18-12.12.45:868][483]LogContentValidation: Display: Validating Blueprint /Game/ThirdPersonCPP/Blueprints/ThirdPersonCharacter.ThirdPersonCharacter
[2021.01.18-12.12.45:891][483]LogSlate: Took 0.000126 seconds to synchronously load lazily loaded font '../../../Engine/Content/Slate/Fonts/DroidSansMono.ttf' (77K)
[2021.01.18-12.13.11:464][282]LogRenderer: Reallocating scene render targets to support 1208x708 Format 10 NumSamples 1 (Frame:1).
[2021.01.18-12.13.46:557][148]BlueprintLog: New page: Compile ThirdPersonCharacter
[2021.01.18-12.13.46:590][148]LogUObjectHash: Compacting FUObjectHashTables data took   1.48ms
[2021.01.18-12.13.46:646][148]LogSavePackage: Moving '../../../../../../Users/mandy/source/repos/Unreal/ThreeDMath/ThreeDMath/Saved/ThirdPersonCharacterB9AA29784F5DC83F0D90FC88FE7211F7.tmp' to '../../../../../../Users/mandy/source/repos/Unreal/ThreeDMath/ThreeDMath/Content/ThirdPersonCPP/Blueprints/ThirdPersonCharacter.uasset'
[2021.01.18-12.13.46:659][148]AssetCheck: New page: Asset Save: ThirdPersonCharacter
[2021.01.18-12.13.46:659][148]LogContentValidation: Display: Validating Blueprint /Game/ThirdPersonCPP/Blueprints/ThirdPersonCharacter.ThirdPersonCharacter
[2021.01.18-12.15.07:358][ 88]LogSlate: Window 'Pick Parent Class' being destroyed
[2021.01.18-12.15.16:311][ 88]LogAssetEditorSubsystem: Opening Asset editor for Blueprint /Game/Blueprints/BP_TurnetForGames.BP_TurnetForGames
[2021.01.18-12.15.18:597][314]LogSlate: Prevented a slow task dialog from being summoned while a context menu was open
[2021.01.18-12.15.25:394][105]BlueprintLog: New page: Compile BP_TurnetForGames
[2021.01.18-12.15.25:435][105]LogUObjectHash: Compacting FUObjectHashTables data took   2.72ms
[2021.01.18-12.15.25:457][105]Cmd: OBJ SAVEPACKAGE PACKAGE="/Game/Blueprints/BP_TurnetForGames" FILE="../../../../../../Users/mandy/source/repos/Unreal/ThreeDMath/ThreeDMath/Content/Blueprints/BP_TurnetForGames.uasset" SILENT=true
[2021.01.18-12.15.25:469][105]LogSavePackage: Moving '../../../../../../Users/mandy/source/repos/Unreal/ThreeDMath/ThreeDMath/Saved/BP_TurnetForGamesE6A0B3814212B05F65F104ABACDDD3CE.tmp' to '../../../../../../Users/mandy/source/repos/Unreal/ThreeDMath/ThreeDMath/Content/Blueprints/BP_TurnetForGames.uasset'
[2021.01.18-12.15.25:479][105]AssetCheck: New page: Asset Save: BP_TurnetForGames
[2021.01.18-12.15.25:479][105]LogContentValidation: Display: Validating Blueprint /Game/Blueprints/BP_TurnetForGames.BP_TurnetForGames
[2021.01.18-12.15.35:583][258]LogTemp: Repeating last play command: Selected Viewport
[2021.01.18-12.15.35:594][258]LogPlayLevel: PlayLevel: No blueprints needed recompiling
[2021.01.18-12.15.35:595][258]PIE: New page: PIE session: ThirdPersonExampleMap (Jan 18, 2021, 2:15:35 PM)
[2021.01.18-12.15.35:617][258]LogPlayLevel: Creating play world package: /Game/ThirdPersonCPP/Maps/UEDPIE_0_ThirdPersonExampleMap
[2021.01.18-12.15.35:632][258]LogPlayLevel: PIE: StaticDuplicateObject took: (0.014607s)
[2021.01.18-12.15.35:634][258]LogAIModule: Creating AISystem for world ThirdPersonExampleMap
[2021.01.18-12.15.35:634][258]LogAISub: UAISubsystem::UAISubsystem EnvQueryManager (0000011DAAF6E600), frame # 26258
[2021.01.18-12.15.35:634][258]LogAISub: UAISubsystem::UAISubsystem AIPerceptionSystem (0000011D4C349080), frame # 26258
[2021.01.18-12.15.35:634][258]LogPlayLevel: PIE: World Init took: (0.001746s)
[2021.01.18-12.15.35:635][258]LogPlayLevel: PIE: Created PIE world by copying editor world from /Game/ThirdPersonCPP/Maps/ThirdPersonExampleMap.ThirdPersonExampleMap to /Game/ThirdPersonCPP/Maps/UEDPIE_0_ThirdPersonExampleMap.ThirdPersonExampleMap (0.017214s)
[2021.01.18-12.15.35:659][258]LogUObjectHash: Compacting FUObjectHashTables data took   1.74ms
[2021.01.18-12.15.35:662][258]LogAudioMixer: Display: Audio Mixer Platform Settings:
[2021.01.18-12.15.35:663][258]LogAudioMixer: Display: 	Sample Rate:						  48000
[2021.01.18-12.15.35:663][258]LogAudioMixer: Display: 	Callback Buffer Frame Size Requested: 1024
[2021.01.18-12.15.35:663][258]LogAudioMixer: Display: 	Callback Buffer Frame Size To Use:	  1024
[2021.01.18-12.15.35:663][258]LogAudioMixer: Display: 	Number of buffers to queue:			  2
[2021.01.18-12.15.35:663][258]LogAudioMixer: Display: 	Max Channels (voices):				  32
[2021.01.18-12.15.35:663][258]LogAudioMixer: Display: 	Number of Async Source Workers:		  0
[2021.01.18-12.15.35:663][258]LogAudio: Display: AudioDevice MaxSources: 32
[2021.01.18-12.15.35:664][258]LogAudio: Display: Using built-in audio occlusion.
[2021.01.18-12.15.35:664][258]LogAudioMixer: Display: Initializing audio mixer.
[2021.01.18-12.15.35:667][258]LogAudioMixer: Display: 0: FrontLeft
[2021.01.18-12.15.35:667][258]LogAudioMixer: Display: 1: FrontRight
[2021.01.18-12.15.35:694][258]LogAudioMixer: Display: Using Audio Device Speakers (Logitech Wireless Headset)
[2021.01.18-12.15.35:695][258]LogAudioMixer: Display: Initializing Sound Submixes...
[2021.01.18-12.15.35:695][258]LogAudioMixer: Display: Creating Master Submix 'MasterSubmixDefault'
[2021.01.18-12.15.35:695][258]LogAudioMixer: Display: Creating Master Submix 'MasterReverbSubmixDefault'
[2021.01.18-12.15.35:695][258]LogAudioMixer: Display: Creating Master Submix 'MasterEQSubmixDefault'
[2021.01.18-12.15.35:706][258]LogInit: FAudioDevice initialized.
[2021.01.18-12.15.35:721][258]LogLoad: Game class is 'ThreeDMathGameMode'
[2021.01.18-12.15.35:723][258]LogWorld: Bringing World /Game/ThirdPersonCPP/Maps/UEDPIE_0_ThirdPersonExampleMap.ThirdPersonExampleMap up for play (max tick rate 0) at 2021.01.18-13.15.35
[2021.01.18-12.15.35:724][258]LogWorld: Bringing up level for play took: 0.001823
[2021.01.18-12.15.35:724][258]LogOnline: OSS: Creating online subsystem instance for: :Context_8
[2021.01.18-12.15.35:728][258]PIE: Server logged in
[2021.01.18-12.15.35:729][258]PIE: Play in editor total start time 0.136 seconds.
[2021.01.18-12.16.14:966][631]LogSlate: Updating window title bar state: overlay mode, drag disabled, window buttons hidden, title bar hidden
[2021.01.18-12.16.14:966][631]LogWorld: BeginTearingDown for /Game/ThirdPersonCPP/Maps/UEDPIE_0_ThirdPersonExampleMap
[2021.01.18-12.16.14:967][631]LogWorld: UWorld::CleanupWorld for ThirdPersonExampleMap, bSessionEnded=true, bCleanupResources=true
[2021.01.18-12.16.14:967][631]LogSlate: InvalidateAllWidgets triggered.  All widgets were invalidated
[2021.01.18-12.16.14:981][631]LogPlayLevel: Display: Shutting down PIE online subsystems
[2021.01.18-12.16.14:983][631]LogSlate: InvalidateAllWidgets triggered.  All widgets were invalidated
[2021.01.18-12.16.15:033][631]LogSlate: Updating window title bar state: overlay mode, drag disabled, window buttons hidden, title bar hidden
[2021.01.18-12.16.15:034][631]LogAISub: UAISubsystem::~UAISubsystem AIPerceptionSystem (0000011D4C349080), frame # 30631
[2021.01.18-12.16.15:034][631]LogAISub: UAISubsystem::~UAISubsystem EnvQueryManager (0000011DAAF6E600), frame # 30631
[2021.01.18-12.16.15:036][631]LogUObjectHash: Compacting FUObjectHashTables data took   1.65ms
[2021.01.18-12.16.15:065][632]LogPlayLevel: Display: Destroying online subsystem :Context_8
[2021.01.18-12.19.05:672][690]LogTemp: Repeating last play command: Selected Viewport
[2021.01.18-12.19.05:683][690]BlueprintLog: New page: Pre-Play auto-recompile
[2021.01.18-12.19.05:684][690]LogPlayLevel: [PlayLevel] Compiling BP_TurnetForGames before play...
[2021.01.18-12.19.05:722][690]Cmd: OBJ SAVEPACKAGE PACKAGE="/Game/Blueprints/BP_TurnetForGames" FILE="../../../../../../Users/mandy/source/repos/Unreal/ThreeDMath/ThreeDMath/Content/Blueprints/BP_TurnetForGames.uasset" SILENT=true
[2021.01.18-12.19.05:733][690]LogSavePackage: Moving '../../../../../../Users/mandy/source/repos/Unreal/ThreeDMath/ThreeDMath/Saved/BP_TurnetForGames951909DB434DCED9FD330F992BE513B7.tmp' to '../../../../../../Users/mandy/source/repos/Unreal/ThreeDMath/ThreeDMath/Content/Blueprints/BP_TurnetForGames.uasset'
[2021.01.18-12.19.05:767][690]LogUObjectHash: Compacting FUObjectHashTables data took   3.42ms
[2021.01.18-12.19.05:769][690]LogPlayLevel: PlayLevel: Blueprint regeneration took 86 ms (1 blueprints)
[2021.01.18-12.19.05:769][690]PIE: New page: PIE session: ThirdPersonExampleMap (Jan 18, 2021, 2:19:05 PM)
[2021.01.18-12.19.05:816][690]LogPlayLevel: Creating play world package: /Game/ThirdPersonCPP/Maps/UEDPIE_0_ThirdPersonExampleMap
[2021.01.18-12.19.05:829][690]LogPlayLevel: PIE: StaticDuplicateObject took: (0.012402s)
[2021.01.18-12.19.05:830][690]LogAIModule: Creating AISystem for world ThirdPersonExampleMap
[2021.01.18-12.19.05:831][690]LogAISub: UAISubsystem::UAISubsystem EnvQueryManager (0000011DAAF6D200), frame # 36690
[2021.01.18-12.19.05:831][690]LogAISub: UAISubsystem::UAISubsystem AIPerceptionSystem (0000011D72387EC0), frame # 36690
[2021.01.18-12.19.05:832][690]LogPlayLevel: PIE: World Init took: (0.002799s)
[2021.01.18-12.19.05:832][690]LogPlayLevel: PIE: Created PIE world by copying editor world from /Game/ThirdPersonCPP/Maps/ThirdPersonExampleMap.ThirdPersonExampleMap to /Game/ThirdPersonCPP/Maps/UEDPIE_0_ThirdPersonExampleMap.ThirdPersonExampleMap (0.016104s)
[2021.01.18-12.19.05:858][690]LogUObjectHash: Compacting FUObjectHashTables data took   1.14ms
[2021.01.18-12.19.05:860][690]LogAudioMixer: Display: Audio Mixer Platform Settings:
[2021.01.18-12.19.05:861][690]LogAudioMixer: Display: 	Sample Rate:						  48000
[2021.01.18-12.19.05:861][690]LogAudioMixer: Display: 	Callback Buffer Frame Size Requested: 1024
[2021.01.18-12.19.05:861][690]LogAudioMixer: Display: 	Callback Buffer Frame Size To Use:	  1024
[2021.01.18-12.19.05:861][690]LogAudioMixer: Display: 	Number of buffers to queue:			  2
[2021.01.18-12.19.05:861][690]LogAudioMixer: Display: 	Max Channels (voices):				  32
[2021.01.18-12.19.05:861][690]LogAudioMixer: Display: 	Number of Async Source Workers:		  0
[2021.01.18-12.19.05:861][690]LogAudio: Display: AudioDevice MaxSources: 32
[2021.01.18-12.19.05:862][690]LogAudio: Display: Using built-in audio occlusion.
[2021.01.18-12.19.05:862][690]LogAudioMixer: Display: Initializing audio mixer.
[2021.01.18-12.19.05:866][690]LogAudioMixer: Display: 0: FrontLeft
[2021.01.18-12.19.05:866][690]LogAudioMixer: Display: 1: FrontRight
[2021.01.18-12.19.05:893][690]LogAudioMixer: Display: Using Audio Device Speakers (Logitech Wireless Headset)
[2021.01.18-12.19.05:893][690]LogAudioMixer: Display: Initializing Sound Submixes...
[2021.01.18-12.19.05:893][690]LogAudioMixer: Display: Creating Master Submix 'MasterSubmixDefault'
[2021.01.18-12.19.05:893][690]LogAudioMixer: Display: Creating Master Submix 'MasterReverbSubmixDefault'
[2021.01.18-12.19.05:894][690]LogAudioMixer: Display: Creating Master Submix 'MasterEQSubmixDefault'
[2021.01.18-12.19.05:906][690]LogInit: FAudioDevice initialized.
[2021.01.18-12.19.05:921][690]LogLoad: Game class is 'ThreeDMathGameMode'
[2021.01.18-12.19.05:923][690]LogWorld: Bringing World /Game/ThirdPersonCPP/Maps/UEDPIE_0_ThirdPersonExampleMap.ThirdPersonExampleMap up for play (max tick rate 0) at 2021.01.18-13.19.05
[2021.01.18-12.19.05:923][690]LogWorld: Bringing up level for play took: 0.001063
[2021.01.18-12.19.05:923][690]LogOnline: OSS: Creating online subsystem instance for: :Context_9
[2021.01.18-12.19.05:925][690]PIE: Server logged in
[2021.01.18-12.19.05:926][690]PIE: Play in editor total start time 0.245 seconds.
[2021.01.18-12.19.05:950][691]AssetCheck: New page: Asset Save: BP_TurnetForGames
[2021.01.18-12.19.05:950][691]LogContentValidation: Display: Validating Blueprint /Game/Blueprints/BP_TurnetForGames.BP_TurnetForGames
[2021.01.18-12.19.15:486][739]LogSlate: Updating window title bar state: overlay mode, drag disabled, window buttons hidden, title bar hidden
[2021.01.18-12.19.15:486][739]LogWorld: BeginTearingDown for /Game/ThirdPersonCPP/Maps/UEDPIE_0_ThirdPersonExampleMap
[2021.01.18-12.19.15:486][739]LogWorld: UWorld::CleanupWorld for ThirdPersonExampleMap, bSessionEnded=true, bCleanupResources=true
[2021.01.18-12.19.15:486][739]LogSlate: InvalidateAllWidgets triggered.  All widgets were invalidated
[2021.01.18-12.19.15:501][739]LogPlayLevel: Display: Shutting down PIE online subsystems
[2021.01.18-12.19.15:503][739]LogSlate: InvalidateAllWidgets triggered.  All widgets were invalidated
[2021.01.18-12.19.15:524][739]LogSlate: Updating window title bar state: overlay mode, drag disabled, window buttons hidden, title bar hidden
[2021.01.18-12.19.15:574][739]LogAISub: UAISubsystem::~UAISubsystem AIPerceptionSystem (0000011D72387EC0), frame # 37739
[2021.01.18-12.19.15:574][739]LogAISub: UAISubsystem::~UAISubsystem EnvQueryManager (0000011DAAF6D200), frame # 37739
[2021.01.18-12.19.15:575][739]LogUObjectHash: Compacting FUObjectHashTables data took   1.32ms
[2021.01.18-12.19.15:609][740]LogPlayLevel: Display: Destroying online subsystem :Context_9
[2021.01.18-12.21.07:457][360]LogUObjectHash: Compacting FUObjectHashTables data took   5.24ms
[2021.01.18-12.21.07:496][360]LogSavePackage: Moving '../../../../../../Users/mandy/source/repos/Unreal/ThreeDMath/ThreeDMath/Saved/ThirdPersonExampleMap_Auto1BF13F63447E4F9AC1A55129D54EDAF4D.tmp' to '../../../../../../Users/mandy/source/repos/Unreal/ThreeDMath/ThreeDMath/Saved/Autosaves/Game/ThirdPersonCPP/Maps/ThirdPersonExampleMap_Auto1.umap'
[2021.01.18-12.21.07:497][360]LogFileHelpers: Editor autosave (incl. sublevels) for '/Game/ThirdPersonCPP/Maps/ThirdPersonExampleMap' took 0.069
[2021.01.18-12.21.07:497][360]LogFileHelpers: Editor autosave (incl. sublevels) for all levels took 0.069
[2021.01.18-12.21.07:498][360]OBJ SavePackage: Generating thumbnails for [0] asset(s) in package [/Game/Blueprints/BP_Ball] ([1] browsable assets)...
[2021.01.18-12.21.07:498][360]OBJ SavePackage: Finished generating thumbnails for package [/Game/Blueprints/BP_Ball]
[2021.01.18-12.21.07:502][360]LogSavePackage: Moving '../../../../../../Users/mandy/source/repos/Unreal/ThreeDMath/ThreeDMath/Saved/BP_Ball_Auto13A87F9384F69B7B208D0D49F126BC405.tmp' to '../../../../../../Users/mandy/source/repos/Unreal/ThreeDMath/ThreeDMath/Saved/Autosaves/Game/Blueprints/BP_Ball_Auto1.uasset'
[2021.01.18-12.21.07:503][360]LogFileHelpers: Auto-saving content packages took 0.005
[2021.01.18-12.22.10:475][355]LogTemp: Repeating last play command: Selected Viewport
[2021.01.18-12.22.10:484][355]LogPlayLevel: PlayLevel: No blueprints needed recompiling
[2021.01.18-12.22.10:484][355]PIE: New page: PIE session: ThirdPersonExampleMap (Jan 18, 2021, 2:22:10 PM)
[2021.01.18-12.22.10:515][355]LogPlayLevel: Creating play world package: /Game/ThirdPersonCPP/Maps/UEDPIE_0_ThirdPersonExampleMap
[2021.01.18-12.22.10:525][355]LogPlayLevel: PIE: StaticDuplicateObject took: (0.009821s)
[2021.01.18-12.22.10:527][355]LogAIModule: Creating AISystem for world ThirdPersonExampleMap
[2021.01.18-12.22.10:527][355]LogAISub: UAISubsystem::UAISubsystem EnvQueryManager (0000011D941FD200), frame # 40355
[2021.01.18-12.22.10:527][355]LogAISub: UAISubsystem::UAISubsystem AIPerceptionSystem (0000011D546C8680), frame # 40355
[2021.01.18-12.22.10:528][355]LogPlayLevel: PIE: World Init took: (0.001902s)
[2021.01.18-12.22.10:528][355]LogPlayLevel: PIE: Created PIE world by copying editor world from /Game/ThirdPersonCPP/Maps/ThirdPersonExampleMap.ThirdPersonExampleMap to /Game/ThirdPersonCPP/Maps/UEDPIE_0_ThirdPersonExampleMap.ThirdPersonExampleMap (0.012397s)
[2021.01.18-12.22.10:550][355]LogUObjectHash: Compacting FUObjectHashTables data took   1.23ms
[2021.01.18-12.22.10:552][355]LogAudioMixer: Display: Audio Mixer Platform Settings:
[2021.01.18-12.22.10:552][355]LogAudioMixer: Display: 	Sample Rate:						  48000
[2021.01.18-12.22.10:552][355]LogAudioMixer: Display: 	Callback Buffer Frame Size Requested: 1024
[2021.01.18-12.22.10:552][355]LogAudioMixer: Display: 	Callback Buffer Frame Size To Use:	  1024
[2021.01.18-12.22.10:552][355]LogAudioMixer: Display: 	Number of buffers to queue:			  2
[2021.01.18-12.22.10:552][355]LogAudioMixer: Display: 	Max Channels (voices):				  32
[2021.01.18-12.22.10:553][355]LogAudioMixer: Display: 	Number of Async Source Workers:		  0
[2021.01.18-12.22.10:553][355]LogAudio: Display: AudioDevice MaxSources: 32
[2021.01.18-12.22.10:553][355]LogAudio: Display: Using built-in audio occlusion.
[2021.01.18-12.22.10:553][355]LogAudioMixer: Display: Initializing audio mixer.
[2021.01.18-12.22.10:557][355]LogAudioMixer: Display: 0: FrontLeft
[2021.01.18-12.22.10:557][355]LogAudioMixer: Display: 1: FrontRight
[2021.01.18-12.22.10:583][355]LogAudioMixer: Display: Using Audio Device Speakers (Logitech Wireless Headset)
[2021.01.18-12.22.10:583][355]LogAudioMixer: Display: Initializing Sound Submixes...
[2021.01.18-12.22.10:583][355]LogAudioMixer: Display: Creating Master Submix 'MasterSubmixDefault'
[2021.01.18-12.22.10:583][355]LogAudioMixer: Display: Creating Master Submix 'MasterReverbSubmixDefault'
[2021.01.18-12.22.10:583][355]LogAudioMixer: Display: Creating Master Submix 'MasterEQSubmixDefault'
[2021.01.18-12.22.10:594][355]LogInit: FAudioDevice initialized.
[2021.01.18-12.22.10:607][355]LogLoad: Game class is 'ThreeDMathGameMode'
[2021.01.18-12.22.10:608][355]LogWorld: Bringing World /Game/ThirdPersonCPP/Maps/UEDPIE_0_ThirdPersonExampleMap.ThirdPersonExampleMap up for play (max tick rate 0) at 2021.01.18-13.22.10
[2021.01.18-12.22.10:609][355]LogWorld: Bringing up level for play took: 0.001266
[2021.01.18-12.22.10:609][355]LogOnline: OSS: Creating online subsystem instance for: :Context_10
[2021.01.18-12.22.10:611][355]PIE: Server logged in
[2021.01.18-12.22.10:612][355]PIE: Play in editor total start time 0.128 seconds.
[2021.01.18-12.22.11:955][505]LogSlate: Updating window title bar state: overlay mode, drag disabled, window buttons hidden, title bar hidden
[2021.01.18-12.22.11:956][505]LogWorld: BeginTearingDown for /Game/ThirdPersonCPP/Maps/UEDPIE_0_ThirdPersonExampleMap
[2021.01.18-12.22.11:956][505]LogWorld: UWorld::CleanupWorld for ThirdPersonExampleMap, bSessionEnded=true, bCleanupResources=true
[2021.01.18-12.22.11:956][505]LogSlate: InvalidateAllWidgets triggered.  All widgets were invalidated
[2021.01.18-12.22.11:965][505]LogPlayLevel: Display: Shutting down PIE online subsystems
[2021.01.18-12.22.11:968][505]LogSlate: InvalidateAllWidgets triggered.  All widgets were invalidated
[2021.01.18-12.22.11:986][505]LogSlate: Updating window title bar state: overlay mode, drag disabled, window buttons hidden, title bar hidden
[2021.01.18-12.22.12:019][505]LogAISub: UAISubsystem::~UAISubsystem AIPerceptionSystem (0000011D546C8680), frame # 40505
[2021.01.18-12.22.12:019][505]LogAISub: UAISubsystem::~UAISubsystem EnvQueryManager (0000011D941FD200), frame # 40505
[2021.01.18-12.22.12:021][505]LogUObjectHash: Compacting FUObjectHashTables data took   2.04ms
[2021.01.18-12.22.12:041][506]LogPlayLevel: Display: Destroying online subsystem :Context_10
[2021.01.18-12.25.20:570][553]LogTemp: Repeating last play command: Selected Viewport
[2021.01.18-12.25.20:585][553]LogPlayLevel: PlayLevel: No blueprints needed recompiling
[2021.01.18-12.25.20:586][553]PIE: New page: PIE session: ThirdPersonExampleMap (Jan 18, 2021, 2:25:20 PM)
[2021.01.18-12.25.20:586][553]LogPlayLevel: Creating play world package: /Game/ThirdPersonCPP/Maps/UEDPIE_0_ThirdPersonExampleMap
[2021.01.18-12.25.20:604][553]LogPlayLevel: PIE: StaticDuplicateObject took: (0.017765s)
[2021.01.18-12.25.20:606][553]LogAIModule: Creating AISystem for world ThirdPersonExampleMap
[2021.01.18-12.25.20:606][553]LogAISub: UAISubsystem::UAISubsystem EnvQueryManager (0000011D74E30200), frame # 49553
[2021.01.18-12.25.20:606][553]LogAISub: UAISubsystem::UAISubsystem AIPerceptionSystem (0000011DAA940900), frame # 49553
[2021.01.18-12.25.20:607][553]LogPlayLevel: PIE: World Init took: (0.002207s)
[2021.01.18-12.25.20:607][553]LogPlayLevel: PIE: Created PIE world by copying editor world from /Game/ThirdPersonCPP/Maps/ThirdPersonExampleMap.ThirdPersonExampleMap to /Game/ThirdPersonCPP/Maps/UEDPIE_0_ThirdPersonExampleMap.ThirdPersonExampleMap (0.020673s)
[2021.01.18-12.25.20:636][553]LogUObjectHash: Compacting FUObjectHashTables data took   3.30ms
[2021.01.18-12.25.20:639][553]LogAudioMixer: Display: Audio Mixer Platform Settings:
[2021.01.18-12.25.20:639][553]LogAudioMixer: Display: 	Sample Rate:						  48000
[2021.01.18-12.25.20:639][553]LogAudioMixer: Display: 	Callback Buffer Frame Size Requested: 1024
[2021.01.18-12.25.20:640][553]LogAudioMixer: Display: 	Callback Buffer Frame Size To Use:	  1024
[2021.01.18-12.25.20:640][553]LogAudioMixer: Display: 	Number of buffers to queue:			  2
[2021.01.18-12.25.20:640][553]LogAudioMixer: Display: 	Max Channels (voices):				  32
[2021.01.18-12.25.20:640][553]LogAudioMixer: Display: 	Number of Async Source Workers:		  0
[2021.01.18-12.25.20:640][553]LogAudio: Display: AudioDevice MaxSources: 32
[2021.01.18-12.25.20:641][553]LogAudio: Display: Using built-in audio occlusion.
[2021.01.18-12.25.20:641][553]LogAudioMixer: Display: Initializing audio mixer.
[2021.01.18-12.25.20:645][553]LogAudioMixer: Display: 0: FrontLeft
[2021.01.18-12.25.20:645][553]LogAudioMixer: Display: 1: FrontRight
[2021.01.18-12.25.20:673][553]LogAudioMixer: Display: Using Audio Device Speakers (Logitech Wireless Headset)
[2021.01.18-12.25.20:674][553]LogAudioMixer: Display: Initializing Sound Submixes...
[2021.01.18-12.25.20:674][553]LogAudioMixer: Display: Creating Master Submix 'MasterSubmixDefault'
[2021.01.18-12.25.20:674][553]LogAudioMixer: Display: Creating Master Submix 'MasterReverbSubmixDefault'
[2021.01.18-12.25.20:675][553]LogAudioMixer: Display: Creating Master Submix 'MasterEQSubmixDefault'
[2021.01.18-12.25.20:687][553]LogInit: FAudioDevice initialized.
[2021.01.18-12.25.20:706][553]LogLoad: Game class is 'ThreeDMathGameMode'
[2021.01.18-12.25.20:710][553]LogWorld: Bringing World /Game/ThirdPersonCPP/Maps/UEDPIE_0_ThirdPersonExampleMap.ThirdPersonExampleMap up for play (max tick rate 0) at 2021.01.18-13.25.20
[2021.01.18-12.25.20:710][553]LogWorld: Bringing up level for play took: 0.001500
[2021.01.18-12.25.20:710][553]LogOnline: OSS: Creating online subsystem instance for: :Context_11
[2021.01.18-12.25.20:712][553]PIE: Server logged in
[2021.01.18-12.25.20:714][553]PIE: Play in editor total start time 0.13 seconds.
[2021.01.18-12.25.43:516][579]LogSlate: Updating window title bar state: overlay mode, drag disabled, window buttons hidden, title bar hidden
[2021.01.18-12.25.43:516][579]LogWorld: BeginTearingDown for /Game/ThirdPersonCPP/Maps/UEDPIE_0_ThirdPersonExampleMap
[2021.01.18-12.25.43:517][579]LogWorld: UWorld::CleanupWorld for ThirdPersonExampleMap, bSessionEnded=true, bCleanupResources=true
[2021.01.18-12.25.43:517][579]LogSlate: InvalidateAllWidgets triggered.  All widgets were invalidated
[2021.01.18-12.25.43:527][579]LogPlayLevel: Display: Shutting down PIE online subsystems
[2021.01.18-12.25.43:529][579]LogSlate: InvalidateAllWidgets triggered.  All widgets were invalidated
[2021.01.18-12.25.43:550][579]LogSlate: Updating window title bar state: overlay mode, drag disabled, window buttons hidden, title bar hidden
[2021.01.18-12.25.43:594][579]LogAISub: UAISubsystem::~UAISubsystem AIPerceptionSystem (0000011DAA940900), frame # 51579
[2021.01.18-12.25.43:594][579]LogAISub: UAISubsystem::~UAISubsystem EnvQueryManager (0000011D74E30200), frame # 51579
[2021.01.18-12.25.43:596][579]LogUObjectHash: Compacting FUObjectHashTables data took   1.60ms
[2021.01.18-12.25.43:637][580]LogPlayLevel: Display: Destroying online subsystem :Context_11
[2021.01.18-12.25.44:818][715]LogEditorViewport: Clicking on Actor (LMB): StaticMeshActor (Wall8)
[2021.01.18-12.29.43:568][861]LogTemp: Repeating last play command: Selected Viewport
[2021.01.18-12.29.43:579][861]LogPlayLevel: PlayLevel: No blueprints needed recompiling
[2021.01.18-12.29.43:579][861]PIE: New page: PIE session: ThirdPersonExampleMap (Jan 18, 2021, 2:29:43 PM)
[2021.01.18-12.29.43:580][861]LogPlayLevel: Creating play world package: /Game/ThirdPersonCPP/Maps/UEDPIE_0_ThirdPersonExampleMap
[2021.01.18-12.29.43:590][861]LogPlayLevel: PIE: StaticDuplicateObject took: (0.010377s)
[2021.01.18-12.29.43:592][861]LogAIModule: Creating AISystem for world ThirdPersonExampleMap
[2021.01.18-12.29.43:592][861]LogAISub: UAISubsystem::UAISubsystem EnvQueryManager (0000011D68EA5000), frame # 54861
[2021.01.18-12.29.43:592][861]LogAISub: UAISubsystem::UAISubsystem AIPerceptionSystem (0000011D9CCFEC00), frame # 54861
[2021.01.18-12.29.43:592][861]LogPlayLevel: PIE: World Init took: (0.001742s)
[2021.01.18-12.29.43:593][861]LogPlayLevel: PIE: Created PIE world by copying editor world from /Game/ThirdPersonCPP/Maps/ThirdPersonExampleMap.ThirdPersonExampleMap to /Game/ThirdPersonCPP/Maps/UEDPIE_0_ThirdPersonExampleMap.ThirdPersonExampleMap (0.012822s)
[2021.01.18-12.29.43:619][861]LogUObjectHash: Compacting FUObjectHashTables data took   1.43ms
[2021.01.18-12.29.43:622][861]LogAudioMixer: Display: Audio Mixer Platform Settings:
[2021.01.18-12.29.43:622][861]LogAudioMixer: Display: 	Sample Rate:						  48000
[2021.01.18-12.29.43:622][861]LogAudioMixer: Display: 	Callback Buffer Frame Size Requested: 1024
[2021.01.18-12.29.43:622][861]LogAudioMixer: Display: 	Callback Buffer Frame Size To Use:	  1024
[2021.01.18-12.29.43:622][861]LogAudioMixer: Display: 	Number of buffers to queue:			  2
[2021.01.18-12.29.43:622][861]LogAudioMixer: Display: 	Max Channels (voices):				  32
[2021.01.18-12.29.43:623][861]LogAudioMixer: Display: 	Number of Async Source Workers:		  0
[2021.01.18-12.29.43:623][861]LogAudio: Display: AudioDevice MaxSources: 32
[2021.01.18-12.29.43:623][861]LogAudio: Display: Using built-in audio occlusion.
[2021.01.18-12.29.43:623][861]LogAudioMixer: Display: Initializing audio mixer.
[2021.01.18-12.29.43:627][861]LogAudioMixer: Display: 0: FrontLeft
[2021.01.18-12.29.43:627][861]LogAudioMixer: Display: 1: FrontRight
[2021.01.18-12.29.43:651][861]LogAudioMixer: Display: Using Audio Device Speakers (Logitech Wireless Headset)
[2021.01.18-12.29.43:651][861]LogAudioMixer: Display: Initializing Sound Submixes...
[2021.01.18-12.29.43:651][861]LogAudioMixer: Display: Creating Master Submix 'MasterSubmixDefault'
[2021.01.18-12.29.43:651][861]LogAudioMixer: Display: Creating Master Submix 'MasterReverbSubmixDefault'
[2021.01.18-12.29.43:652][861]LogAudioMixer: Display: Creating Master Submix 'MasterEQSubmixDefault'
[2021.01.18-12.29.43:663][861]LogInit: FAudioDevice initialized.
[2021.01.18-12.29.43:679][861]LogLoad: Game class is 'ThreeDMathGameMode'
[2021.01.18-12.29.43:680][861]LogWorld: Bringing World /Game/ThirdPersonCPP/Maps/UEDPIE_0_ThirdPersonExampleMap.ThirdPersonExampleMap up for play (max tick rate 0) at 2021.01.18-13.29.43
[2021.01.18-12.29.43:681][861]LogWorld: Bringing up level for play took: 0.001157
[2021.01.18-12.29.43:681][861]LogOnline: OSS: Creating online subsystem instance for: :Context_13
[2021.01.18-12.29.43:683][861]PIE: Server logged in
[2021.01.18-12.29.43:684][861]PIE: Play in editor total start time 0.109 seconds.
[2021.01.18-12.30.10:745][792]LogSlate: Updating window title bar state: overlay mode, drag disabled, window buttons hidden, title bar hidden
[2021.01.18-12.30.10:745][792]LogWorld: BeginTearingDown for /Game/ThirdPersonCPP/Maps/UEDPIE_0_ThirdPersonExampleMap
[2021.01.18-12.30.10:745][792]LogWorld: UWorld::CleanupWorld for ThirdPersonExampleMap, bSessionEnded=true, bCleanupResources=true
[2021.01.18-12.30.10:745][792]LogSlate: InvalidateAllWidgets triggered.  All widgets were invalidated
[2021.01.18-12.30.10:758][792]LogPlayLevel: Display: Shutting down PIE online subsystems
[2021.01.18-12.30.10:760][792]LogSlate: InvalidateAllWidgets triggered.  All widgets were invalidated
[2021.01.18-12.30.10:782][792]LogSlate: Updating window title bar state: overlay mode, drag disabled, window buttons hidden, title bar hidden
[2021.01.18-12.30.10:819][792]LogAISub: UAISubsystem::~UAISubsystem AIPerceptionSystem (0000011D9CCFEC00), frame # 57792
[2021.01.18-12.30.10:819][792]LogAISub: UAISubsystem::~UAISubsystem EnvQueryManager (0000011D68EA5000), frame # 57792
[2021.01.18-12.30.10:821][792]LogUObjectHash: Compacting FUObjectHashTables data took   1.41ms
[2021.01.18-12.30.10:850][793]LogPlayLevel: Display: Destroying online subsystem :Context_13
