Log file open, 01/15/21 13:56:28
LogInit: Display: Running engine for game: ThreeDMath
LogPlatformFile: Not using cached read wrapper
LogTaskGraph: Started task graph with 5 named threads and 47 total threads with 3 sets of task threads.
LogStats: Stats thread started at 0.231073
LogD3D11RHI: Loaded GFSDK_Aftermath_Lib.x64.dll
LogICUInternationalization: ICU TimeZone Detection - Raw Offset: +1:00, Platform Override: ''
LogPluginManager: Mounting plugin Paper2D
LogPluginManager: Mounting plugin AISupport
LogPluginManager: Mounting plugin LightPropagationVolume
LogPluginManager: Mounting plugin CameraShakePreviewer
LogPluginManager: Mounting plugin ActorLayerUtilities
LogPluginManager: Mounting plugin AnimationSharing
LogPluginManager: Mounting plugin CLionSourceCodeAccess
LogPluginManager: Mounting plugin CodeLiteSourceCodeAccess
LogPluginManager: Mounting plugin GitSourceControl
LogPluginManager: Mounting plugin KDevelopSourceCodeAccess
LogPluginManager: Mounting plugin NullSourceCodeAccess
LogPluginManager: Mounting plugin PerforceSourceControl
LogPluginManager: Mounting plugin PlasticSourceControl
LogPluginManager: Mounting plugin RiderSourceCodeAccess
LogPluginManager: Mounting plugin SubversionSourceControl
LogPluginManager: Mounting plugin UObjectPlugin
LogPluginManager: Mounting plugin VisualStudioCodeSourceCodeAccess
LogPluginManager: Mounting plugin VisualStudioSourceCodeAccess
LogPluginManager: Mounting plugin XCodeSourceCodeAccess
LogPluginManager: Mounting plugin AssetManagerEditor
LogPluginManager: Mounting plugin CryptoKeys
LogPluginManager: Mounting plugin CurveEditorTools
LogPluginManager: Mounting plugin DataValidation
LogPluginManager: Mounting plugin EditorScriptingUtilities
LogPluginManager: Mounting plugin FacialAnimation
LogPluginManager: Mounting plugin GameplayTagsEditor
LogPluginManager: Mounting plugin GeometryMode
LogPluginManager: Mounting plugin MacGraphicsSwitching
LogPluginManager: Mounting plugin MaterialAnalyzer
LogPluginManager: Mounting plugin MobileLauncherProfileWizard
LogPluginManager: Mounting plugin PluginBrowser
LogPluginManager: Mounting plugin SpeedTreeImporter
LogPluginManager: Mounting plugin DatasmithContent
LogPluginManager: Mounting plugin VariantManagerContent
LogPluginManager: Mounting plugin AlembicImporter
LogPluginManager: Mounting plugin AutomationUtils
LogPluginManager: Mounting plugin BackChannel
LogPluginManager: Mounting plugin ChaosCloth
LogPluginManager: Mounting plugin ChaosClothEditor
LogPluginManager: Mounting plugin ChaosEditor
LogPluginManager: Mounting plugin ChaosNiagara
LogPluginManager: Mounting plugin ChaosSolverPlugin
LogPluginManager: Mounting plugin CharacterAI
LogPluginManager: Mounting plugin GeometryCache
LogPluginManager: Mounting plugin GeometryCollectionPlugin
LogPluginManager: Mounting plugin GeometryProcessing
LogPluginManager: Mounting plugin PlanarCut
LogPluginManager: Mounting plugin PlatformCrypto
LogPluginManager: Mounting plugin ProxyLODPlugin
LogPluginManager: Mounting plugin SkeletalReduction
LogPluginManager: Mounting plugin Niagara
LogPluginManager: Mounting plugin MagicLeap
LogPluginManager: Mounting plugin MagicLeapLightEstimation
LogPluginManager: Mounting plugin MagicLeapMedia
LogPluginManager: Mounting plugin MagicLeapPassableWorld
LogPluginManager: Mounting plugin MLSDK
LogPluginManager: Mounting plugin AndroidMedia
LogPluginManager: Mounting plugin AvfMedia
LogPluginManager: Mounting plugin ImgMedia
LogPluginManager: Mounting plugin MediaCompositing
LogPluginManager: Mounting plugin MediaPlayerEditor
LogPluginManager: Mounting plugin WebMMedia
LogPluginManager: Mounting plugin WmfMedia
LogPluginManager: Mounting plugin MeshPainting
LogPluginManager: Mounting plugin TcpMessaging
LogPluginManager: Mounting plugin UdpMessaging
LogPluginManager: Mounting plugin ActorSequence
LogPluginManager: Mounting plugin LevelSequenceEditor
LogPluginManager: Mounting plugin MatineeToLevelSequence
LogPluginManager: Mounting plugin MovieRenderPipeline
LogPluginManager: Mounting plugin TemplateSequence
LogPluginManager: Mounting plugin NetcodeUnitTest
LogPluginManager: Mounting plugin NUTUnrealEngine4
LogPluginManager: Mounting plugin OnlineSubsystemGooglePlay
LogPluginManager: Mounting plugin OnlineSubsystemIOS
LogPluginManager: Mounting plugin OnlineSubsystem
LogPluginManager: Mounting plugin OnlineSubsystemNull
LogPluginManager: Mounting plugin OnlineSubsystemUtils
LogPluginManager: Mounting plugin LauncherChunkInstaller
LogPluginManager: Mounting plugin AndroidDeviceProfileSelector
LogPluginManager: Mounting plugin AndroidMoviePlayer
LogPluginManager: Mounting plugin AndroidPermission
LogPluginManager: Mounting plugin AppleImageUtils
LogPluginManager: Mounting plugin AppleMoviePlayer
LogPluginManager: Mounting plugin ArchVisCharacter
LogPluginManager: Mounting plugin AssetTags
LogPluginManager: Mounting plugin AudioCapture
LogPluginManager: Mounting plugin CableComponent
LogPluginManager: Mounting plugin CustomMeshComponent
LogPluginManager: Mounting plugin EditableMesh
LogPluginManager: Mounting plugin ExampleDeviceProfileSelector
LogPluginManager: Mounting plugin GoogleCloudMessaging
LogPluginManager: Mounting plugin GooglePAD
LogPluginManager: Mounting plugin IOSDeviceProfileSelector
LogPluginManager: Mounting plugin LinuxDeviceProfileSelector
LogPluginManager: Mounting plugin LocationServicesBPLibrary
LogPluginManager: Mounting plugin MobilePatchingUtils
LogPluginManager: Mounting plugin OculusVR
LogPluginManager: Mounting plugin PhysXVehicles
LogPluginManager: Mounting plugin PostSplashScreen
LogPluginManager: Mounting plugin ProceduralMeshComponent
LogPluginManager: Mounting plugin RuntimePhysXCooking
LogPluginManager: Mounting plugin SignificanceManager
LogPluginManager: Mounting plugin SoundFields
LogPluginManager: Mounting plugin SteamVR
LogPluginManager: Mounting plugin Synthesis
LogPluginManager: Mounting plugin WebMMoviePlayer
LogPluginManager: Mounting plugin WindowsMoviePlayer
LogPluginManager: Mounting plugin ScreenshotTools
LogInit: Using libcurl 7.55.1-DEV
LogInit:  - built for x86_64-pc-win32
LogInit:  - supports SSL with OpenSSL/1.1.1
LogInit:  - supports HTTP deflate (compression) using libz 1.2.8
LogInit:  - other features:
LogInit:      CURL_VERSION_SSL
LogInit:      CURL_VERSION_LIBZ
LogInit:      CURL_VERSION_IPV6
LogInit:      CURL_VERSION_ASYNCHDNS
LogInit:      CURL_VERSION_LARGEFILE
LogInit:      CURL_VERSION_IDN
LogInit:  CurlRequestOptions (configurable via config and command line):
LogInit:  - bVerifyPeer = true  - Libcurl will verify peer certificate
LogInit:  - bUseHttpProxy = false  - Libcurl will NOT use HTTP proxy
LogInit:  - bDontReuseConnections = false  - Libcurl will reuse connections
LogInit:  - MaxHostConnections = 16  - Libcurl will limit the number of connections to a host
LogInit:  - LocalHostAddr = Default
LogInit:  - BufferSize = 65536
LogOnline: OSS: Creating online subsystem instance for: NULL
LogInit: WinSock: version 1.1 (2.2), MaxSocks=32767, MaxUdp=65467
LogOnline: OSS: TryLoadSubsystemAndSetDefault: Loaded subsystem for module [NULL]
LogInit: Build: ++UE4+Release-4.25-CL-14469661
LogInit: Engine Version: 4.25.4-14469661+++UE4+Release-4.25
LogInit: Compatible Engine Version: 4.25.0-13144385+++UE4+Release-4.25
LogInit: Net CL: 13144385
LogInit: OS: Windows 10 (Release 1909) (), CPU: Intel(R) Core(TM) i9-9900K CPU @ 3.60GHz, GPU: NVIDIA GeForce RTX 2070
LogInit: Compiled (64-bit): Oct 11 2020 08:10:49
LogInit: Compiled with Visual C++: 19.24.28315.00
LogInit: Build Configuration: Development
LogInit: Branch Name: ++UE4+Release-4.25
LogInit: Command Line:  -skipcompile
LogInit: Base Directory: C:/Program Files/Epic Games/UE_4.25/Engine/Binaries/Win64/
LogInit: Allocator: TBB
LogInit: Installed Engine Build: 1
LogDevObjectVersion: Number of dev versions registered: 26
LogDevObjectVersion:   Dev-Blueprints (B0D832E4-1F89-4F0D-ACCF-7EB736FD4AA2): 10
LogDevObjectVersion:   Dev-Build (E1C64328-A22C-4D53-A36C-8E866417BD8C): 0
LogDevObjectVersion:   Dev-Core (375EC13C-06E4-48FB-B500-84F0262A717E): 4
LogDevObjectVersion:   Dev-Editor (E4B068ED-F494-42E9-A231-DA0B2E46BB41): 38
LogDevObjectVersion:   Dev-Framework (CFFC743F-43B0-4480-9391-14DF171D2073): 37
LogDevObjectVersion:   Dev-Mobile (B02B49B5-BB20-44E9-A304-32B752E40360): 2
LogDevObjectVersion:   Dev-Networking (A4E4105C-59A1-49B5-A7C5-40C4547EDFEE): 0
LogDevObjectVersion:   Dev-Online (39C831C9-5AE6-47DC-9A44-9C173E1C8E7C): 0
LogDevObjectVersion:   Dev-Physics (78F01B33-EBEA-4F98-B9B4-84EACCB95AA2): 4
LogDevObjectVersion:   Dev-Platform (6631380F-2D4D-43E0-8009-CF276956A95A): 0
LogDevObjectVersion:   Dev-Rendering (12F88B9F-8875-4AFC-A67C-D90C383ABD29): 43
LogDevObjectVersion:   Dev-Sequencer (7B5AE74C-D270-4C10-A958-57980B212A5A): 12
LogDevObjectVersion:   Dev-VR (D7296918-1DD6-4BDD-9DE2-64A83CC13884): 3
LogDevObjectVersion:   Dev-LoadTimes (C2A15278-BFE7-4AFE-6C17-90FF531DF755): 1
LogDevObjectVersion:   Private-Geometry (6EACA3D4-40EC-4CC1-B786-8BED09428FC5): 3
LogDevObjectVersion:   Dev-AnimPhys (29E575DD-E0A3-4627-9D10-D276232CDCEA): 17
LogDevObjectVersion:   Dev-Anim (AF43A65D-7FD3-4947-9873-3E8ED9C1BB05): 7
LogDevObjectVersion:   Dev-ReflectionCapture (6B266CEC-1EC7-4B8F-A30B-E4D90942FC07): 1
LogDevObjectVersion:   Dev-Automation (0DF73D61-A23F-47EA-B727-89E90C41499A): 1
LogDevObjectVersion:   FortniteMain (601D1886-AC64-4F84-AA16-D3DE0DEAC7D6): 31
LogDevObjectVersion:   Dev-Enterprise (9DFFBCD6-494F-0158-E221-12823C92A888): 10
LogDevObjectVersion:   Dev-Niagara (F2AED0AC-9AFE-416F-8664-AA7FFA26D6FC): 1
LogDevObjectVersion:   Dev-Destruction (174F1F0B-B4C6-45A5-B13F-2EE8D0FB917D): 10
LogDevObjectVersion:   Dev-Physics-Ext (35F94A83-E258-406C-A318-09F59610247C): 37
LogDevObjectVersion:   Dev-PhysicsMaterial-Chaos (B68FC16E-8B1B-42E2-B453-215C058844FE): 1
LogDevObjectVersion:   Dev-CineCamera (B2E18506-4273-CFC2-A54E-F4BB758BBA07): 1
LogInit: Presizing for max 25165824 objects, including 0 objects not considered by GC, pre-allocating 0 bytes for permanent pool.
LogConfig: Applying CVar settings from Section [/Script/Engine.StreamingSettings] File [C:/Users/mandy/source/repos/Unreal/ThreeDMath/ThreeDMath/Saved/Config/Windows/Engine.ini]
LogConfig: Setting CVar [[s.MinBulkDataSizeForAsyncLoading:131072]]
LogConfig: Setting CVar [[s.AsyncLoadingThreadEnabled:0]]
LogConfig: Setting CVar [[s.EventDrivenLoaderEnabled:1]]
LogConfig: Setting CVar [[s.WarnIfTimeLimitExceeded:0]]
LogConfig: Setting CVar [[s.TimeLimitExceededMultiplier:1.5]]
LogConfig: Setting CVar [[s.TimeLimitExceededMinTime:0.005]]
LogConfig: Setting CVar [[s.UseBackgroundLevelStreaming:1]]
LogConfig: Setting CVar [[s.PriorityAsyncLoadingExtraTime:15.0]]
LogConfig: Setting CVar [[s.LevelStreamingActorsUpdateTimeLimit:5.0]]
LogConfig: Setting CVar [[s.PriorityLevelStreamingActorsUpdateExtraTime:5.0]]
LogConfig: Setting CVar [[s.LevelStreamingComponentsRegistrationGranularity:10]]
LogConfig: Setting CVar [[s.UnregisterComponentsTimeLimit:1.0]]
LogConfig: Setting CVar [[s.LevelStreamingComponentsUnregistrationGranularity:5]]
LogConfig: Setting CVar [[s.FlushStreamingOnExit:1]]
LogInit: Object subsystem initialized
LogConfig: Setting CVar [[con.DebugEarlyDefault:1]]
LogConfig: Setting CVar [[r.setres:1280x720]]
[2021.01.15-12.56.29:230][  0]LogConfig: Setting CVar [[r.VSync:0]]
[2021.01.15-12.56.29:230][  0]LogConfig: Setting CVar [[r.RHICmdBypass:0]]
[2021.01.15-12.56.29:231][  0]LogConfig: Applying CVar settings from Section [/Script/Engine.RendererSettings] File [C:/Users/mandy/source/repos/Unreal/ThreeDMath/ThreeDMath/Saved/Config/Windows/Engine.ini]
[2021.01.15-12.56.29:231][  0]LogConfig: Setting CVar [[r.GPUCrashDebugging:0]]
[2021.01.15-12.56.29:231][  0]LogConfig: Applying CVar settings from Section [/Script/Engine.RendererOverrideSettings] File [C:/Users/mandy/source/repos/Unreal/ThreeDMath/ThreeDMath/Saved/Config/Windows/Engine.ini]
[2021.01.15-12.56.29:231][  0]LogConfig: Applying CVar settings from Section [/Script/Engine.StreamingSettings] File [C:/Users/mandy/source/repos/Unreal/ThreeDMath/ThreeDMath/Saved/Config/Windows/Engine.ini]
[2021.01.15-12.56.29:231][  0]LogConfig: Setting CVar [[s.MinBulkDataSizeForAsyncLoading:131072]]
[2021.01.15-12.56.29:231][  0]LogConfig: Setting CVar [[s.AsyncLoadingThreadEnabled:0]]
[2021.01.15-12.56.29:231][  0]LogConfig: Setting CVar [[s.EventDrivenLoaderEnabled:1]]
[2021.01.15-12.56.29:231][  0]LogConfig: Setting CVar [[s.WarnIfTimeLimitExceeded:0]]
[2021.01.15-12.56.29:231][  0]LogConfig: Setting CVar [[s.TimeLimitExceededMultiplier:1.5]]
[2021.01.15-12.56.29:231][  0]LogConfig: Setting CVar [[s.TimeLimitExceededMinTime:0.005]]
[2021.01.15-12.56.29:231][  0]LogConfig: Setting CVar [[s.UseBackgroundLevelStreaming:1]]
[2021.01.15-12.56.29:231][  0]LogConfig: Setting CVar [[s.PriorityAsyncLoadingExtraTime:15.0]]
[2021.01.15-12.56.29:231][  0]LogConfig: Setting CVar [[s.LevelStreamingActorsUpdateTimeLimit:5.0]]
[2021.01.15-12.56.29:231][  0]LogConfig: Setting CVar [[s.PriorityLevelStreamingActorsUpdateExtraTime:5.0]]
[2021.01.15-12.56.29:231][  0]LogConfig: Setting CVar [[s.LevelStreamingComponentsRegistrationGranularity:10]]
[2021.01.15-12.56.29:231][  0]LogConfig: Setting CVar [[s.UnregisterComponentsTimeLimit:1.0]]
[2021.01.15-12.56.29:231][  0]LogConfig: Setting CVar [[s.LevelStreamingComponentsUnregistrationGranularity:5]]
[2021.01.15-12.56.29:231][  0]LogConfig: Setting CVar [[s.FlushStreamingOnExit:1]]
[2021.01.15-12.56.29:231][  0]LogConfig: Applying CVar settings from Section [/Script/Engine.GarbageCollectionSettings] File [C:/Users/mandy/source/repos/Unreal/ThreeDMath/ThreeDMath/Saved/Config/Windows/Engine.ini]
[2021.01.15-12.56.29:231][  0]LogConfig: Setting CVar [[gc.MaxObjectsNotConsideredByGC:1]]
[2021.01.15-12.56.29:231][  0]LogConfig: Setting CVar [[gc.SizeOfPermanentObjectPool:0]]
[2021.01.15-12.56.29:231][  0]LogConfig: Setting CVar [[gc.FlushStreamingOnGC:0]]
[2021.01.15-12.56.29:231][  0]LogConfig: Setting CVar [[gc.NumRetriesBeforeForcingGC:10]]
[2021.01.15-12.56.29:231][  0]LogConfig: Setting CVar [[gc.AllowParallelGC:1]]
[2021.01.15-12.56.29:231][  0]LogConfig: Setting CVar [[gc.TimeBetweenPurgingPendingKillObjects:61.1]]
[2021.01.15-12.56.29:231][  0]LogConfig: Setting CVar [[gc.MaxObjectsInEditor:25165824]]
[2021.01.15-12.56.29:232][  0]LogConfig: Setting CVar [[gc.IncrementalBeginDestroyEnabled:1]]
[2021.01.15-12.56.29:232][  0]LogConfig: Setting CVar [[gc.CreateGCClusters:1]]
[2021.01.15-12.56.29:232][  0]LogConfig: Setting CVar [[gc.MinGCClusterSize:5]]
[2021.01.15-12.56.29:232][  0]LogConfig: Setting CVar [[gc.ActorClusteringEnabled:0]]
[2021.01.15-12.56.29:232][  0]LogConfig: Setting CVar [[gc.BlueprintClusteringEnabled:0]]
[2021.01.15-12.56.29:232][  0]LogConfig: Setting CVar [[gc.UseDisregardForGCOnDedicatedServers:0]]
[2021.01.15-12.56.29:232][  0]LogConfig: Applying CVar settings from Section [/Script/Engine.NetworkSettings] File [C:/Users/mandy/source/repos/Unreal/ThreeDMath/ThreeDMath/Saved/Config/Windows/Engine.ini]
[2021.01.15-12.56.29:232][  0]LogConfig: Applying CVar settings from Section [/Script/UnrealEd.CookerSettings] File [C:/Users/mandy/source/repos/Unreal/ThreeDMath/ThreeDMath/Saved/Config/Windows/Engine.ini]
[2021.01.15-12.56.29:237][  0]LogConfig: Applying CVar settings from Section [ViewDistanceQuality@3] File [C:/Users/mandy/source/repos/Unreal/ThreeDMath/ThreeDMath/Saved/Config/Windows/Scalability.ini]
[2021.01.15-12.56.29:237][  0]LogConfig: Setting CVar [[r.SkeletalMeshLODBias:0]]
[2021.01.15-12.56.29:237][  0]LogConfig: Setting CVar [[r.ViewDistanceScale:1.0]]
[2021.01.15-12.56.29:237][  0]LogConfig: Applying CVar settings from Section [AntiAliasingQuality@3] File [C:/Users/mandy/source/repos/Unreal/ThreeDMath/ThreeDMath/Saved/Config/Windows/Scalability.ini]
[2021.01.15-12.56.29:237][  0]LogConfig: Setting CVar [[r.PostProcessAAQuality:4]]
[2021.01.15-12.56.29:237][  0]LogConfig: Applying CVar settings from Section [ShadowQuality@3] File [C:/Users/mandy/source/repos/Unreal/ThreeDMath/ThreeDMath/Saved/Config/Windows/Scalability.ini]
[2021.01.15-12.56.29:237][  0]LogConfig: Setting CVar [[r.LightFunctionQuality:1]]
[2021.01.15-12.56.29:237][  0]LogConfig: Setting CVar [[r.ShadowQuality:5]]
[2021.01.15-12.56.29:237][  0]LogConfig: Setting CVar [[r.Shadow.CSM.MaxCascades:10]]
[2021.01.15-12.56.29:237][  0]LogConfig: Setting CVar [[r.Shadow.MaxResolution:2048]]
[2021.01.15-12.56.29:237][  0]LogConfig: Setting CVar [[r.Shadow.MaxCSMResolution:2048]]
[2021.01.15-12.56.29:237][  0]LogConfig: Setting CVar [[r.Shadow.RadiusThreshold:0.01]]
[2021.01.15-12.56.29:238][  0]LogConfig: Setting CVar [[r.Shadow.DistanceScale:1.0]]
[2021.01.15-12.56.29:238][  0]LogConfig: Setting CVar [[r.Shadow.CSM.TransitionScale:1.0]]
[2021.01.15-12.56.29:238][  0]LogConfig: Setting CVar [[r.Shadow.PreShadowResolutionFactor:1.0]]
[2021.01.15-12.56.29:238][  0]LogConfig: Setting CVar [[r.DistanceFieldShadowing:1]]
[2021.01.15-12.56.29:238][  0]LogConfig: Setting CVar [[r.DistanceFieldAO:1]]
[2021.01.15-12.56.29:238][  0]LogConfig: Setting CVar [[r.AOQuality:2]]
[2021.01.15-12.56.29:238][  0]LogConfig: Setting CVar [[r.VolumetricFog:1]]
[2021.01.15-12.56.29:238][  0]LogConfig: Setting CVar [[r.VolumetricFog.GridPixelSize:8]]
[2021.01.15-12.56.29:238][  0]LogConfig: Setting CVar [[r.VolumetricFog.GridSizeZ:128]]
[2021.01.15-12.56.29:238][  0]LogConfig: Setting CVar [[r.VolumetricFog.HistoryMissSupersampleCount:4]]
[2021.01.15-12.56.29:238][  0]LogConfig: Setting CVar [[r.LightMaxDrawDistanceScale:1]]
[2021.01.15-12.56.29:238][  0]LogConfig: Setting CVar [[r.CapsuleShadows:1]]
[2021.01.15-12.56.29:238][  0]LogConfig: Applying CVar settings from Section [PostProcessQuality@3] File [C:/Users/mandy/source/repos/Unreal/ThreeDMath/ThreeDMath/Saved/Config/Windows/Scalability.ini]
[2021.01.15-12.56.29:238][  0]LogConfig: Setting CVar [[r.MotionBlurQuality:4]]
[2021.01.15-12.56.29:238][  0]LogConfig: Setting CVar [[r.AmbientOcclusionMipLevelFactor:0.4]]
[2021.01.15-12.56.29:238][  0]LogConfig: Setting CVar [[r.AmbientOcclusionMaxQuality:100]]
[2021.01.15-12.56.29:238][  0]LogConfig: Setting CVar [[r.AmbientOcclusionLevels:-1]]
[2021.01.15-12.56.29:238][  0]LogConfig: Setting CVar [[r.AmbientOcclusionRadiusScale:1.0]]
[2021.01.15-12.56.29:238][  0]LogConfig: Setting CVar [[r.DepthOfFieldQuality:2]]
[2021.01.15-12.56.29:238][  0]LogConfig: Setting CVar [[r.RenderTargetPoolMin:400]]
[2021.01.15-12.56.29:238][  0]LogConfig: Setting CVar [[r.LensFlareQuality:2]]
[2021.01.15-12.56.29:238][  0]LogConfig: Setting CVar [[r.SceneColorFringeQuality:1]]
[2021.01.15-12.56.29:238][  0]LogConfig: Setting CVar [[r.EyeAdaptationQuality:2]]
[2021.01.15-12.56.29:238][  0]LogConfig: Setting CVar [[r.BloomQuality:5]]
[2021.01.15-12.56.29:238][  0]LogConfig: Setting CVar [[r.FastBlurThreshold:100]]
[2021.01.15-12.56.29:238][  0]LogConfig: Setting CVar [[r.Upscale.Quality:3]]
[2021.01.15-12.56.29:238][  0]LogConfig: Setting CVar [[r.Tonemapper.GrainQuantization:1]]
[2021.01.15-12.56.29:238][  0]LogConfig: Setting CVar [[r.LightShaftQuality:1]]
[2021.01.15-12.56.29:239][  0]LogConfig: Setting CVar [[r.Filter.SizeScale:1]]
[2021.01.15-12.56.29:239][  0]LogConfig: Setting CVar [[r.Tonemapper.Quality:5]]
[2021.01.15-12.56.29:239][  0]LogConfig: Setting CVar [[r.DOF.Gather.AccumulatorQuality:1        ; higher gathering accumulator quality]]
[2021.01.15-12.56.29:239][  0]LogConfig: Setting CVar [[r.DOF.Gather.PostfilterMethod:1          ; Median3x3 postfilering method]]
[2021.01.15-12.56.29:239][  0]LogConfig: Setting CVar [[r.DOF.Gather.EnableBokehSettings:0       ; no bokeh simulation when gathering]]
[2021.01.15-12.56.29:239][  0]LogConfig: Setting CVar [[r.DOF.Gather.RingCount:4                 ; medium number of samples when gathering]]
[2021.01.15-12.56.29:239][  0]LogConfig: Setting CVar [[r.DOF.Scatter.ForegroundCompositing:1    ; additive foreground scattering]]
[2021.01.15-12.56.29:239][  0]LogConfig: Setting CVar [[r.DOF.Scatter.BackgroundCompositing:2    ; additive background scattering]]
[2021.01.15-12.56.29:239][  0]LogConfig: Setting CVar [[r.DOF.Scatter.EnableBokehSettings:1      ; bokeh simulation when scattering]]
[2021.01.15-12.56.29:239][  0]LogConfig: Setting CVar [[r.DOF.Scatter.MaxSpriteRatio:0.1         ; only a maximum of 10% of scattered bokeh]]
[2021.01.15-12.56.29:239][  0]LogConfig: Setting CVar [[r.DOF.Recombine.Quality:1                ; cheap slight out of focus]]
[2021.01.15-12.56.29:239][  0]LogConfig: Setting CVar [[r.DOF.Recombine.EnableBokehSettings:0    ; no bokeh simulation on slight out of focus]]
[2021.01.15-12.56.29:239][  0]LogConfig: Setting CVar [[r.DOF.TemporalAAQuality:1                ; more stable temporal accumulation]]
[2021.01.15-12.56.29:239][  0]LogConfig: Setting CVar [[r.DOF.Kernel.MaxForegroundRadius:0.025]]
[2021.01.15-12.56.29:239][  0]LogConfig: Setting CVar [[r.DOF.Kernel.MaxBackgroundRadius:0.025]]
[2021.01.15-12.56.29:239][  0]LogConfig: Applying CVar settings from Section [TextureQuality@3] File [C:/Users/mandy/source/repos/Unreal/ThreeDMath/ThreeDMath/Saved/Config/Windows/Scalability.ini]
[2021.01.15-12.56.29:239][  0]LogConfig: Setting CVar [[r.Streaming.MipBias:0]]
[2021.01.15-12.56.29:239][  0]LogConfig: Setting CVar [[r.Streaming.AmortizeCPUToGPUCopy:0]]
[2021.01.15-12.56.29:239][  0]LogConfig: Setting CVar [[r.Streaming.MaxNumTexturesToStreamPerFrame:0]]
[2021.01.15-12.56.29:239][  0]LogConfig: Setting CVar [[r.Streaming.Boost:1]]
[2021.01.15-12.56.29:239][  0]LogConfig: Setting CVar [[r.MaxAnisotropy:8]]
[2021.01.15-12.56.29:239][  0]LogConfig: Setting CVar [[r.VT.MaxAnisotropy:8]]
[2021.01.15-12.56.29:239][  0]LogConfig: Setting CVar [[r.Streaming.LimitPoolSizeToVRAM:0]]
[2021.01.15-12.56.29:239][  0]LogConfig: Setting CVar [[r.Streaming.PoolSize:1000]]
[2021.01.15-12.56.29:239][  0]LogConfig: Setting CVar [[r.Streaming.MaxEffectiveScreenSize:0]]
[2021.01.15-12.56.29:239][  0]LogConfig: Applying CVar settings from Section [EffectsQuality@3] File [C:/Users/mandy/source/repos/Unreal/ThreeDMath/ThreeDMath/Saved/Config/Windows/Scalability.ini]
[2021.01.15-12.56.29:240][  0]LogConfig: Setting CVar [[r.TranslucencyLightingVolumeDim:64]]
[2021.01.15-12.56.29:240][  0]LogConfig: Setting CVar [[r.RefractionQuality:2]]
[2021.01.15-12.56.29:240][  0]LogConfig: Setting CVar [[r.SSR.Quality:3]]
[2021.01.15-12.56.29:240][  0]LogConfig: Setting CVar [[r.SSR.HalfResSceneColor:0]]
[2021.01.15-12.56.29:240][  0]LogConfig: Setting CVar [[r.SceneColorFormat:4]]
[2021.01.15-12.56.29:240][  0]LogConfig: Setting CVar [[r.DetailMode:2]]
[2021.01.15-12.56.29:240][  0]LogConfig: Setting CVar [[r.TranslucencyVolumeBlur:1]]
[2021.01.15-12.56.29:240][  0]LogConfig: Setting CVar [[r.MaterialQualityLevel:1 ; High quality]]
[2021.01.15-12.56.29:240][  0]LogConfig: Setting CVar [[r.SSS.Scale:1]]
[2021.01.15-12.56.29:240][  0]LogConfig: Setting CVar [[r.SSS.SampleSet:2]]
[2021.01.15-12.56.29:240][  0]LogConfig: Setting CVar [[r.SSS.Quality:1]]
[2021.01.15-12.56.29:240][  0]LogConfig: Setting CVar [[r.SSS.HalfRes:0]]
[2021.01.15-12.56.29:240][  0]LogConfig: Setting CVar [[r.SSGI.Quality:3]]
[2021.01.15-12.56.29:240][  0]LogConfig: Setting CVar [[r.EmitterSpawnRateScale:1.0]]
[2021.01.15-12.56.29:240][  0]LogConfig: Setting CVar [[r.ParticleLightQuality:2]]
[2021.01.15-12.56.29:240][  0]LogConfig: Setting CVar [[r.SkyAtmosphere.AerialPerspectiveLUT.FastApplyOnOpaque:1 ; Always have FastSkyLUT 1 in this case to avoid wrong sky]]
[2021.01.15-12.56.29:240][  0]LogConfig: Setting CVar [[r.SkyAtmosphere.AerialPerspectiveLUT.SampleCountPerSlice:1]]
[2021.01.15-12.56.29:240][  0]LogConfig: Setting CVar [[r.SkyAtmosphere.AerialPerspectiveLUT.DepthResolution:16.0]]
[2021.01.15-12.56.29:240][  0]LogConfig: Setting CVar [[r.SkyAtmosphere.FastSkyLUT:1]]
[2021.01.15-12.56.29:240][  0]LogConfig: Setting CVar [[r.SkyAtmosphere.FastSkyLUT.SampleCountMin:4.0]]
[2021.01.15-12.56.29:240][  0]LogConfig: Setting CVar [[r.SkyAtmosphere.FastSkyLUT.SampleCountMax:32.0]]
[2021.01.15-12.56.29:240][  0]LogConfig: Setting CVar [[r.SkyAtmosphere.SampleCountMin:4.0]]
[2021.01.15-12.56.29:240][  0]LogConfig: Setting CVar [[r.SkyAtmosphere.SampleCountMax:32.0]]
[2021.01.15-12.56.29:240][  0]LogConfig: Setting CVar [[r.SkyAtmosphere.TransmittanceLUT.UseSmallFormat:0]]
[2021.01.15-12.56.29:240][  0]LogConfig: Setting CVar [[r.SkyAtmosphere.TransmittanceLUT.SampleCount:10.0]]
[2021.01.15-12.56.29:240][  0]LogConfig: Setting CVar [[r.SkyAtmosphere.MultiScatteringLUT.SampleCount:15.0]]
[2021.01.15-12.56.29:240][  0]LogConfig: Applying CVar settings from Section [FoliageQuality@3] File [C:/Users/mandy/source/repos/Unreal/ThreeDMath/ThreeDMath/Saved/Config/Windows/Scalability.ini]
[2021.01.15-12.56.29:240][  0]LogConfig: Setting CVar [[foliage.DensityScale:1.0]]
[2021.01.15-12.56.29:240][  0]LogConfig: Setting CVar [[grass.DensityScale:1.0]]
[2021.01.15-12.56.29:240][  0]LogConfig: Applying CVar settings from Section [ShadingQuality@3] File [C:/Users/mandy/source/repos/Unreal/ThreeDMath/ThreeDMath/Saved/Config/Windows/Scalability.ini]
[2021.01.15-12.56.29:240][  0]LogConfig: Setting CVar [[r.HairStrands.SkyLighting.SampleCount:16]]
[2021.01.15-12.56.29:241][  0]LogConfig: Setting CVar [[r.HairStrands.SkyLighting.JitterIntegration:0]]
[2021.01.15-12.56.29:241][  0]LogConfig: Setting CVar [[r.HairStrands.SkyAO.SampleCount:16]]
[2021.01.15-12.56.29:241][  0]LogConfig: Setting CVar [[r.HairStrands.DeepShadow.SuperSampling:0]]
[2021.01.15-12.56.29:241][  0]LogConfig: Setting CVar [[r.HairStrands.VisibilityPPLL:0]]
[2021.01.15-12.56.29:241][  0]LogConfig: Setting CVar [[r.HairStrands.RasterizationScale:0.5]]
[2021.01.15-12.56.29:241][  0]LogConfig: Setting CVar [[r.HairStrands.VelocityRasterizationScale:1]]
[2021.01.15-12.56.29:241][  0]LogInit: Selected Device Profile: [Windows]
[2021.01.15-12.56.29:241][  0]LogInit: Applying CVar settings loaded from the selected device profile: [Windows]
[2021.01.15-12.56.29:241][  0]LogHAL: Display: Platform has ~ 32 GB [34269192192 / 34359738368 / 32], which maps to Largest [LargestMinGB=32, LargerMinGB=12, DefaultMinGB=8, SmallerMinGB=6, SmallestMinGB=0)
[2021.01.15-12.56.29:241][  0]LogInit: Going up to parent DeviceProfile []
[2021.01.15-12.56.29:241][  0]LogConfig: Applying CVar settings from Section [ViewDistanceQuality@3] File [C:/Users/mandy/source/repos/Unreal/ThreeDMath/ThreeDMath/Saved/Config/Windows/Scalability.ini]
[2021.01.15-12.56.29:241][  0]LogConfig: Setting CVar [[r.SkeletalMeshLODBias:0]]
[2021.01.15-12.56.29:241][  0]LogConfig: Setting CVar [[r.ViewDistanceScale:1.0]]
[2021.01.15-12.56.29:241][  0]LogConfig: Applying CVar settings from Section [AntiAliasingQuality@2] File [C:/Users/mandy/source/repos/Unreal/ThreeDMath/ThreeDMath/Saved/Config/Windows/Scalability.ini]
[2021.01.15-12.56.29:241][  0]LogConfig: Setting CVar [[r.PostProcessAAQuality:3]]
[2021.01.15-12.56.29:241][  0]LogConfig: Applying CVar settings from Section [ShadowQuality@3] File [C:/Users/mandy/source/repos/Unreal/ThreeDMath/ThreeDMath/Saved/Config/Windows/Scalability.ini]
[2021.01.15-12.56.29:241][  0]LogConfig: Setting CVar [[r.LightFunctionQuality:1]]
[2021.01.15-12.56.29:241][  0]LogConfig: Setting CVar [[r.ShadowQuality:5]]
[2021.01.15-12.56.29:241][  0]LogConfig: Setting CVar [[r.Shadow.CSM.MaxCascades:10]]
[2021.01.15-12.56.29:241][  0]LogConfig: Setting CVar [[r.Shadow.MaxResolution:2048]]
[2021.01.15-12.56.29:241][  0]LogConfig: Setting CVar [[r.Shadow.MaxCSMResolution:2048]]
[2021.01.15-12.56.29:241][  0]LogConfig: Setting CVar [[r.Shadow.RadiusThreshold:0.01]]
[2021.01.15-12.56.29:241][  0]LogConfig: Setting CVar [[r.Shadow.DistanceScale:1.0]]
[2021.01.15-12.56.29:241][  0]LogConfig: Setting CVar [[r.Shadow.CSM.TransitionScale:1.0]]
[2021.01.15-12.56.29:241][  0]LogConfig: Setting CVar [[r.Shadow.PreShadowResolutionFactor:1.0]]
[2021.01.15-12.56.29:242][  0]LogConfig: Setting CVar [[r.DistanceFieldShadowing:1]]
[2021.01.15-12.56.29:242][  0]LogConfig: Setting CVar [[r.DistanceFieldAO:1]]
[2021.01.15-12.56.29:242][  0]LogConfig: Setting CVar [[r.AOQuality:2]]
[2021.01.15-12.56.29:242][  0]LogConfig: Setting CVar [[r.VolumetricFog:1]]
[2021.01.15-12.56.29:242][  0]LogConfig: Setting CVar [[r.VolumetricFog.GridPixelSize:8]]
[2021.01.15-12.56.29:242][  0]LogConfig: Setting CVar [[r.VolumetricFog.GridSizeZ:128]]
[2021.01.15-12.56.29:242][  0]LogConfig: Setting CVar [[r.VolumetricFog.HistoryMissSupersampleCount:4]]
[2021.01.15-12.56.29:242][  0]LogConfig: Setting CVar [[r.LightMaxDrawDistanceScale:1]]
[2021.01.15-12.56.29:242][  0]LogConfig: Setting CVar [[r.CapsuleShadows:1]]
[2021.01.15-12.56.29:242][  0]LogConfig: Applying CVar settings from Section [PostProcessQuality@1] File [C:/Users/mandy/source/repos/Unreal/ThreeDMath/ThreeDMath/Saved/Config/Windows/Scalability.ini]
[2021.01.15-12.56.29:242][  0]LogConfig: Setting CVar [[r.MotionBlurQuality:3]]
[2021.01.15-12.56.29:242][  0]LogConfig: Setting CVar [[r.AmbientOcclusionMipLevelFactor:1.0]]
[2021.01.15-12.56.29:242][  0]LogConfig: Setting CVar [[r.AmbientOcclusionMaxQuality:60]]
[2021.01.15-12.56.29:242][  0]LogConfig: Setting CVar [[r.AmbientOcclusionLevels:-1]]
[2021.01.15-12.56.29:242][  0]LogConfig: Setting CVar [[r.AmbientOcclusionRadiusScale:1.5]]
[2021.01.15-12.56.29:242][  0]LogConfig: Setting CVar [[r.DepthOfFieldQuality:1]]
[2021.01.15-12.56.29:242][  0]LogConfig: Setting CVar [[r.RenderTargetPoolMin:350]]
[2021.01.15-12.56.29:242][  0]LogConfig: Setting CVar [[r.LensFlareQuality:0]]
[2021.01.15-12.56.29:242][  0]LogConfig: Setting CVar [[r.SceneColorFringeQuality:0]]
[2021.01.15-12.56.29:242][  0]LogConfig: Setting CVar [[r.EyeAdaptationQuality:0]]
[2021.01.15-12.56.29:242][  0]LogConfig: Setting CVar [[r.BloomQuality:4]]
[2021.01.15-12.56.29:242][  0]LogConfig: Setting CVar [[r.FastBlurThreshold:2]]
[2021.01.15-12.56.29:242][  0]LogConfig: Setting CVar [[r.Upscale.Quality:2]]
[2021.01.15-12.56.29:242][  0]LogConfig: Setting CVar [[r.Tonemapper.GrainQuantization:0]]
[2021.01.15-12.56.29:242][  0]LogConfig: Setting CVar [[r.LightShaftQuality:0]]
[2021.01.15-12.56.29:242][  0]LogConfig: Setting CVar [[r.Filter.SizeScale:0.7]]
[2021.01.15-12.56.29:242][  0]LogConfig: Setting CVar [[r.Tonemapper.Quality:2]]
[2021.01.15-12.56.29:242][  0]LogConfig: Setting CVar [[r.DOF.Gather.AccumulatorQuality:0        ; lower gathering accumulator quality]]
[2021.01.15-12.56.29:242][  0]LogConfig: Setting CVar [[r.DOF.Gather.PostfilterMethod:2          ; Max3x3 postfilering method]]
[2021.01.15-12.56.29:242][  0]LogConfig: Setting CVar [[r.DOF.Gather.EnableBokehSettings:0       ; no bokeh simulation when gathering]]
[2021.01.15-12.56.29:242][  0]LogConfig: Setting CVar [[r.DOF.Gather.RingCount:3                 ; low number of samples when gathering]]
[2021.01.15-12.56.29:243][  0]LogConfig: Setting CVar [[r.DOF.Scatter.ForegroundCompositing:0    ; no foreground scattering]]
[2021.01.15-12.56.29:243][  0]LogConfig: Setting CVar [[r.DOF.Scatter.BackgroundCompositing:0    ; no foreground scattering]]
[2021.01.15-12.56.29:243][  0]LogConfig: Setting CVar [[r.DOF.Recombine.Quality:0                ; no slight out of focus]]
[2021.01.15-12.56.29:243][  0]LogConfig: Setting CVar [[r.DOF.TemporalAAQuality:0                ; faster temporal accumulation]]
[2021.01.15-12.56.29:243][  0]LogConfig: Setting CVar [[r.DOF.Kernel.MaxForegroundRadius:0.006   ; required because low gathering and no scattering and not looking great at 1080p]]
[2021.01.15-12.56.29:243][  0]LogConfig: Setting CVar [[r.DOF.Kernel.MaxBackgroundRadius:0.006   ; required because low gathering and no scattering and not looking great at 1080p]]
[2021.01.15-12.56.29:243][  0]LogConfig: Applying CVar settings from Section [TextureQuality@3] File [C:/Users/mandy/source/repos/Unreal/ThreeDMath/ThreeDMath/Saved/Config/Windows/Scalability.ini]
[2021.01.15-12.56.29:243][  0]LogConfig: Setting CVar [[r.Streaming.MipBias:0]]
[2021.01.15-12.56.29:243][  0]LogConfig: Setting CVar [[r.Streaming.AmortizeCPUToGPUCopy:0]]
[2021.01.15-12.56.29:243][  0]LogConfig: Setting CVar [[r.Streaming.MaxNumTexturesToStreamPerFrame:0]]
[2021.01.15-12.56.29:243][  0]LogConfig: Setting CVar [[r.Streaming.Boost:1]]
[2021.01.15-12.56.29:243][  0]LogConfig: Setting CVar [[r.MaxAnisotropy:8]]
[2021.01.15-12.56.29:243][  0]LogConfig: Setting CVar [[r.VT.MaxAnisotropy:8]]
[2021.01.15-12.56.29:243][  0]LogConfig: Setting CVar [[r.Streaming.LimitPoolSizeToVRAM:0]]
[2021.01.15-12.56.29:243][  0]LogConfig: Setting CVar [[r.Streaming.PoolSize:1000]]
[2021.01.15-12.56.29:244][  0]LogConfig: Setting CVar [[r.Streaming.MaxEffectiveScreenSize:0]]
[2021.01.15-12.56.29:244][  0]LogConfig: Applying CVar settings from Section [EffectsQuality@3] File [C:/Users/mandy/source/repos/Unreal/ThreeDMath/ThreeDMath/Saved/Config/Windows/Scalability.ini]
[2021.01.15-12.56.29:244][  0]LogConfig: Setting CVar [[r.TranslucencyLightingVolumeDim:64]]
[2021.01.15-12.56.29:244][  0]LogConfig: Setting CVar [[r.RefractionQuality:2]]
[2021.01.15-12.56.29:244][  0]LogConfig: Setting CVar [[r.SSR.Quality:3]]
[2021.01.15-12.56.29:244][  0]LogConfig: Setting CVar [[r.SSR.HalfResSceneColor:0]]
[2021.01.15-12.56.29:244][  0]LogConfig: Setting CVar [[r.SceneColorFormat:4]]
[2021.01.15-12.56.29:244][  0]LogConfig: Setting CVar [[r.DetailMode:2]]
[2021.01.15-12.56.29:244][  0]LogConfig: Setting CVar [[r.TranslucencyVolumeBlur:1]]
[2021.01.15-12.56.29:244][  0]LogConfig: Setting CVar [[r.MaterialQualityLevel:1 ; High quality]]
[2021.01.15-12.56.29:244][  0]LogConfig: Setting CVar [[r.SSS.Scale:1]]
[2021.01.15-12.56.29:244][  0]LogConfig: Setting CVar [[r.SSS.SampleSet:2]]
[2021.01.15-12.56.29:244][  0]LogConfig: Setting CVar [[r.SSS.Quality:1]]
[2021.01.15-12.56.29:244][  0]LogConfig: Setting CVar [[r.SSS.HalfRes:0]]
[2021.01.15-12.56.29:244][  0]LogConfig: Setting CVar [[r.SSGI.Quality:3]]
[2021.01.15-12.56.29:244][  0]LogConfig: Setting CVar [[r.EmitterSpawnRateScale:1.0]]
[2021.01.15-12.56.29:244][  0]LogConfig: Setting CVar [[r.ParticleLightQuality:2]]
[2021.01.15-12.56.29:244][  0]LogConfig: Setting CVar [[r.SkyAtmosphere.AerialPerspectiveLUT.FastApplyOnOpaque:1 ; Always have FastSkyLUT 1 in this case to avoid wrong sky]]
[2021.01.15-12.56.29:244][  0]LogConfig: Setting CVar [[r.SkyAtmosphere.AerialPerspectiveLUT.SampleCountPerSlice:1]]
[2021.01.15-12.56.29:244][  0]LogConfig: Setting CVar [[r.SkyAtmosphere.AerialPerspectiveLUT.DepthResolution:16.0]]
[2021.01.15-12.56.29:244][  0]LogConfig: Setting CVar [[r.SkyAtmosphere.FastSkyLUT:1]]
[2021.01.15-12.56.29:244][  0]LogConfig: Setting CVar [[r.SkyAtmosphere.FastSkyLUT.SampleCountMin:4.0]]
[2021.01.15-12.56.29:244][  0]LogConfig: Setting CVar [[r.SkyAtmosphere.FastSkyLUT.SampleCountMax:32.0]]
[2021.01.15-12.56.29:244][  0]LogConfig: Setting CVar [[r.SkyAtmosphere.SampleCountMin:4.0]]
[2021.01.15-12.56.29:244][  0]LogConfig: Setting CVar [[r.SkyAtmosphere.SampleCountMax:32.0]]
[2021.01.15-12.56.29:244][  0]LogConfig: Setting CVar [[r.SkyAtmosphere.TransmittanceLUT.UseSmallFormat:0]]
[2021.01.15-12.56.29:244][  0]LogConfig: Setting CVar [[r.SkyAtmosphere.TransmittanceLUT.SampleCount:10.0]]
[2021.01.15-12.56.29:244][  0]LogConfig: Setting CVar [[r.SkyAtmosphere.MultiScatteringLUT.SampleCount:15.0]]
[2021.01.15-12.56.29:244][  0]LogConfig: Applying CVar settings from Section [FoliageQuality@3] File [C:/Users/mandy/source/repos/Unreal/ThreeDMath/ThreeDMath/Saved/Config/Windows/Scalability.ini]
[2021.01.15-12.56.29:245][  0]LogConfig: Setting CVar [[foliage.DensityScale:1.0]]
[2021.01.15-12.56.29:245][  0]LogConfig: Setting CVar [[grass.DensityScale:1.0]]
[2021.01.15-12.56.29:245][  0]LogConfig: Applying CVar settings from Section [ShadingQuality@3] File [C:/Users/mandy/source/repos/Unreal/ThreeDMath/ThreeDMath/Saved/Config/Windows/Scalability.ini]
[2021.01.15-12.56.29:245][  0]LogConfig: Setting CVar [[r.HairStrands.SkyLighting.SampleCount:16]]
[2021.01.15-12.56.29:245][  0]LogConfig: Setting CVar [[r.HairStrands.SkyLighting.JitterIntegration:0]]
[2021.01.15-12.56.29:245][  0]LogConfig: Setting CVar [[r.HairStrands.SkyAO.SampleCount:16]]
[2021.01.15-12.56.29:245][  0]LogConfig: Setting CVar [[r.HairStrands.DeepShadow.SuperSampling:0]]
[2021.01.15-12.56.29:245][  0]LogConfig: Setting CVar [[r.HairStrands.VisibilityPPLL:0]]
[2021.01.15-12.56.29:245][  0]LogConfig: Setting CVar [[r.HairStrands.RasterizationScale:0.5]]
[2021.01.15-12.56.29:245][  0]LogConfig: Setting CVar [[r.HairStrands.VelocityRasterizationScale:1]]
[2021.01.15-12.56.29:245][  0]LogConfig: Applying CVar settings from Section [Startup] File [../../../Engine/Config/ConsoleVariables.ini]
[2021.01.15-12.56.29:245][  0]LogConfig: Setting CVar [[net.UseAdaptiveNetUpdateFrequency:0]]
[2021.01.15-12.56.29:245][  0]LogConfig: Setting CVar [[p.chaos.AllowCreatePhysxBodies:1]]
[2021.01.15-12.56.29:245][  0]LogConfig: Setting CVar [[fx.SkipVectorVMBackendOptimizations:1]]
[2021.01.15-12.56.29:245][  0]LogConfig: Applying CVar settings from Section [ConsoleVariables] File [C:/Users/mandy/source/repos/Unreal/ThreeDMath/ThreeDMath/Saved/Config/Windows/Engine.ini]
[2021.01.15-12.56.29:245][  0]LogInit: Computer: DESKTOP-MGG2SC5
[2021.01.15-12.56.29:245][  0]LogInit: User: mandy
[2021.01.15-12.56.29:245][  0]LogInit: CPU Page size=4096, Cores=8
[2021.01.15-12.56.29:245][  0]LogInit: High frequency timer resolution =10.000000 MHz
[2021.01.15-12.56.29:246][  0]LogMemory: Memory total: Physical=31.9GB (32GB approx)
[2021.01.15-12.56.29:246][  0]LogMemory: Platform Memory Stats for Windows
[2021.01.15-12.56.29:246][  0]LogMemory: Process Physical Memory: 116.71 MB used, 116.72 MB peak
[2021.01.15-12.56.29:246][  0]LogMemory: Process Virtual Memory: 109.16 MB used, 109.16 MB peak
[2021.01.15-12.56.29:246][  0]LogMemory: Physical Memory: 11707.61 MB used,  20974.04 MB free, 32681.65 MB total
[2021.01.15-12.56.29:246][  0]LogMemory: Virtual Memory: 5195.05 MB used,  134212536.00 MB free, 134217728.00 MB total
[2021.01.15-12.56.29:252][  0]LogWindows: WindowsPlatformFeatures enabled
[2021.01.15-12.56.29:403][  0]LogInit: Physics initialised using underlying interface: PhysX
[2021.01.15-12.56.29:404][  0]LogInit: Using OS detected language (en-US).
[2021.01.15-12.56.29:404][  0]LogInit: Using OS detected locale (en-US).
[2021.01.15-12.56.29:407][  0]LogTextLocalizationManager: No specific localization for 'en-US' exists, so the 'en' localization will be used.
[2021.01.15-12.56.29:525][  0]LogInit: Setting process to per monitor DPI aware
[2021.01.15-12.56.29:578][  0]LogSlate: New Slate User Created.  User Index 0, Is Virtual User: 0
[2021.01.15-12.56.29:578][  0]LogSlate: Slate User Registered.  User Index 0, Is Virtual User: 0
[2021.01.15-12.56.29:678][  0]LogHMD: Failed to initialize OpenVR with code 101
[2021.01.15-12.56.29:679][  0]LogD3D11RHI: D3D11 min allowed feature level: 11_0
[2021.01.15-12.56.29:679][  0]LogD3D11RHI: D3D11 max allowed feature level: 11_0
[2021.01.15-12.56.29:679][  0]LogD3D11RHI: D3D11 adapters:
[2021.01.15-12.56.29:744][  0]LogD3D11RHI:    0. 'NVIDIA GeForce RTX 2070' (Feature Level 11_0)
[2021.01.15-12.56.29:744][  0]LogD3D11RHI:       8031/0/16340 MB DedicatedVideo/DedicatedSystem/SharedSystem, Outputs:2, VendorId:0x10de
[2021.01.15-12.56.29:748][  0]LogD3D11RHI:    1. 'Microsoft Basic Render Driver' (Feature Level 11_0)
[2021.01.15-12.56.29:748][  0]LogD3D11RHI:       0/0/16340 MB DedicatedVideo/DedicatedSystem/SharedSystem, Outputs:0, VendorId:0x1414
[2021.01.15-12.56.29:748][  0]LogD3D11RHI: Chosen D3D11 Adapter: 0
[2021.01.15-12.56.29:755][  0]LogD3D11RHI: Creating new Direct3DDevice
[2021.01.15-12.56.29:755][  0]LogD3D11RHI:     GPU DeviceId: 0x1f02 (for the marketing name, search the web for "GPU Device Id")
[2021.01.15-12.56.29:755][  0]LogWindows: EnumDisplayDevices:
[2021.01.15-12.56.29:755][  0]LogWindows:    0. 'NVIDIA GeForce RTX 2070' (P:1 D:1)
[2021.01.15-12.56.29:755][  0]LogWindows:    1. 'NVIDIA GeForce RTX 2070' (P:0 D:1)
[2021.01.15-12.56.29:756][  0]LogWindows:    2. 'NVIDIA GeForce RTX 2070' (P:0 D:0)
[2021.01.15-12.56.29:756][  0]LogWindows:    3. 'NVIDIA GeForce RTX 2070' (P:0 D:0)
[2021.01.15-12.56.29:756][  0]LogWindows: DebugString: FoundDriverCount:4 
[2021.01.15-12.56.29:756][  0]LogD3D11RHI:     Adapter Name: NVIDIA GeForce RTX 2070
[2021.01.15-12.56.29:756][  0]LogD3D11RHI:   Driver Version: 451.48 (internal:27.21.14.5148, unified:451.48)
[2021.01.15-12.56.29:756][  0]LogD3D11RHI:      Driver Date: 6-21-2020
[2021.01.15-12.56.29:756][  0]LogRHI: Texture pool is 5621 MB (70% of 8031 MB)
[2021.01.15-12.56.29:799][  0]LogD3D11RHI: RHI has support for 64 bit atomics
[2021.01.15-12.56.29:799][  0]LogD3D11RHI: Async texture creation enabled
[2021.01.15-12.56.29:800][  0]LogD3D11RHI: Array index from any shader is supported
[2021.01.15-12.56.29:813][  0]LogD3D11RHI: GPU Timing Frequency: 1000.000000 (Debug: 2 1)
[2021.01.15-12.56.30:016][  0]LogTargetPlatformManager: Display: Loaded TargetPlatform 'AllDesktop'
[2021.01.15-12.56.30:036][  0]LogTargetPlatformManager: Display: Loaded TargetPlatform 'Android'
[2021.01.15-12.56.30:036][  0]LogTargetPlatformManager: Display: Loaded TargetPlatform 'Android_ASTC'
[2021.01.15-12.56.30:037][  0]LogTargetPlatformManager: Display: Loaded TargetPlatform 'Android_DXT'
[2021.01.15-12.56.30:037][  0]LogTargetPlatformManager: Display: Loaded TargetPlatform 'Android_ETC2'
[2021.01.15-12.56.30:037][  0]LogTargetPlatformManager: Display: Loaded TargetPlatform 'AndroidClient'
[2021.01.15-12.56.30:037][  0]LogTargetPlatformManager: Display: Loaded TargetPlatform 'Android_ASTCClient'
[2021.01.15-12.56.30:037][  0]LogTargetPlatformManager: Display: Loaded TargetPlatform 'Android_DXTClient'
[2021.01.15-12.56.30:037][  0]LogTargetPlatformManager: Display: Loaded TargetPlatform 'Android_ETC2Client'
[2021.01.15-12.56.30:037][  0]LogTargetPlatformManager: Display: Loaded TargetPlatform 'Android_Multi'
[2021.01.15-12.56.30:037][  0]LogTargetPlatformManager: Display: Loaded TargetPlatform 'Android_MultiClient'
[2021.01.15-12.56.30:072][  0]LogTargetPlatformManager: Display: Loaded TargetPlatform 'IOSClient'
[2021.01.15-12.56.30:072][  0]LogTargetPlatformManager: Display: Loaded TargetPlatform 'IOS'
[2021.01.15-12.56.30:084][  0]LogTargetPlatformManager: Display: Loaded TargetPlatform 'Linux'
[2021.01.15-12.56.30:096][  0]LogTargetPlatformManager: Display: Loaded TargetPlatform 'LinuxNoEditor'
[2021.01.15-12.56.30:107][  0]LogTargetPlatformManager: Display: Loaded TargetPlatform 'LinuxClient'
[2021.01.15-12.56.30:118][  0]LogTargetPlatformManager: Display: Loaded TargetPlatform 'LinuxServer'
[2021.01.15-12.56.30:129][  0]LogTargetPlatformManager: Display: Loaded TargetPlatform 'LinuxAArch64NoEditor'
[2021.01.15-12.56.30:140][  0]LogTargetPlatformManager: Display: Loaded TargetPlatform 'LinuxAArch64Client'
[2021.01.15-12.56.30:152][  0]LogTargetPlatformManager: Display: Loaded TargetPlatform 'LinuxAArch64Server'
[2021.01.15-12.56.30:176][  0]LogTargetPlatformManager: Display: Loaded TargetPlatform 'Lumin'
[2021.01.15-12.56.30:176][  0]LogTargetPlatformManager: Display: Loaded TargetPlatform 'LuminClient'
[2021.01.15-12.56.30:192][  0]LogTargetPlatformManager: Display: Loaded TargetPlatform 'TVOSClient'
[2021.01.15-12.56.30:192][  0]LogTargetPlatformManager: Display: Loaded TargetPlatform 'TVOS'
[2021.01.15-12.56.30:206][  0]LogTargetPlatformManager: Display: Loaded TargetPlatform 'WindowsNoEditor'
[2021.01.15-12.56.30:221][  0]LogTargetPlatformManager: Display: Loaded TargetPlatform 'Windows'
[2021.01.15-12.56.30:235][  0]LogTargetPlatformManager: Display: Loaded TargetPlatform 'WindowsClient'
[2021.01.15-12.56.30:249][  0]LogTargetPlatformManager: Display: Loaded TargetPlatform 'WindowsServer'
[2021.01.15-12.56.30:249][  0]LogTargetPlatformManager: Display: Building Assets For Windows
[2021.01.15-12.56.30:274][  0]LogAudioDebug: Display: Lib vorbis DLL was dynamically loaded.
[2021.01.15-12.56.30:431][  0]LogShaderCompilers: Guid format shader working directory is -26 characters bigger than the processId version (../../../../../../Users/mandy/source/repos/Unreal/ThreeDMath/ThreeDMath/Intermediate/Shaders/WorkingDirectory/25656/).
[2021.01.15-12.56.30:432][  0]LogShaderCompilers: Cleaned the shader compiler working directory 'C:/Users/mandy/AppData/Local/Temp/UnrealShaderWorkingDir/28EE7F7241A63E707E4B429D66317CAF/'.
[2021.01.15-12.56.30:432][  0]LogXGEController: Cleaning working directory: C:/Users/mandy/AppData/Local/Temp/UnrealXGEWorkingDir/
[2021.01.15-12.56.30:432][  0]LogXGEController: Cannot use XGE Controller as Incredibuild is not installed on this machine.
[2021.01.15-12.56.30:432][  0]LogShaderCompilers: Cannot use XGE Shader Compiler as Incredibuild is not installed on this machine.
[2021.01.15-12.56.30:432][  0]LogShaderCompilers: Display: Using Local Shader Compiler.
[2021.01.15-12.56.30:986][  0]LogDerivedDataCache: Display: Max Cache Size: 512 MB
[2021.01.15-12.56.31:041][  0]LogDerivedDataCache: Loaded boot cache 0.05s 79MB C:/Users/mandy/AppData/Local/UnrealEngine/4.25/DerivedDataCache/Boot.ddc.
[2021.01.15-12.56.31:041][  0]LogDerivedDataCache: Display: Loaded Boot cache: C:/Users/mandy/AppData/Local/UnrealEngine/4.25/DerivedDataCache/Boot.ddc
[2021.01.15-12.56.31:042][  0]LogDerivedDataCache: FDerivedDataBackendGraph:  Pak pak cache file ../../../../../../Users/mandy/source/repos/Unreal/ThreeDMath/ThreeDMath/DerivedDataCache/DDC.ddp not found, will not use a pak cache.
[2021.01.15-12.56.31:042][  0]LogDerivedDataCache: Unable to find inner node Pak for hierarchical cache Hierarchy.
[2021.01.15-12.56.31:042][  0]LogDerivedDataCache: FDerivedDataBackendGraph:  CompressedPak pak cache file ../../../../../../Users/mandy/source/repos/Unreal/ThreeDMath/ThreeDMath/DerivedDataCache/Compressed.ddp not found, will not use a pak cache.
[2021.01.15-12.56.31:042][  0]LogDerivedDataCache: Unable to find inner node CompressedPak for hierarchical cache Hierarchy.
[2021.01.15-12.56.31:051][  0]LogDerivedDataCache: Display: Pak cache opened for reading ../../../Engine/DerivedDataCache/Compressed.ddp.
[2021.01.15-12.56.31:051][  0]LogDerivedDataCache: FDerivedDataBackendGraph:  EnterprisePak pak cache file ../../../Enterprise/DerivedDataCache/Compressed.ddp not found, will not use a pak cache.
[2021.01.15-12.56.31:051][  0]LogDerivedDataCache: Unable to find inner node EnterprisePak for hierarchical cache Hierarchy.
[2021.01.15-12.56.31:053][  0]LogDerivedDataCache: Using Local data cache path C:/Users/mandy/AppData/Local/UnrealEngine/Common/DerivedDataCache: Writable
[2021.01.15-12.56.31:053][  0]LogDerivedDataCache: Shared data cache path not found in *engine.ini, will not use an Shared cache.
[2021.01.15-12.56.31:053][  0]LogDerivedDataCache: Unable to find inner node Shared for hierarchical cache Hierarchy.
[2021.01.15-12.56.31:090][  0]LogSlate: Using FreeType 2.10.0
[2021.01.15-12.56.31:091][  0]LogSlate: SlateFontServices - WITH_FREETYPE: 1, WITH_HARFBUZZ: 1
[2021.01.15-12.56.31:115][  0]LogAssetRegistry: FAssetRegistry took 0.0031 seconds to start up
[2021.01.15-12.56.31:277][  0]LogInit: Selected Device Profile: [Windows]
[2021.01.15-12.56.31:429][  0]LogMeshReduction: Using QuadricMeshReduction for automatic static mesh reduction
[2021.01.15-12.56.31:429][  0]LogMeshReduction: Using SimplygonMeshReduction for automatic skeletal mesh reduction
[2021.01.15-12.56.31:429][  0]LogMeshReduction: Using ProxyLODMeshReduction for automatic mesh merging
[2021.01.15-12.56.31:429][  0]LogMeshReduction: No distributed automatic mesh merging module available
[2021.01.15-12.56.31:429][  0]LogMeshMerging: No distributed automatic mesh merging module available
[2021.01.15-12.56.31:447][  0]LogNetVersion: ThreeDMath 1.0.0, NetCL: 13144385, EngineNetVer: 14, GameNetVer: 0 (Checksum: 3053125553)
[2021.01.15-12.56.31:758][  0]LogAISub: UAISubsystem::UAISubsystem AISubsystem (000001558AC4C340), frame # 0
[2021.01.15-12.56.31:758][  0]LogAISub: UAISubsystem::UAISubsystem AIPerceptionSystem (000001558AB92AC0), frame # 0
[2021.01.15-12.56.31:759][  0]LogAISub: UAISubsystem::UAISubsystem EnvQueryManager (000001558ABE9C00), frame # 0
[2021.01.15-12.56.31:785][  0]LogPackageLocalizationCache: Processed 19 localized package path(s) for 1 prioritized culture(s) in 0.022014 seconds
[2021.01.15-12.56.31:789][  0]LogUObjectArray: 15917 objects as part of root set at end of initial load.
[2021.01.15-12.56.31:789][  0]LogUObjectAllocator: 3965568 out of 0 bytes used by permanent object pool.
[2021.01.15-12.56.31:789][  0]LogUObjectArray: CloseDisregardForGC: 0/0 objects in disregard for GC pool
[2021.01.15-12.56.32:549][  0]LogTcpMessaging: Initializing TcpMessaging bridge
[2021.01.15-12.56.32:559][  0]LogUdpMessaging: Initializing bridge on interface 0.0.0.0:0 to multicast group 230.0.0.1:6666.
[2021.01.15-12.56.32:758][  0]LogLinker: Warning: Failed to load '/Game/ThirdPersonBP/ThirdPersonOverview': Can't find file.
[2021.01.15-12.56.32:759][  0]LogLinker: Warning: Failed to load '/Game/ThirdPersonBP/ThirdPersonOverview': Can't find file.
[2021.01.15-12.56.32:759][  0]LogUObjectGlobals: Warning: Failed to find object 'Class /Game/ThirdPersonBP/ThirdPersonOverview.ThirdPersonOverview_C'
[2021.01.15-12.56.32:845][  0]SourceControl: Source control is disabled
[2021.01.15-12.56.32:846][  0]SourceControl: Source control is disabled
[2021.01.15-12.56.32:862][  0]SourceControl: Source control is disabled
[2021.01.15-12.56.32:871][  0]SourceControl: Source control is disabled
[2021.01.15-12.56.32:889][  0]SourceControl: Source control is disabled
[2021.01.15-12.56.33:516][  0]LogAndroidPermission: UAndroidPermissionCallbackProxy::GetInstance
[2021.01.15-12.56.33:574][  0]LogAudioCaptureCore: Display: No Audio Capture implementations found. Audio input will be silent.
[2021.01.15-12.56.33:574][  0]LogAudioCaptureCore: Display: No Audio Capture implementations found. Audio input will be silent.
[2021.01.15-12.56.33:670][  0]LogOcInput: OculusInput pre-init called
[2021.01.15-12.56.33:691][  0]LogWindows: Failed to load 'OVRPlugin.dll' (GetLastError=126)
[2021.01.15-12.56.33:691][  0]LogWindows: File 'OVRPlugin.dll' does not exist
[2021.01.15-12.56.33:789][  0]LogEngine: Initializing Engine...
[2021.01.15-12.56.33:790][  0]LogHMD: Failed to initialize OpenVR with code 101
[2021.01.15-12.56.33:790][  0]LogMagicLeap: Warning: VR disabled because ZI is not enabled.  To enable, in the editor, Edit -> Project Settings -> Plugins -> Magic Leap Plugin -> Enable Zero Iteration
[2021.01.15-12.56.33:791][  0]LogStats: UGameplayTagsManager::InitializeManager -  0.000 s
[2021.01.15-12.56.33:883][  0]LogInit: Initializing FReadOnlyCVARCache
[2021.01.15-12.56.33:898][  0]LogAIModule: Creating AISystem for world Untitled
[2021.01.15-12.56.33:898][  0]LogAISub: UAISubsystem::UAISubsystem EnvQueryManager (0000015591201E00), frame # 0
[2021.01.15-12.56.33:898][  0]LogAISub: UAISubsystem::UAISubsystem AIPerceptionSystem (000001559121EE80), frame # 0
[2021.01.15-12.56.33:920][  0]LogAudioMixer: Display: Audio Mixer Platform Settings:
[2021.01.15-12.56.33:920][  0]LogAudioMixer: Display: 	Sample Rate:						  48000
[2021.01.15-12.56.33:920][  0]LogAudioMixer: Display: 	Callback Buffer Frame Size Requested: 1024
[2021.01.15-12.56.33:920][  0]LogAudioMixer: Display: 	Callback Buffer Frame Size To Use:	  1024
[2021.01.15-12.56.33:920][  0]LogAudioMixer: Display: 	Number of buffers to queue:			  2
[2021.01.15-12.56.33:921][  0]LogAudioMixer: Display: 	Max Channels (voices):				  32
[2021.01.15-12.56.33:921][  0]LogAudioMixer: Display: 	Number of Async Source Workers:		  0
[2021.01.15-12.56.33:921][  0]LogAudio: Display: AudioDevice MaxSources: 32
[2021.01.15-12.56.33:921][  0]LogAudio: Display: Using built-in audio occlusion.
[2021.01.15-12.56.33:921][  0]LogAudioMixer: Display: Initializing audio mixer.
[2021.01.15-12.56.33:937][  0]LogAudioMixer: Display: 0: FrontLeft
[2021.01.15-12.56.33:937][  0]LogAudioMixer: Display: 1: FrontRight
[2021.01.15-12.56.33:976][  0]LogAudioMixer: Display: Using Audio Device Headphones (Flow U Stereo)
[2021.01.15-12.56.33:979][  0]LogAudioMixer: Display: Initializing Sound Submixes...
[2021.01.15-12.56.33:980][  0]LogAudioMixer: Display: Creating Master Submix 'MasterSubmixDefault'
[2021.01.15-12.56.33:980][  0]LogAudioMixer: Display: Creating Master Submix 'MasterReverbSubmixDefault'
[2021.01.15-12.56.33:981][  0]LogAudioMixer: Display: Creating Master Submix 'MasterEQSubmixDefault'
[2021.01.15-12.56.33:983][  0]LogInit: FAudioDevice initialized.
[2021.01.15-12.56.33:983][  0]LogNetVersion: Set ProjectVersion to 1.0.0.0. Version Checksum will be recalculated on next use.
[2021.01.15-12.56.34:030][  0]LogDerivedDataCache: Saved boot cache 0.05s 79MB C:/Users/mandy/AppData/Local/UnrealEngine/4.25/DerivedDataCache/Boot.ddc.
[2021.01.15-12.56.34:031][  0]LogInit: Texture streaming: Enabled
[2021.01.15-12.56.34:066][  0]LogEngineSessionManager: EngineSessionManager initialized
[2021.01.15-12.56.34:067][  0]LogEngineSessionManager: EngineSessionManager sent abnormal shutdown report. Type=Debugger, SessionId={2BC6E72A-489F-FC54-DA16-25A296523FAC}
[2021.01.15-12.56.34:067][  0]LogEditorSessionSummary: Verbose: Initializing EditorSessionSummaryWriter for editor session tracking
[2021.01.15-12.56.34:068][  0]LogEditorSessionSummary: EditorSessionSummaryWriter initialized
[2021.01.15-12.56.34:108][  0]LogInit: Transaction tracking system initialized
[2021.01.15-12.56.34:163][  0]BlueprintLog: New page: Editor Load
[2021.01.15-12.56.34:357][  0]LocalizationService: Localization service is disabled
[2021.01.15-12.56.34:601][  0]LogCook: Display: Max memory allowance for cook 16384mb min free memory 0mb
[2021.01.15-12.56.34:601][  0]LogCook: Display: Mobile HDR setting 1
[2021.01.15-12.56.34:903][  0]LogFileCache: Scanning file cache for directory 'C:/Users/mandy/source/repos/Unreal/ThreeDMath/ThreeDMath/Content/' took 0.00s
[2021.01.15-12.56.35:116][  0]SourceControl: Source control is disabled
[2021.01.15-12.56.35:116][  0]LogUnrealEdMisc: Loading editor; pre map load, took 7.360
[2021.01.15-12.56.35:116][  0]Cmd: MAP LOAD FILE="../../../../../../Users/mandy/source/repos/Unreal/ThreeDMath/ThreeDMath/Content/Levels/TestMap.umap" TEMPLATE=0 SHOWPROGRESS=1 FEATURELEVEL=3
[2021.01.15-12.56.35:117][  0]LightingResults: New page: Lighting Build
[2021.01.15-12.56.35:117][  0]LogWorld: UWorld::CleanupWorld for Untitled, bSessionEnded=true, bCleanupResources=true
[2021.01.15-12.56.35:117][  0]LogSlate: InvalidateAllWidgets triggered.  All widgets were invalidated
[2021.01.15-12.56.35:118][  0]MapCheck: New page: Map Check
[2021.01.15-12.56.35:118][  0]LightingResults: New page: Lighting Build
[2021.01.15-12.56.35:128][  0]LogAISub: UAISubsystem::~UAISubsystem EnvQueryManager (0000015591201E00), frame # 0
[2021.01.15-12.56.35:128][  0]LogAISub: UAISubsystem::~UAISubsystem AIPerceptionSystem (000001559121EE80), frame # 0
[2021.01.15-12.56.35:130][  0]LogUObjectHash: Compacting FUObjectHashTables data took   1.08ms
[2021.01.15-12.56.35:183][  0]LogAIModule: Creating AISystem for world TestMap
[2021.01.15-12.56.35:184][  0]LogAISub: UAISubsystem::UAISubsystem EnvQueryManager (0000015583E9BE00), frame # 0
[2021.01.15-12.56.35:184][  0]LogAISub: UAISubsystem::UAISubsystem AIPerceptionSystem (000001558F20FD80), frame # 0
[2021.01.15-12.56.35:197][  0]LogEditorServer: Finished looking for orphan Actors (0.000 secs)
[2021.01.15-12.56.35:209][  0]LogUObjectHash: Compacting FUObjectHashTables data took   0.95ms
[2021.01.15-12.56.35:209][  0]Cmd: MAP CHECKDEP NOCLEARLOG
[2021.01.15-12.56.35:210][  0]MapCheck: Map check complete: 0 Error(s), 0 Warning(s), took 0.368ms to complete.
[2021.01.15-12.56.35:210][  0]LogFileHelpers: Loading map 'TestMap' took 0.095
[2021.01.15-12.56.35:212][  0]LogUnrealEdMisc: Total Editor Startup Time, took 7.457
[2021.01.15-12.56.35:316][  0]LogSlate: Updating window title bar state: overlay mode, drag disabled, window buttons hidden, title bar hidden
[2021.01.15-12.56.35:321][  0]LogSlate: Updating window title bar state: overlay mode, drag disabled, window buttons hidden, title bar hidden
[2021.01.15-12.56.35:328][  0]LogSlate: Updating window title bar state: overlay mode, drag disabled, window buttons hidden, title bar hidden
[2021.01.15-12.56.35:333][  0]LogSlate: Updating window title bar state: overlay mode, drag disabled, window buttons hidden, title bar hidden
[2021.01.15-12.56.35:344][  0]LogCollectionManager: Loaded 0 collections in 0.001555 seconds
[2021.01.15-12.56.35:358][  0]LogFileCache: Scanning file cache for directory 'C:/Users/mandy/source/repos/Unreal/ThreeDMath/ThreeDMath/Saved/Collections/' took 0.00s
[2021.01.15-12.56.35:358][  0]LogFileCache: Scanning file cache for directory 'C:/Users/mandy/source/repos/Unreal/ThreeDMath/ThreeDMath/Content/Developers/mandy/Collections/' took 0.00s
[2021.01.15-12.56.35:358][  0]LogFileCache: Scanning file cache for directory 'C:/Users/mandy/source/repos/Unreal/ThreeDMath/ThreeDMath/Content/Collections/' took 0.00s
[2021.01.15-12.56.35:358][  0]LogContentBrowser: Native class hierarchy populated in 0.0068 seconds. Added 3431 classes and 823 folders.
[2021.01.15-12.56.35:360][  0]LogContentBrowser: Native class hierarchy updated for 'WidgetCarousel' in 0.0002 seconds. Added 0 classes and 0 folders.
[2021.01.15-12.56.35:391][  0]LogContentBrowser: Native class hierarchy updated for 'AddContentDialog' in 0.0003 seconds. Added 0 classes and 0 folders.
[2021.01.15-12.56.35:395][  0]LogContentBrowser: Native class hierarchy updated for 'SceneOutliner' in 0.0002 seconds. Added 2 classes and 0 folders.
[2021.01.15-12.56.35:473][  0]LogSlate: Took 0.000155 seconds to synchronously load lazily loaded font '../../../Engine/Content/Slate/Fonts/Roboto-Regular.ttf' (155K)
[2021.01.15-12.56.35:474][  0]LogSlate: Took 0.000112 seconds to synchronously load lazily loaded font '../../../Engine/Content/Slate/Fonts/Roboto-Bold.ttf' (160K)
[2021.01.15-12.56.35:477][  0]LogSlate: Took 0.000094 seconds to synchronously load lazily loaded font '../../../Engine/Content/Editor/Slate/Fonts/FontAwesome.ttf' (139K)
[2021.01.15-12.56.35:526][  0]LogRenderer: Reallocating scene render targets to support 1208x612 Format 10 NumSamples 1 (Frame:1).
[2021.01.15-12.56.35:607][  0]LogContentBrowser: Native class hierarchy updated for 'HierarchicalLODOutliner' in 0.0003 seconds. Added 0 classes and 0 folders.
[2021.01.15-12.56.35:607][  0]LogLoad: (Engine Initialization) Total time: 7.85 seconds
[2021.01.15-12.56.35:607][  0]LogLoad: (Engine Initialization) Total Blueprint compile time: 0.00 seconds
[2021.01.15-12.56.35:637][  0]LogAssetRegistry: Asset discovery search completed in 4.5238 seconds
[2021.01.15-12.56.35:641][  0]LogCollectionManager: Fixed up redirectors for 0 collections in 0.000002 seconds (updated 0 objects)
[2021.01.15-12.56.35:643][  0]LogContentStreaming: Texture pool size now 1000 MB
[2021.01.15-12.56.35:666][  0]LogSlate: Took 0.000109 seconds to synchronously load lazily loaded font '../../../Engine/Content/Slate/Fonts/Roboto-Light.ttf' (167K)
[2021.01.15-12.56.39:752][207]LogEditorViewport: Clicking on Actor (LMB): BP_Orbiter_C (BP_Orbiter)
[2021.01.15-12.56.41:462][401]LogTemp: Repeating last play command: Selected Viewport
[2021.01.15-12.56.41:469][401]LogPlayLevel: PlayLevel: No blueprints needed recompiling
[2021.01.15-12.56.41:469][401]PIE: New page: PIE session: TestMap (Jan 15, 2021, 2:56:41 PM)
[2021.01.15-12.56.41:471][401]LogOnline: OSS: Creating online subsystem instance for: NULL
[2021.01.15-12.56.41:474][401]LogOnline: OSS: TryLoadSubsystemAndSetDefault: Loaded subsystem for module [NULL]
[2021.01.15-12.56.41:474][401]LogPlayLevel: Creating play world package: /Game/Levels/UEDPIE_0_TestMap
[2021.01.15-12.56.41:487][401]LogPlayLevel: PIE: StaticDuplicateObject took: (0.013046s)
[2021.01.15-12.56.41:488][401]LogAIModule: Creating AISystem for world TestMap
[2021.01.15-12.56.41:489][401]LogAISub: UAISubsystem::UAISubsystem EnvQueryManager (00000155B1699C00), frame # 401
[2021.01.15-12.56.41:489][401]LogAISub: UAISubsystem::UAISubsystem AIPerceptionSystem (0000015583E579C0), frame # 401
[2021.01.15-12.56.41:489][401]LogPlayLevel: PIE: World Init took: (0.001714s)
[2021.01.15-12.56.41:489][401]LogPlayLevel: PIE: Created PIE world by copying editor world from /Game/Levels/TestMap.TestMap to /Game/Levels/UEDPIE_0_TestMap.TestMap (0.015432s)
[2021.01.15-12.56.41:499][401]LogUObjectHash: Compacting FUObjectHashTables data took   0.59ms
[2021.01.15-12.56.41:501][401]LogAudioMixer: Display: Audio Mixer Platform Settings:
[2021.01.15-12.56.41:501][401]LogAudioMixer: Display: 	Sample Rate:						  48000
[2021.01.15-12.56.41:501][401]LogAudioMixer: Display: 	Callback Buffer Frame Size Requested: 1024
[2021.01.15-12.56.41:501][401]LogAudioMixer: Display: 	Callback Buffer Frame Size To Use:	  1024
[2021.01.15-12.56.41:501][401]LogAudioMixer: Display: 	Number of buffers to queue:			  2
[2021.01.15-12.56.41:501][401]LogAudioMixer: Display: 	Max Channels (voices):				  32
[2021.01.15-12.56.41:501][401]LogAudioMixer: Display: 	Number of Async Source Workers:		  0
[2021.01.15-12.56.41:501][401]LogAudio: Display: AudioDevice MaxSources: 32
[2021.01.15-12.56.41:501][401]LogAudio: Display: Using built-in audio occlusion.
[2021.01.15-12.56.41:501][401]LogAudioMixer: Display: Initializing audio mixer.
[2021.01.15-12.56.41:504][401]LogAudioMixer: Display: 0: FrontLeft
[2021.01.15-12.56.41:505][401]LogAudioMixer: Display: 1: FrontRight
[2021.01.15-12.56.41:527][401]LogAudioMixer: Display: Using Audio Device Headphones (Flow U Stereo)
[2021.01.15-12.56.41:527][401]LogAudioMixer: Display: Initializing Sound Submixes...
[2021.01.15-12.56.41:527][401]LogAudioMixer: Display: Creating Master Submix 'MasterSubmixDefault'
[2021.01.15-12.56.41:527][401]LogAudioMixer: Display: Creating Master Submix 'MasterReverbSubmixDefault'
[2021.01.15-12.56.41:528][401]LogAudioMixer: Display: Creating Master Submix 'MasterEQSubmixDefault'
[2021.01.15-12.56.41:538][401]LogInit: FAudioDevice initialized.
[2021.01.15-12.56.41:546][401]LogLoad: Game class is 'ThreeDMathGameMode'
[2021.01.15-12.56.41:548][401]LogWorld: Bringing World /Game/Levels/UEDPIE_0_TestMap.TestMap up for play (max tick rate 0) at 2021.01.15-13.56.41
[2021.01.15-12.56.41:548][401]LogWorld: Bringing up level for play took: 0.001138
[2021.01.15-12.56.41:549][401]LogOnline: OSS: Creating online subsystem instance for: :Context_2
[2021.01.15-12.56.41:550][401]LogGameMode: FindPlayerStart: PATHS NOT DEFINED or NO PLAYERSTART with positive rating
[2021.01.15-12.56.41:552][401]LogContentBrowser: Native class hierarchy updated for 'MovieSceneCapture' in 0.0003 seconds. Added 20 classes and 0 folders.
[2021.01.15-12.56.41:552][401]PIE: Server logged in
[2021.01.15-12.56.41:553][401]PIE: Play in editor total start time 0.085 seconds.
[2021.01.15-12.56.48:924][255]LogSlate: Updating window title bar state: overlay mode, drag disabled, window buttons hidden, title bar hidden
[2021.01.15-12.56.48:925][255]LogWorld: BeginTearingDown for /Game/Levels/UEDPIE_0_TestMap
[2021.01.15-12.56.48:925][255]LogWorld: UWorld::CleanupWorld for TestMap, bSessionEnded=true, bCleanupResources=true
[2021.01.15-12.56.48:925][255]LogSlate: InvalidateAllWidgets triggered.  All widgets were invalidated
[2021.01.15-12.56.48:935][255]LogPlayLevel: Display: Shutting down PIE online subsystems
[2021.01.15-12.56.48:936][255]LogSlate: InvalidateAllWidgets triggered.  All widgets were invalidated
[2021.01.15-12.56.48:973][255]LogSlate: Updating window title bar state: overlay mode, drag disabled, window buttons hidden, title bar hidden
[2021.01.15-12.56.48:974][255]LogAISub: UAISubsystem::~UAISubsystem EnvQueryManager (00000155B1699C00), frame # 1255
[2021.01.15-12.56.48:974][255]LogAISub: UAISubsystem::~UAISubsystem AIPerceptionSystem (0000015583E579C0), frame # 1255
[2021.01.15-12.56.48:975][255]LogUObjectHash: Compacting FUObjectHashTables data took   0.44ms
[2021.01.15-12.56.49:000][257]LogPlayLevel: Display: Destroying online subsystem :Context_2
[2021.01.15-12.56.52:233][644]LogEditorViewport: Clicking on Actor (LMB): BP_Orbiter_C (BP_Orbiter)
[2021.01.15-12.57.10:409][782]LogSlate: Took 0.000127 seconds to synchronously load lazily loaded font '../../../Engine/Content/Slate/Fonts/Roboto-Light.ttf' (167K)
[2021.01.15-12.57.10:434][782]Cmd: OBJ SAVEPACKAGE PACKAGE="/Game/Levels/TestMap" FILE="../../../../../../Users/mandy/source/repos/Unreal/ThreeDMath/ThreeDMath/Content/Levels/TestMap.umap" SILENT=true AUTOSAVING=false KEEPDIRTY=false
[2021.01.15-12.57.10:445][782]LogUObjectHash: Compacting FUObjectHashTables data took   0.44ms
[2021.01.15-12.57.10:469][782]LogSavePackage: Moving '../../../../../../Users/mandy/source/repos/Unreal/ThreeDMath/ThreeDMath/Saved/TestMap03C7AFE84186D510BD1977B87DFE5829.tmp' to '../../../../../../Users/mandy/source/repos/Unreal/ThreeDMath/ThreeDMath/Content/Levels/TestMap.umap'
[2021.01.15-12.57.10:482][782]Cmd: OBJ SAVEPACKAGE PACKAGE="/Game/Levels/TestMap_BuiltData" FILE="../../../../../../Users/mandy/source/repos/Unreal/ThreeDMath/ThreeDMath/Content/Levels/TestMap_BuiltData.uasset" SILENT=true
[2021.01.15-12.57.10:495][782]LogSavePackage: Moving '../../../../../../Users/mandy/source/repos/Unreal/ThreeDMath/ThreeDMath/Saved/TestMap_BuiltData9CEDAEC34ED6FDE28AFB92A10D2C4189.tmp' to '../../../../../../Users/mandy/source/repos/Unreal/ThreeDMath/ThreeDMath/Content/Levels/TestMap_BuiltData.uasset'
[2021.01.15-12.57.10:506][782]AssetCheck: New page: Asset Save: multiple assets
[2021.01.15-12.57.10:507][782]LogContentValidation: Display: Validating World /Game/Levels/TestMap.TestMap
[2021.01.15-12.57.10:507][782]LogContentValidation: Display: Validating MapBuildDataRegistry /Game/Levels/TestMap_BuiltData.TestMap_BuiltData
