Log file open, 01/18/21 13:39:57
LogInit: Display: Running engine for game: ThreeDMath
LogPlatformFile: Not using cached read wrapper
LogTaskGraph: Started task graph with 5 named threads and 47 total threads with 3 sets of task threads.
LogStats: Stats thread started at 0.249198
LogD3D11RHI: Loaded GFSDK_Aftermath_Lib.x64.dll
LogICUInternationalization: ICU TimeZone Detection - Raw Offset: +1:00, Platform Override: ''
LogPluginManager: Mounting plugin Paper2D
LogPluginManager: Mounting plugin AISupport
LogPluginManager: Mounting plugin LightPropagationVolume
LogPluginManager: Mounting plugin CameraShakePreviewer
LogPluginManager: Mounting plugin ActorLayerUtilities
LogPluginManager: Mounting plugin AnimationSharing
LogPluginManager: Mounting plugin CLionSourceCodeAccess
LogPluginManager: Mounting plugin CodeLiteSourceCodeAccess
LogPluginManager: Mounting plugin GitSourceControl
LogPluginManager: Mounting plugin KDevelopSourceCodeAccess
LogPluginManager: Mounting plugin NullSourceCodeAccess
LogPluginManager: Mounting plugin PerforceSourceControl
LogPluginManager: Mounting plugin PlasticSourceControl
LogPluginManager: Mounting plugin RiderSourceCodeAccess
LogPluginManager: Mounting plugin SubversionSourceControl
LogPluginManager: Mounting plugin UObjectPlugin
LogPluginManager: Mounting plugin VisualStudioCodeSourceCodeAccess
LogPluginManager: Mounting plugin VisualStudioSourceCodeAccess
LogPluginManager: Mounting plugin XCodeSourceCodeAccess
LogPluginManager: Mounting plugin AssetManagerEditor
LogPluginManager: Mounting plugin CryptoKeys
LogPluginManager: Mounting plugin CurveEditorTools
LogPluginManager: Mounting plugin DataValidation
LogPluginManager: Mounting plugin EditorScriptingUtilities
LogPluginManager: Mounting plugin FacialAnimation
LogPluginManager: Mounting plugin GameplayTagsEditor
LogPluginManager: Mounting plugin GeometryMode
LogPluginManager: Mounting plugin MacGraphicsSwitching
LogPluginManager: Mounting plugin MaterialAnalyzer
LogPluginManager: Mounting plugin MobileLauncherProfileWizard
LogPluginManager: Mounting plugin PluginBrowser
LogPluginManager: Mounting plugin SpeedTreeImporter
LogPluginManager: Mounting plugin DatasmithContent
LogPluginManager: Mounting plugin VariantManagerContent
LogPluginManager: Mounting plugin AlembicImporter
LogPluginManager: Mounting plugin AutomationUtils
LogPluginManager: Mounting plugin BackChannel
LogPluginManager: Mounting plugin ChaosCloth
LogPluginManager: Mounting plugin ChaosClothEditor
LogPluginManager: Mounting plugin ChaosEditor
LogPluginManager: Mounting plugin ChaosNiagara
LogPluginManager: Mounting plugin ChaosSolverPlugin
LogPluginManager: Mounting plugin CharacterAI
LogPluginManager: Mounting plugin GeometryCache
LogPluginManager: Mounting plugin GeometryCollectionPlugin
LogPluginManager: Mounting plugin GeometryProcessing
LogPluginManager: Mounting plugin PlanarCut
LogPluginManager: Mounting plugin PlatformCrypto
LogPluginManager: Mounting plugin ProxyLODPlugin
LogPluginManager: Mounting plugin SkeletalReduction
LogPluginManager: Mounting plugin Niagara
LogPluginManager: Mounting plugin MagicLeap
LogPluginManager: Mounting plugin MagicLeapLightEstimation
LogPluginManager: Mounting plugin MagicLeapMedia
LogPluginManager: Mounting plugin MagicLeapPassableWorld
LogPluginManager: Mounting plugin MLSDK
LogPluginManager: Mounting plugin AndroidMedia
LogPluginManager: Mounting plugin AvfMedia
LogPluginManager: Mounting plugin ImgMedia
LogPluginManager: Mounting plugin MediaCompositing
LogPluginManager: Mounting plugin MediaPlayerEditor
LogPluginManager: Mounting plugin WebMMedia
LogPluginManager: Mounting plugin WmfMedia
LogPluginManager: Mounting plugin MeshPainting
LogPluginManager: Mounting plugin TcpMessaging
LogPluginManager: Mounting plugin UdpMessaging
LogPluginManager: Mounting plugin ActorSequence
LogPluginManager: Mounting plugin LevelSequenceEditor
LogPluginManager: Mounting plugin MatineeToLevelSequence
LogPluginManager: Mounting plugin MovieRenderPipeline
LogPluginManager: Mounting plugin TemplateSequence
LogPluginManager: Mounting plugin NetcodeUnitTest
LogPluginManager: Mounting plugin NUTUnrealEngine4
LogPluginManager: Mounting plugin OnlineSubsystemGooglePlay
LogPluginManager: Mounting plugin OnlineSubsystemIOS
LogPluginManager: Mounting plugin OnlineSubsystem
LogPluginManager: Mounting plugin OnlineSubsystemNull
LogPluginManager: Mounting plugin OnlineSubsystemUtils
LogPluginManager: Mounting plugin LauncherChunkInstaller
LogPluginManager: Mounting plugin AndroidDeviceProfileSelector
LogPluginManager: Mounting plugin AndroidMoviePlayer
LogPluginManager: Mounting plugin AndroidPermission
LogPluginManager: Mounting plugin AppleImageUtils
LogPluginManager: Mounting plugin AppleMoviePlayer
LogPluginManager: Mounting plugin ArchVisCharacter
LogPluginManager: Mounting plugin AssetTags
LogPluginManager: Mounting plugin AudioCapture
LogPluginManager: Mounting plugin CableComponent
LogPluginManager: Mounting plugin CustomMeshComponent
LogPluginManager: Mounting plugin EditableMesh
LogPluginManager: Mounting plugin ExampleDeviceProfileSelector
LogPluginManager: Mounting plugin GoogleCloudMessaging
LogPluginManager: Mounting plugin GooglePAD
LogPluginManager: Mounting plugin IOSDeviceProfileSelector
LogPluginManager: Mounting plugin LinuxDeviceProfileSelector
LogPluginManager: Mounting plugin LocationServicesBPLibrary
LogPluginManager: Mounting plugin MobilePatchingUtils
LogPluginManager: Mounting plugin OculusVR
LogPluginManager: Mounting plugin PhysXVehicles
LogPluginManager: Mounting plugin PostSplashScreen
LogPluginManager: Mounting plugin ProceduralMeshComponent
LogPluginManager: Mounting plugin RuntimePhysXCooking
LogPluginManager: Mounting plugin SignificanceManager
LogPluginManager: Mounting plugin SoundFields
LogPluginManager: Mounting plugin SteamVR
LogPluginManager: Mounting plugin Synthesis
LogPluginManager: Mounting plugin WebMMoviePlayer
LogPluginManager: Mounting plugin WindowsMoviePlayer
LogPluginManager: Mounting plugin ScreenshotTools
LogInit: Using libcurl 7.55.1-DEV
LogInit:  - built for x86_64-pc-win32
LogInit:  - supports SSL with OpenSSL/1.1.1
LogInit:  - supports HTTP deflate (compression) using libz 1.2.8
LogInit:  - other features:
LogInit:      CURL_VERSION_SSL
LogInit:      CURL_VERSION_LIBZ
LogInit:      CURL_VERSION_IPV6
LogInit:      CURL_VERSION_ASYNCHDNS
LogInit:      CURL_VERSION_LARGEFILE
LogInit:      CURL_VERSION_IDN
LogInit:  CurlRequestOptions (configurable via config and command line):
LogInit:  - bVerifyPeer = true  - Libcurl will verify peer certificate
LogInit:  - bUseHttpProxy = false  - Libcurl will NOT use HTTP proxy
LogInit:  - bDontReuseConnections = false  - Libcurl will reuse connections
LogInit:  - MaxHostConnections = 16  - Libcurl will limit the number of connections to a host
LogInit:  - LocalHostAddr = Default
LogInit:  - BufferSize = 65536
LogOnline: OSS: Creating online subsystem instance for: NULL
LogInit: WinSock: version 1.1 (2.2), MaxSocks=32767, MaxUdp=65467
LogOnline: OSS: TryLoadSubsystemAndSetDefault: Loaded subsystem for module [NULL]
LogInit: Build: ++UE4+Release-4.25-CL-14469661
LogInit: Engine Version: 4.25.4-14469661+++UE4+Release-4.25
LogInit: Compatible Engine Version: 4.25.0-13144385+++UE4+Release-4.25
LogInit: Net CL: 13144385
LogInit: OS: Windows 10 (Release 1909) (), CPU: Intel(R) Core(TM) i9-9900K CPU @ 3.60GHz, GPU: NVIDIA GeForce RTX 2070
LogInit: Compiled (64-bit): Oct 11 2020 08:10:49
LogInit: Compiled with Visual C++: 19.24.28315.00
LogInit: Build Configuration: Development
LogInit: Branch Name: ++UE4+Release-4.25
LogInit: Command Line:  -skipcompile
LogInit: Base Directory: C:/Program Files/Epic Games/UE_4.25/Engine/Binaries/Win64/
LogInit: Allocator: TBB
LogInit: Installed Engine Build: 1
LogDevObjectVersion: Number of dev versions registered: 26
LogDevObjectVersion:   Dev-Blueprints (B0D832E4-1F89-4F0D-ACCF-7EB736FD4AA2): 10
LogDevObjectVersion:   Dev-Build (E1C64328-A22C-4D53-A36C-8E866417BD8C): 0
LogDevObjectVersion:   Dev-Core (375EC13C-06E4-48FB-B500-84F0262A717E): 4
LogDevObjectVersion:   Dev-Editor (E4B068ED-F494-42E9-A231-DA0B2E46BB41): 38
LogDevObjectVersion:   Dev-Framework (CFFC743F-43B0-4480-9391-14DF171D2073): 37
LogDevObjectVersion:   Dev-Mobile (B02B49B5-BB20-44E9-A304-32B752E40360): 2
LogDevObjectVersion:   Dev-Networking (A4E4105C-59A1-49B5-A7C5-40C4547EDFEE): 0
LogDevObjectVersion:   Dev-Online (39C831C9-5AE6-47DC-9A44-9C173E1C8E7C): 0
LogDevObjectVersion:   Dev-Physics (78F01B33-EBEA-4F98-B9B4-84EACCB95AA2): 4
LogDevObjectVersion:   Dev-Platform (6631380F-2D4D-43E0-8009-CF276956A95A): 0
LogDevObjectVersion:   Dev-Rendering (12F88B9F-8875-4AFC-A67C-D90C383ABD29): 43
LogDevObjectVersion:   Dev-Sequencer (7B5AE74C-D270-4C10-A958-57980B212A5A): 12
LogDevObjectVersion:   Dev-VR (D7296918-1DD6-4BDD-9DE2-64A83CC13884): 3
LogDevObjectVersion:   Dev-LoadTimes (C2A15278-BFE7-4AFE-6C17-90FF531DF755): 1
LogDevObjectVersion:   Private-Geometry (6EACA3D4-40EC-4CC1-B786-8BED09428FC5): 3
LogDevObjectVersion:   Dev-AnimPhys (29E575DD-E0A3-4627-9D10-D276232CDCEA): 17
LogDevObjectVersion:   Dev-Anim (AF43A65D-7FD3-4947-9873-3E8ED9C1BB05): 7
LogDevObjectVersion:   Dev-ReflectionCapture (6B266CEC-1EC7-4B8F-A30B-E4D90942FC07): 1
LogDevObjectVersion:   Dev-Automation (0DF73D61-A23F-47EA-B727-89E90C41499A): 1
LogDevObjectVersion:   FortniteMain (601D1886-AC64-4F84-AA16-D3DE0DEAC7D6): 31
LogDevObjectVersion:   Dev-Enterprise (9DFFBCD6-494F-0158-E221-12823C92A888): 10
LogDevObjectVersion:   Dev-Niagara (F2AED0AC-9AFE-416F-8664-AA7FFA26D6FC): 1
LogDevObjectVersion:   Dev-Destruction (174F1F0B-B4C6-45A5-B13F-2EE8D0FB917D): 10
LogDevObjectVersion:   Dev-Physics-Ext (35F94A83-E258-406C-A318-09F59610247C): 37
LogDevObjectVersion:   Dev-PhysicsMaterial-Chaos (B68FC16E-8B1B-42E2-B453-215C058844FE): 1
LogDevObjectVersion:   Dev-CineCamera (B2E18506-4273-CFC2-A54E-F4BB758BBA07): 1
LogInit: Presizing for max 25165824 objects, including 0 objects not considered by GC, pre-allocating 0 bytes for permanent pool.
LogConfig: Applying CVar settings from Section [/Script/Engine.StreamingSettings] File [C:/Users/mandy/source/repos/Unreal/ThreeDMath/ThreeDMath/Saved/Config/Windows/Engine.ini]
LogConfig: Setting CVar [[s.MinBulkDataSizeForAsyncLoading:131072]]
LogConfig: Setting CVar [[s.AsyncLoadingThreadEnabled:0]]
LogConfig: Setting CVar [[s.EventDrivenLoaderEnabled:1]]
LogConfig: Setting CVar [[s.WarnIfTimeLimitExceeded:0]]
LogConfig: Setting CVar [[s.TimeLimitExceededMultiplier:1.5]]
LogConfig: Setting CVar [[s.TimeLimitExceededMinTime:0.005]]
LogConfig: Setting CVar [[s.UseBackgroundLevelStreaming:1]]
LogConfig: Setting CVar [[s.PriorityAsyncLoadingExtraTime:15.0]]
LogConfig: Setting CVar [[s.LevelStreamingActorsUpdateTimeLimit:5.0]]
LogConfig: Setting CVar [[s.PriorityLevelStreamingActorsUpdateExtraTime:5.0]]
LogConfig: Setting CVar [[s.LevelStreamingComponentsRegistrationGranularity:10]]
LogConfig: Setting CVar [[s.UnregisterComponentsTimeLimit:1.0]]
LogConfig: Setting CVar [[s.LevelStreamingComponentsUnregistrationGranularity:5]]
LogConfig: Setting CVar [[s.FlushStreamingOnExit:1]]
LogInit: Object subsystem initialized
LogConfig: Setting CVar [[con.DebugEarlyDefault:1]]
LogConfig: Setting CVar [[r.setres:1280x720]]
[2021.01.18-12.39.57:966][  0]LogConfig: Setting CVar [[r.VSync:0]]
[2021.01.18-12.39.57:966][  0]LogConfig: Setting CVar [[r.RHICmdBypass:0]]
[2021.01.18-12.39.57:966][  0]LogConfig: Applying CVar settings from Section [/Script/Engine.RendererSettings] File [C:/Users/mandy/source/repos/Unreal/ThreeDMath/ThreeDMath/Saved/Config/Windows/Engine.ini]
[2021.01.18-12.39.57:966][  0]LogConfig: Setting CVar [[r.GPUCrashDebugging:0]]
[2021.01.18-12.39.57:967][  0]LogConfig: Applying CVar settings from Section [/Script/Engine.RendererOverrideSettings] File [C:/Users/mandy/source/repos/Unreal/ThreeDMath/ThreeDMath/Saved/Config/Windows/Engine.ini]
[2021.01.18-12.39.57:967][  0]LogConfig: Applying CVar settings from Section [/Script/Engine.StreamingSettings] File [C:/Users/mandy/source/repos/Unreal/ThreeDMath/ThreeDMath/Saved/Config/Windows/Engine.ini]
[2021.01.18-12.39.57:967][  0]LogConfig: Setting CVar [[s.MinBulkDataSizeForAsyncLoading:131072]]
[2021.01.18-12.39.57:967][  0]LogConfig: Setting CVar [[s.AsyncLoadingThreadEnabled:0]]
[2021.01.18-12.39.57:967][  0]LogConfig: Setting CVar [[s.EventDrivenLoaderEnabled:1]]
[2021.01.18-12.39.57:967][  0]LogConfig: Setting CVar [[s.WarnIfTimeLimitExceeded:0]]
[2021.01.18-12.39.57:967][  0]LogConfig: Setting CVar [[s.TimeLimitExceededMultiplier:1.5]]
[2021.01.18-12.39.57:967][  0]LogConfig: Setting CVar [[s.TimeLimitExceededMinTime:0.005]]
[2021.01.18-12.39.57:967][  0]LogConfig: Setting CVar [[s.UseBackgroundLevelStreaming:1]]
[2021.01.18-12.39.57:967][  0]LogConfig: Setting CVar [[s.PriorityAsyncLoadingExtraTime:15.0]]
[2021.01.18-12.39.57:967][  0]LogConfig: Setting CVar [[s.LevelStreamingActorsUpdateTimeLimit:5.0]]
[2021.01.18-12.39.57:967][  0]LogConfig: Setting CVar [[s.PriorityLevelStreamingActorsUpdateExtraTime:5.0]]
[2021.01.18-12.39.57:967][  0]LogConfig: Setting CVar [[s.LevelStreamingComponentsRegistrationGranularity:10]]
[2021.01.18-12.39.57:967][  0]LogConfig: Setting CVar [[s.UnregisterComponentsTimeLimit:1.0]]
[2021.01.18-12.39.57:967][  0]LogConfig: Setting CVar [[s.LevelStreamingComponentsUnregistrationGranularity:5]]
[2021.01.18-12.39.57:967][  0]LogConfig: Setting CVar [[s.FlushStreamingOnExit:1]]
[2021.01.18-12.39.57:967][  0]LogConfig: Applying CVar settings from Section [/Script/Engine.GarbageCollectionSettings] File [C:/Users/mandy/source/repos/Unreal/ThreeDMath/ThreeDMath/Saved/Config/Windows/Engine.ini]
[2021.01.18-12.39.57:967][  0]LogConfig: Setting CVar [[gc.MaxObjectsNotConsideredByGC:1]]
[2021.01.18-12.39.57:967][  0]LogConfig: Setting CVar [[gc.SizeOfPermanentObjectPool:0]]
[2021.01.18-12.39.57:967][  0]LogConfig: Setting CVar [[gc.FlushStreamingOnGC:0]]
[2021.01.18-12.39.57:967][  0]LogConfig: Setting CVar [[gc.NumRetriesBeforeForcingGC:10]]
[2021.01.18-12.39.57:967][  0]LogConfig: Setting CVar [[gc.AllowParallelGC:1]]
[2021.01.18-12.39.57:967][  0]LogConfig: Setting CVar [[gc.TimeBetweenPurgingPendingKillObjects:61.1]]
[2021.01.18-12.39.57:967][  0]LogConfig: Setting CVar [[gc.MaxObjectsInEditor:25165824]]
[2021.01.18-12.39.57:967][  0]LogConfig: Setting CVar [[gc.IncrementalBeginDestroyEnabled:1]]
[2021.01.18-12.39.57:967][  0]LogConfig: Setting CVar [[gc.CreateGCClusters:1]]
[2021.01.18-12.39.57:967][  0]LogConfig: Setting CVar [[gc.MinGCClusterSize:5]]
[2021.01.18-12.39.57:967][  0]LogConfig: Setting CVar [[gc.ActorClusteringEnabled:0]]
[2021.01.18-12.39.57:967][  0]LogConfig: Setting CVar [[gc.BlueprintClusteringEnabled:0]]
[2021.01.18-12.39.57:968][  0]LogConfig: Setting CVar [[gc.UseDisregardForGCOnDedicatedServers:0]]
[2021.01.18-12.39.57:968][  0]LogConfig: Applying CVar settings from Section [/Script/Engine.NetworkSettings] File [C:/Users/mandy/source/repos/Unreal/ThreeDMath/ThreeDMath/Saved/Config/Windows/Engine.ini]
[2021.01.18-12.39.57:968][  0]LogConfig: Applying CVar settings from Section [/Script/UnrealEd.CookerSettings] File [C:/Users/mandy/source/repos/Unreal/ThreeDMath/ThreeDMath/Saved/Config/Windows/Engine.ini]
[2021.01.18-12.39.57:974][  0]LogConfig: Applying CVar settings from Section [ViewDistanceQuality@3] File [C:/Users/mandy/source/repos/Unreal/ThreeDMath/ThreeDMath/Saved/Config/Windows/Scalability.ini]
[2021.01.18-12.39.57:974][  0]LogConfig: Setting CVar [[r.SkeletalMeshLODBias:0]]
[2021.01.18-12.39.57:974][  0]LogConfig: Setting CVar [[r.ViewDistanceScale:1.0]]
[2021.01.18-12.39.57:974][  0]LogConfig: Applying CVar settings from Section [AntiAliasingQuality@3] File [C:/Users/mandy/source/repos/Unreal/ThreeDMath/ThreeDMath/Saved/Config/Windows/Scalability.ini]
[2021.01.18-12.39.57:974][  0]LogConfig: Setting CVar [[r.PostProcessAAQuality:4]]
[2021.01.18-12.39.57:974][  0]LogConfig: Applying CVar settings from Section [ShadowQuality@3] File [C:/Users/mandy/source/repos/Unreal/ThreeDMath/ThreeDMath/Saved/Config/Windows/Scalability.ini]
[2021.01.18-12.39.57:974][  0]LogConfig: Setting CVar [[r.LightFunctionQuality:1]]
[2021.01.18-12.39.57:975][  0]LogConfig: Setting CVar [[r.ShadowQuality:5]]
[2021.01.18-12.39.57:975][  0]LogConfig: Setting CVar [[r.Shadow.CSM.MaxCascades:10]]
[2021.01.18-12.39.57:975][  0]LogConfig: Setting CVar [[r.Shadow.MaxResolution:2048]]
[2021.01.18-12.39.57:975][  0]LogConfig: Setting CVar [[r.Shadow.MaxCSMResolution:2048]]
[2021.01.18-12.39.57:975][  0]LogConfig: Setting CVar [[r.Shadow.RadiusThreshold:0.01]]
[2021.01.18-12.39.57:975][  0]LogConfig: Setting CVar [[r.Shadow.DistanceScale:1.0]]
[2021.01.18-12.39.57:975][  0]LogConfig: Setting CVar [[r.Shadow.CSM.TransitionScale:1.0]]
[2021.01.18-12.39.57:975][  0]LogConfig: Setting CVar [[r.Shadow.PreShadowResolutionFactor:1.0]]
[2021.01.18-12.39.57:975][  0]LogConfig: Setting CVar [[r.DistanceFieldShadowing:1]]
[2021.01.18-12.39.57:975][  0]LogConfig: Setting CVar [[r.DistanceFieldAO:1]]
[2021.01.18-12.39.57:975][  0]LogConfig: Setting CVar [[r.AOQuality:2]]
[2021.01.18-12.39.57:975][  0]LogConfig: Setting CVar [[r.VolumetricFog:1]]
[2021.01.18-12.39.57:975][  0]LogConfig: Setting CVar [[r.VolumetricFog.GridPixelSize:8]]
[2021.01.18-12.39.57:975][  0]LogConfig: Setting CVar [[r.VolumetricFog.GridSizeZ:128]]
[2021.01.18-12.39.57:975][  0]LogConfig: Setting CVar [[r.VolumetricFog.HistoryMissSupersampleCount:4]]
[2021.01.18-12.39.57:975][  0]LogConfig: Setting CVar [[r.LightMaxDrawDistanceScale:1]]
[2021.01.18-12.39.57:975][  0]LogConfig: Setting CVar [[r.CapsuleShadows:1]]
[2021.01.18-12.39.57:975][  0]LogConfig: Applying CVar settings from Section [PostProcessQuality@3] File [C:/Users/mandy/source/repos/Unreal/ThreeDMath/ThreeDMath/Saved/Config/Windows/Scalability.ini]
[2021.01.18-12.39.57:975][  0]LogConfig: Setting CVar [[r.MotionBlurQuality:4]]
[2021.01.18-12.39.57:975][  0]LogConfig: Setting CVar [[r.AmbientOcclusionMipLevelFactor:0.4]]
[2021.01.18-12.39.57:975][  0]LogConfig: Setting CVar [[r.AmbientOcclusionMaxQuality:100]]
[2021.01.18-12.39.57:975][  0]LogConfig: Setting CVar [[r.AmbientOcclusionLevels:-1]]
[2021.01.18-12.39.57:975][  0]LogConfig: Setting CVar [[r.AmbientOcclusionRadiusScale:1.0]]
[2021.01.18-12.39.57:975][  0]LogConfig: Setting CVar [[r.DepthOfFieldQuality:2]]
[2021.01.18-12.39.57:975][  0]LogConfig: Setting CVar [[r.RenderTargetPoolMin:400]]
[2021.01.18-12.39.57:975][  0]LogConfig: Setting CVar [[r.LensFlareQuality:2]]
[2021.01.18-12.39.57:975][  0]LogConfig: Setting CVar [[r.SceneColorFringeQuality:1]]
[2021.01.18-12.39.57:975][  0]LogConfig: Setting CVar [[r.EyeAdaptationQuality:2]]
[2021.01.18-12.39.57:975][  0]LogConfig: Setting CVar [[r.BloomQuality:5]]
[2021.01.18-12.39.57:976][  0]LogConfig: Setting CVar [[r.FastBlurThreshold:100]]
[2021.01.18-12.39.57:976][  0]LogConfig: Setting CVar [[r.Upscale.Quality:3]]
[2021.01.18-12.39.57:976][  0]LogConfig: Setting CVar [[r.Tonemapper.GrainQuantization:1]]
[2021.01.18-12.39.57:976][  0]LogConfig: Setting CVar [[r.LightShaftQuality:1]]
[2021.01.18-12.39.57:976][  0]LogConfig: Setting CVar [[r.Filter.SizeScale:1]]
[2021.01.18-12.39.57:976][  0]LogConfig: Setting CVar [[r.Tonemapper.Quality:5]]
[2021.01.18-12.39.57:976][  0]LogConfig: Setting CVar [[r.DOF.Gather.AccumulatorQuality:1        ; higher gathering accumulator quality]]
[2021.01.18-12.39.57:976][  0]LogConfig: Setting CVar [[r.DOF.Gather.PostfilterMethod:1          ; Median3x3 postfilering method]]
[2021.01.18-12.39.57:976][  0]LogConfig: Setting CVar [[r.DOF.Gather.EnableBokehSettings:0       ; no bokeh simulation when gathering]]
[2021.01.18-12.39.57:976][  0]LogConfig: Setting CVar [[r.DOF.Gather.RingCount:4                 ; medium number of samples when gathering]]
[2021.01.18-12.39.57:976][  0]LogConfig: Setting CVar [[r.DOF.Scatter.ForegroundCompositing:1    ; additive foreground scattering]]
[2021.01.18-12.39.57:976][  0]LogConfig: Setting CVar [[r.DOF.Scatter.BackgroundCompositing:2    ; additive background scattering]]
[2021.01.18-12.39.57:976][  0]LogConfig: Setting CVar [[r.DOF.Scatter.EnableBokehSettings:1      ; bokeh simulation when scattering]]
[2021.01.18-12.39.57:976][  0]LogConfig: Setting CVar [[r.DOF.Scatter.MaxSpriteRatio:0.1         ; only a maximum of 10% of scattered bokeh]]
[2021.01.18-12.39.57:976][  0]LogConfig: Setting CVar [[r.DOF.Recombine.Quality:1                ; cheap slight out of focus]]
[2021.01.18-12.39.57:976][  0]LogConfig: Setting CVar [[r.DOF.Recombine.EnableBokehSettings:0    ; no bokeh simulation on slight out of focus]]
[2021.01.18-12.39.57:976][  0]LogConfig: Setting CVar [[r.DOF.TemporalAAQuality:1                ; more stable temporal accumulation]]
[2021.01.18-12.39.57:976][  0]LogConfig: Setting CVar [[r.DOF.Kernel.MaxForegroundRadius:0.025]]
[2021.01.18-12.39.57:976][  0]LogConfig: Setting CVar [[r.DOF.Kernel.MaxBackgroundRadius:0.025]]
[2021.01.18-12.39.57:976][  0]LogConfig: Applying CVar settings from Section [TextureQuality@3] File [C:/Users/mandy/source/repos/Unreal/ThreeDMath/ThreeDMath/Saved/Config/Windows/Scalability.ini]
[2021.01.18-12.39.57:976][  0]LogConfig: Setting CVar [[r.Streaming.MipBias:0]]
[2021.01.18-12.39.57:976][  0]LogConfig: Setting CVar [[r.Streaming.AmortizeCPUToGPUCopy:0]]
[2021.01.18-12.39.57:976][  0]LogConfig: Setting CVar [[r.Streaming.MaxNumTexturesToStreamPerFrame:0]]
[2021.01.18-12.39.57:976][  0]LogConfig: Setting CVar [[r.Streaming.Boost:1]]
[2021.01.18-12.39.57:976][  0]LogConfig: Setting CVar [[r.MaxAnisotropy:8]]
[2021.01.18-12.39.57:976][  0]LogConfig: Setting CVar [[r.VT.MaxAnisotropy:8]]
[2021.01.18-12.39.57:976][  0]LogConfig: Setting CVar [[r.Streaming.LimitPoolSizeToVRAM:0]]
[2021.01.18-12.39.57:976][  0]LogConfig: Setting CVar [[r.Streaming.PoolSize:1000]]
[2021.01.18-12.39.57:976][  0]LogConfig: Setting CVar [[r.Streaming.MaxEffectiveScreenSize:0]]
[2021.01.18-12.39.57:977][  0]LogConfig: Applying CVar settings from Section [EffectsQuality@3] File [C:/Users/mandy/source/repos/Unreal/ThreeDMath/ThreeDMath/Saved/Config/Windows/Scalability.ini]
[2021.01.18-12.39.57:977][  0]LogConfig: Setting CVar [[r.TranslucencyLightingVolumeDim:64]]
[2021.01.18-12.39.57:977][  0]LogConfig: Setting CVar [[r.RefractionQuality:2]]
[2021.01.18-12.39.57:977][  0]LogConfig: Setting CVar [[r.SSR.Quality:3]]
[2021.01.18-12.39.57:977][  0]LogConfig: Setting CVar [[r.SSR.HalfResSceneColor:0]]
[2021.01.18-12.39.57:977][  0]LogConfig: Setting CVar [[r.SceneColorFormat:4]]
[2021.01.18-12.39.57:977][  0]LogConfig: Setting CVar [[r.DetailMode:2]]
[2021.01.18-12.39.57:977][  0]LogConfig: Setting CVar [[r.TranslucencyVolumeBlur:1]]
[2021.01.18-12.39.57:977][  0]LogConfig: Setting CVar [[r.MaterialQualityLevel:1 ; High quality]]
[2021.01.18-12.39.57:977][  0]LogConfig: Setting CVar [[r.SSS.Scale:1]]
[2021.01.18-12.39.57:977][  0]LogConfig: Setting CVar [[r.SSS.SampleSet:2]]
[2021.01.18-12.39.57:977][  0]LogConfig: Setting CVar [[r.SSS.Quality:1]]
[2021.01.18-12.39.57:977][  0]LogConfig: Setting CVar [[r.SSS.HalfRes:0]]
[2021.01.18-12.39.57:977][  0]LogConfig: Setting CVar [[r.SSGI.Quality:3]]
[2021.01.18-12.39.57:977][  0]LogConfig: Setting CVar [[r.EmitterSpawnRateScale:1.0]]
[2021.01.18-12.39.57:977][  0]LogConfig: Setting CVar [[r.ParticleLightQuality:2]]
[2021.01.18-12.39.57:977][  0]LogConfig: Setting CVar [[r.SkyAtmosphere.AerialPerspectiveLUT.FastApplyOnOpaque:1 ; Always have FastSkyLUT 1 in this case to avoid wrong sky]]
[2021.01.18-12.39.57:977][  0]LogConfig: Setting CVar [[r.SkyAtmosphere.AerialPerspectiveLUT.SampleCountPerSlice:1]]
[2021.01.18-12.39.57:977][  0]LogConfig: Setting CVar [[r.SkyAtmosphere.AerialPerspectiveLUT.DepthResolution:16.0]]
[2021.01.18-12.39.57:977][  0]LogConfig: Setting CVar [[r.SkyAtmosphere.FastSkyLUT:1]]
[2021.01.18-12.39.57:977][  0]LogConfig: Setting CVar [[r.SkyAtmosphere.FastSkyLUT.SampleCountMin:4.0]]
[2021.01.18-12.39.57:977][  0]LogConfig: Setting CVar [[r.SkyAtmosphere.FastSkyLUT.SampleCountMax:32.0]]
[2021.01.18-12.39.57:977][  0]LogConfig: Setting CVar [[r.SkyAtmosphere.SampleCountMin:4.0]]
[2021.01.18-12.39.57:977][  0]LogConfig: Setting CVar [[r.SkyAtmosphere.SampleCountMax:32.0]]
[2021.01.18-12.39.57:977][  0]LogConfig: Setting CVar [[r.SkyAtmosphere.TransmittanceLUT.UseSmallFormat:0]]
[2021.01.18-12.39.57:977][  0]LogConfig: Setting CVar [[r.SkyAtmosphere.TransmittanceLUT.SampleCount:10.0]]
[2021.01.18-12.39.57:977][  0]LogConfig: Setting CVar [[r.SkyAtmosphere.MultiScatteringLUT.SampleCount:15.0]]
[2021.01.18-12.39.57:977][  0]LogConfig: Applying CVar settings from Section [FoliageQuality@3] File [C:/Users/mandy/source/repos/Unreal/ThreeDMath/ThreeDMath/Saved/Config/Windows/Scalability.ini]
[2021.01.18-12.39.57:977][  0]LogConfig: Setting CVar [[foliage.DensityScale:1.0]]
[2021.01.18-12.39.57:977][  0]LogConfig: Setting CVar [[grass.DensityScale:1.0]]
[2021.01.18-12.39.57:978][  0]LogConfig: Applying CVar settings from Section [ShadingQuality@3] File [C:/Users/mandy/source/repos/Unreal/ThreeDMath/ThreeDMath/Saved/Config/Windows/Scalability.ini]
[2021.01.18-12.39.57:978][  0]LogConfig: Setting CVar [[r.HairStrands.SkyLighting.SampleCount:16]]
[2021.01.18-12.39.57:978][  0]LogConfig: Setting CVar [[r.HairStrands.SkyLighting.JitterIntegration:0]]
[2021.01.18-12.39.57:978][  0]LogConfig: Setting CVar [[r.HairStrands.SkyAO.SampleCount:16]]
[2021.01.18-12.39.57:978][  0]LogConfig: Setting CVar [[r.HairStrands.DeepShadow.SuperSampling:0]]
[2021.01.18-12.39.57:978][  0]LogConfig: Setting CVar [[r.HairStrands.VisibilityPPLL:0]]
[2021.01.18-12.39.57:978][  0]LogConfig: Setting CVar [[r.HairStrands.RasterizationScale:0.5]]
[2021.01.18-12.39.57:978][  0]LogConfig: Setting CVar [[r.HairStrands.VelocityRasterizationScale:1]]
[2021.01.18-12.39.57:978][  0]LogInit: Selected Device Profile: [Windows]
[2021.01.18-12.39.57:978][  0]LogInit: Applying CVar settings loaded from the selected device profile: [Windows]
[2021.01.18-12.39.57:978][  0]LogHAL: Display: Platform has ~ 32 GB [34269192192 / 34359738368 / 32], which maps to Largest [LargestMinGB=32, LargerMinGB=12, DefaultMinGB=8, SmallerMinGB=6, SmallestMinGB=0)
[2021.01.18-12.39.57:978][  0]LogInit: Going up to parent DeviceProfile []
[2021.01.18-12.39.57:978][  0]LogConfig: Applying CVar settings from Section [ViewDistanceQuality@3] File [C:/Users/mandy/source/repos/Unreal/ThreeDMath/ThreeDMath/Saved/Config/Windows/Scalability.ini]
[2021.01.18-12.39.57:978][  0]LogConfig: Setting CVar [[r.SkeletalMeshLODBias:0]]
[2021.01.18-12.39.57:978][  0]LogConfig: Setting CVar [[r.ViewDistanceScale:1.0]]
[2021.01.18-12.39.57:978][  0]LogConfig: Applying CVar settings from Section [AntiAliasingQuality@2] File [C:/Users/mandy/source/repos/Unreal/ThreeDMath/ThreeDMath/Saved/Config/Windows/Scalability.ini]
[2021.01.18-12.39.57:978][  0]LogConfig: Setting CVar [[r.PostProcessAAQuality:3]]
[2021.01.18-12.39.57:978][  0]LogConfig: Applying CVar settings from Section [ShadowQuality@3] File [C:/Users/mandy/source/repos/Unreal/ThreeDMath/ThreeDMath/Saved/Config/Windows/Scalability.ini]
[2021.01.18-12.39.57:978][  0]LogConfig: Setting CVar [[r.LightFunctionQuality:1]]
[2021.01.18-12.39.57:978][  0]LogConfig: Setting CVar [[r.ShadowQuality:5]]
[2021.01.18-12.39.57:978][  0]LogConfig: Setting CVar [[r.Shadow.CSM.MaxCascades:10]]
[2021.01.18-12.39.57:978][  0]LogConfig: Setting CVar [[r.Shadow.MaxResolution:2048]]
[2021.01.18-12.39.57:978][  0]LogConfig: Setting CVar [[r.Shadow.MaxCSMResolution:2048]]
[2021.01.18-12.39.57:978][  0]LogConfig: Setting CVar [[r.Shadow.RadiusThreshold:0.01]]
[2021.01.18-12.39.57:978][  0]LogConfig: Setting CVar [[r.Shadow.DistanceScale:1.0]]
[2021.01.18-12.39.57:978][  0]LogConfig: Setting CVar [[r.Shadow.CSM.TransitionScale:1.0]]
[2021.01.18-12.39.57:978][  0]LogConfig: Setting CVar [[r.Shadow.PreShadowResolutionFactor:1.0]]
[2021.01.18-12.39.57:979][  0]LogConfig: Setting CVar [[r.DistanceFieldShadowing:1]]
[2021.01.18-12.39.57:979][  0]LogConfig: Setting CVar [[r.DistanceFieldAO:1]]
[2021.01.18-12.39.57:979][  0]LogConfig: Setting CVar [[r.AOQuality:2]]
[2021.01.18-12.39.57:979][  0]LogConfig: Setting CVar [[r.VolumetricFog:1]]
[2021.01.18-12.39.57:979][  0]LogConfig: Setting CVar [[r.VolumetricFog.GridPixelSize:8]]
[2021.01.18-12.39.57:979][  0]LogConfig: Setting CVar [[r.VolumetricFog.GridSizeZ:128]]
[2021.01.18-12.39.57:979][  0]LogConfig: Setting CVar [[r.VolumetricFog.HistoryMissSupersampleCount:4]]
[2021.01.18-12.39.57:979][  0]LogConfig: Setting CVar [[r.LightMaxDrawDistanceScale:1]]
[2021.01.18-12.39.57:979][  0]LogConfig: Setting CVar [[r.CapsuleShadows:1]]
[2021.01.18-12.39.57:979][  0]LogConfig: Applying CVar settings from Section [PostProcessQuality@1] File [C:/Users/mandy/source/repos/Unreal/ThreeDMath/ThreeDMath/Saved/Config/Windows/Scalability.ini]
[2021.01.18-12.39.57:979][  0]LogConfig: Setting CVar [[r.MotionBlurQuality:3]]
[2021.01.18-12.39.57:979][  0]LogConfig: Setting CVar [[r.AmbientOcclusionMipLevelFactor:1.0]]
[2021.01.18-12.39.57:979][  0]LogConfig: Setting CVar [[r.AmbientOcclusionMaxQuality:60]]
[2021.01.18-12.39.57:979][  0]LogConfig: Setting CVar [[r.AmbientOcclusionLevels:-1]]
[2021.01.18-12.39.57:979][  0]LogConfig: Setting CVar [[r.AmbientOcclusionRadiusScale:1.5]]
[2021.01.18-12.39.57:979][  0]LogConfig: Setting CVar [[r.DepthOfFieldQuality:1]]
[2021.01.18-12.39.57:979][  0]LogConfig: Setting CVar [[r.RenderTargetPoolMin:350]]
[2021.01.18-12.39.57:979][  0]LogConfig: Setting CVar [[r.LensFlareQuality:0]]
[2021.01.18-12.39.57:979][  0]LogConfig: Setting CVar [[r.SceneColorFringeQuality:0]]
[2021.01.18-12.39.57:979][  0]LogConfig: Setting CVar [[r.EyeAdaptationQuality:0]]
[2021.01.18-12.39.57:979][  0]LogConfig: Setting CVar [[r.BloomQuality:4]]
[2021.01.18-12.39.57:979][  0]LogConfig: Setting CVar [[r.FastBlurThreshold:2]]
[2021.01.18-12.39.57:979][  0]LogConfig: Setting CVar [[r.Upscale.Quality:2]]
[2021.01.18-12.39.57:979][  0]LogConfig: Setting CVar [[r.Tonemapper.GrainQuantization:0]]
[2021.01.18-12.39.57:979][  0]LogConfig: Setting CVar [[r.LightShaftQuality:0]]
[2021.01.18-12.39.57:979][  0]LogConfig: Setting CVar [[r.Filter.SizeScale:0.7]]
[2021.01.18-12.39.57:979][  0]LogConfig: Setting CVar [[r.Tonemapper.Quality:2]]
[2021.01.18-12.39.57:979][  0]LogConfig: Setting CVar [[r.DOF.Gather.AccumulatorQuality:0        ; lower gathering accumulator quality]]
[2021.01.18-12.39.57:979][  0]LogConfig: Setting CVar [[r.DOF.Gather.PostfilterMethod:2          ; Max3x3 postfilering method]]
[2021.01.18-12.39.57:979][  0]LogConfig: Setting CVar [[r.DOF.Gather.EnableBokehSettings:0       ; no bokeh simulation when gathering]]
[2021.01.18-12.39.57:979][  0]LogConfig: Setting CVar [[r.DOF.Gather.RingCount:3                 ; low number of samples when gathering]]
[2021.01.18-12.39.57:980][  0]LogConfig: Setting CVar [[r.DOF.Scatter.ForegroundCompositing:0    ; no foreground scattering]]
[2021.01.18-12.39.57:980][  0]LogConfig: Setting CVar [[r.DOF.Scatter.BackgroundCompositing:0    ; no foreground scattering]]
[2021.01.18-12.39.57:980][  0]LogConfig: Setting CVar [[r.DOF.Recombine.Quality:0                ; no slight out of focus]]
[2021.01.18-12.39.57:980][  0]LogConfig: Setting CVar [[r.DOF.TemporalAAQuality:0                ; faster temporal accumulation]]
[2021.01.18-12.39.57:980][  0]LogConfig: Setting CVar [[r.DOF.Kernel.MaxForegroundRadius:0.006   ; required because low gathering and no scattering and not looking great at 1080p]]
[2021.01.18-12.39.57:980][  0]LogConfig: Setting CVar [[r.DOF.Kernel.MaxBackgroundRadius:0.006   ; required because low gathering and no scattering and not looking great at 1080p]]
[2021.01.18-12.39.57:980][  0]LogConfig: Applying CVar settings from Section [TextureQuality@3] File [C:/Users/mandy/source/repos/Unreal/ThreeDMath/ThreeDMath/Saved/Config/Windows/Scalability.ini]
[2021.01.18-12.39.57:980][  0]LogConfig: Setting CVar [[r.Streaming.MipBias:0]]
[2021.01.18-12.39.57:980][  0]LogConfig: Setting CVar [[r.Streaming.AmortizeCPUToGPUCopy:0]]
[2021.01.18-12.39.57:980][  0]LogConfig: Setting CVar [[r.Streaming.MaxNumTexturesToStreamPerFrame:0]]
[2021.01.18-12.39.57:980][  0]LogConfig: Setting CVar [[r.Streaming.Boost:1]]
[2021.01.18-12.39.57:980][  0]LogConfig: Setting CVar [[r.MaxAnisotropy:8]]
[2021.01.18-12.39.57:980][  0]LogConfig: Setting CVar [[r.VT.MaxAnisotropy:8]]
[2021.01.18-12.39.57:980][  0]LogConfig: Setting CVar [[r.Streaming.LimitPoolSizeToVRAM:0]]
[2021.01.18-12.39.57:980][  0]LogConfig: Setting CVar [[r.Streaming.PoolSize:1000]]
[2021.01.18-12.39.57:980][  0]LogConfig: Setting CVar [[r.Streaming.MaxEffectiveScreenSize:0]]
[2021.01.18-12.39.57:980][  0]LogConfig: Applying CVar settings from Section [EffectsQuality@3] File [C:/Users/mandy/source/repos/Unreal/ThreeDMath/ThreeDMath/Saved/Config/Windows/Scalability.ini]
[2021.01.18-12.39.57:980][  0]LogConfig: Setting CVar [[r.TranslucencyLightingVolumeDim:64]]
[2021.01.18-12.39.57:980][  0]LogConfig: Setting CVar [[r.RefractionQuality:2]]
[2021.01.18-12.39.57:980][  0]LogConfig: Setting CVar [[r.SSR.Quality:3]]
[2021.01.18-12.39.57:980][  0]LogConfig: Setting CVar [[r.SSR.HalfResSceneColor:0]]
[2021.01.18-12.39.57:980][  0]LogConfig: Setting CVar [[r.SceneColorFormat:4]]
[2021.01.18-12.39.57:980][  0]LogConfig: Setting CVar [[r.DetailMode:2]]
[2021.01.18-12.39.57:980][  0]LogConfig: Setting CVar [[r.TranslucencyVolumeBlur:1]]
[2021.01.18-12.39.57:980][  0]LogConfig: Setting CVar [[r.MaterialQualityLevel:1 ; High quality]]
[2021.01.18-12.39.57:980][  0]LogConfig: Setting CVar [[r.SSS.Scale:1]]
[2021.01.18-12.39.57:980][  0]LogConfig: Setting CVar [[r.SSS.SampleSet:2]]
[2021.01.18-12.39.57:980][  0]LogConfig: Setting CVar [[r.SSS.Quality:1]]
[2021.01.18-12.39.57:980][  0]LogConfig: Setting CVar [[r.SSS.HalfRes:0]]
[2021.01.18-12.39.57:981][  0]LogConfig: Setting CVar [[r.SSGI.Quality:3]]
[2021.01.18-12.39.57:981][  0]LogConfig: Setting CVar [[r.EmitterSpawnRateScale:1.0]]
[2021.01.18-12.39.57:981][  0]LogConfig: Setting CVar [[r.ParticleLightQuality:2]]
[2021.01.18-12.39.57:981][  0]LogConfig: Setting CVar [[r.SkyAtmosphere.AerialPerspectiveLUT.FastApplyOnOpaque:1 ; Always have FastSkyLUT 1 in this case to avoid wrong sky]]
[2021.01.18-12.39.57:981][  0]LogConfig: Setting CVar [[r.SkyAtmosphere.AerialPerspectiveLUT.SampleCountPerSlice:1]]
[2021.01.18-12.39.57:981][  0]LogConfig: Setting CVar [[r.SkyAtmosphere.AerialPerspectiveLUT.DepthResolution:16.0]]
[2021.01.18-12.39.57:981][  0]LogConfig: Setting CVar [[r.SkyAtmosphere.FastSkyLUT:1]]
[2021.01.18-12.39.57:981][  0]LogConfig: Setting CVar [[r.SkyAtmosphere.FastSkyLUT.SampleCountMin:4.0]]
[2021.01.18-12.39.57:981][  0]LogConfig: Setting CVar [[r.SkyAtmosphere.FastSkyLUT.SampleCountMax:32.0]]
[2021.01.18-12.39.57:981][  0]LogConfig: Setting CVar [[r.SkyAtmosphere.SampleCountMin:4.0]]
[2021.01.18-12.39.57:981][  0]LogConfig: Setting CVar [[r.SkyAtmosphere.SampleCountMax:32.0]]
[2021.01.18-12.39.57:981][  0]LogConfig: Setting CVar [[r.SkyAtmosphere.TransmittanceLUT.UseSmallFormat:0]]
[2021.01.18-12.39.57:981][  0]LogConfig: Setting CVar [[r.SkyAtmosphere.TransmittanceLUT.SampleCount:10.0]]
[2021.01.18-12.39.57:981][  0]LogConfig: Setting CVar [[r.SkyAtmosphere.MultiScatteringLUT.SampleCount:15.0]]
[2021.01.18-12.39.57:981][  0]LogConfig: Applying CVar settings from Section [FoliageQuality@3] File [C:/Users/mandy/source/repos/Unreal/ThreeDMath/ThreeDMath/Saved/Config/Windows/Scalability.ini]
[2021.01.18-12.39.57:981][  0]LogConfig: Setting CVar [[foliage.DensityScale:1.0]]
[2021.01.18-12.39.57:981][  0]LogConfig: Setting CVar [[grass.DensityScale:1.0]]
[2021.01.18-12.39.57:981][  0]LogConfig: Applying CVar settings from Section [ShadingQuality@3] File [C:/Users/mandy/source/repos/Unreal/ThreeDMath/ThreeDMath/Saved/Config/Windows/Scalability.ini]
[2021.01.18-12.39.57:981][  0]LogConfig: Setting CVar [[r.HairStrands.SkyLighting.SampleCount:16]]
[2021.01.18-12.39.57:981][  0]LogConfig: Setting CVar [[r.HairStrands.SkyLighting.JitterIntegration:0]]
[2021.01.18-12.39.57:981][  0]LogConfig: Setting CVar [[r.HairStrands.SkyAO.SampleCount:16]]
[2021.01.18-12.39.57:981][  0]LogConfig: Setting CVar [[r.HairStrands.DeepShadow.SuperSampling:0]]
[2021.01.18-12.39.57:981][  0]LogConfig: Setting CVar [[r.HairStrands.VisibilityPPLL:0]]
[2021.01.18-12.39.57:981][  0]LogConfig: Setting CVar [[r.HairStrands.RasterizationScale:0.5]]
[2021.01.18-12.39.57:981][  0]LogConfig: Setting CVar [[r.HairStrands.VelocityRasterizationScale:1]]
[2021.01.18-12.39.57:981][  0]LogConfig: Applying CVar settings from Section [Startup] File [../../../Engine/Config/ConsoleVariables.ini]
[2021.01.18-12.39.57:982][  0]LogConfig: Setting CVar [[net.UseAdaptiveNetUpdateFrequency:0]]
[2021.01.18-12.39.57:982][  0]LogConfig: Setting CVar [[p.chaos.AllowCreatePhysxBodies:1]]
[2021.01.18-12.39.57:982][  0]LogConfig: Setting CVar [[fx.SkipVectorVMBackendOptimizations:1]]
[2021.01.18-12.39.57:982][  0]LogConfig: Applying CVar settings from Section [ConsoleVariables] File [C:/Users/mandy/source/repos/Unreal/ThreeDMath/ThreeDMath/Saved/Config/Windows/Engine.ini]
[2021.01.18-12.39.57:982][  0]LogInit: Computer: DESKTOP-MGG2SC5
[2021.01.18-12.39.57:982][  0]LogInit: User: mandy
[2021.01.18-12.39.57:982][  0]LogInit: CPU Page size=4096, Cores=8
[2021.01.18-12.39.57:982][  0]LogInit: High frequency timer resolution =10.000000 MHz
[2021.01.18-12.39.57:982][  0]LogMemory: Memory total: Physical=31.9GB (32GB approx)
[2021.01.18-12.39.57:982][  0]LogMemory: Platform Memory Stats for Windows
[2021.01.18-12.39.57:982][  0]LogMemory: Process Physical Memory: 116.93 MB used, 116.94 MB peak
[2021.01.18-12.39.57:982][  0]LogMemory: Process Virtual Memory: 109.15 MB used, 109.15 MB peak
[2021.01.18-12.39.57:982][  0]LogMemory: Physical Memory: 14144.39 MB used,  18537.26 MB free, 32681.65 MB total
[2021.01.18-12.39.57:982][  0]LogMemory: Virtual Memory: 5195.05 MB used,  134212536.00 MB free, 134217728.00 MB total
[2021.01.18-12.39.57:990][  0]LogWindows: WindowsPlatformFeatures enabled
[2021.01.18-12.39.58:150][  0]LogInit: Physics initialised using underlying interface: PhysX
[2021.01.18-12.39.58:150][  0]LogInit: Using OS detected language (en-US).
[2021.01.18-12.39.58:150][  0]LogInit: Using OS detected locale (en-US).
[2021.01.18-12.39.58:156][  0]LogTextLocalizationManager: No specific localization for 'en-US' exists, so the 'en' localization will be used.
[2021.01.18-12.39.58:288][  0]LogInit: Setting process to per monitor DPI aware
[2021.01.18-12.39.58:364][  0]LogSlate: New Slate User Created.  User Index 0, Is Virtual User: 0
[2021.01.18-12.39.58:364][  0]LogSlate: Slate User Registered.  User Index 0, Is Virtual User: 0
[2021.01.18-12.39.58:464][  0]LogHMD: Failed to initialize OpenVR with code 101
[2021.01.18-12.39.58:464][  0]LogD3D11RHI: D3D11 min allowed feature level: 11_0
[2021.01.18-12.39.58:464][  0]LogD3D11RHI: D3D11 max allowed feature level: 11_0
[2021.01.18-12.39.58:464][  0]LogD3D11RHI: D3D11 adapters:
[2021.01.18-12.39.58:540][  0]LogD3D11RHI:    0. 'NVIDIA GeForce RTX 2070' (Feature Level 11_0)
[2021.01.18-12.39.58:540][  0]LogD3D11RHI:       8031/0/16340 MB DedicatedVideo/DedicatedSystem/SharedSystem, Outputs:2, VendorId:0x10de
[2021.01.18-12.39.58:545][  0]LogD3D11RHI:    1. 'Microsoft Basic Render Driver' (Feature Level 11_0)
[2021.01.18-12.39.58:545][  0]LogD3D11RHI:       0/0/16340 MB DedicatedVideo/DedicatedSystem/SharedSystem, Outputs:0, VendorId:0x1414
[2021.01.18-12.39.58:545][  0]LogD3D11RHI: Chosen D3D11 Adapter: 0
[2021.01.18-12.39.58:553][  0]LogD3D11RHI: Creating new Direct3DDevice
[2021.01.18-12.39.58:554][  0]LogD3D11RHI:     GPU DeviceId: 0x1f02 (for the marketing name, search the web for "GPU Device Id")
[2021.01.18-12.39.58:554][  0]LogWindows: EnumDisplayDevices:
[2021.01.18-12.39.58:554][  0]LogWindows:    0. 'NVIDIA GeForce RTX 2070' (P:1 D:1)
[2021.01.18-12.39.58:555][  0]LogWindows:    1. 'NVIDIA GeForce RTX 2070' (P:0 D:1)
[2021.01.18-12.39.58:555][  0]LogWindows:    2. 'NVIDIA GeForce RTX 2070' (P:0 D:0)
[2021.01.18-12.39.58:555][  0]LogWindows:    3. 'NVIDIA GeForce RTX 2070' (P:0 D:0)
[2021.01.18-12.39.58:556][  0]LogWindows: DebugString: FoundDriverCount:4 
[2021.01.18-12.39.58:556][  0]LogD3D11RHI:     Adapter Name: NVIDIA GeForce RTX 2070
[2021.01.18-12.39.58:556][  0]LogD3D11RHI:   Driver Version: 451.48 (internal:27.21.14.5148, unified:451.48)
[2021.01.18-12.39.58:556][  0]LogD3D11RHI:      Driver Date: 6-21-2020
[2021.01.18-12.39.58:556][  0]LogRHI: Texture pool is 5621 MB (70% of 8031 MB)
[2021.01.18-12.39.58:600][  0]LogD3D11RHI: RHI has support for 64 bit atomics
[2021.01.18-12.39.58:600][  0]LogD3D11RHI: Async texture creation enabled
[2021.01.18-12.39.58:600][  0]LogD3D11RHI: Array index from any shader is supported
[2021.01.18-12.39.58:619][  0]LogD3D11RHI: GPU Timing Frequency: 1000.000000 (Debug: 2 2)
[2021.01.18-12.39.58:837][  0]LogTargetPlatformManager: Display: Loaded TargetPlatform 'AllDesktop'
[2021.01.18-12.39.58:856][  0]LogTargetPlatformManager: Display: Loaded TargetPlatform 'Android'
[2021.01.18-12.39.58:857][  0]LogTargetPlatformManager: Display: Loaded TargetPlatform 'Android_ASTC'
[2021.01.18-12.39.58:857][  0]LogTargetPlatformManager: Display: Loaded TargetPlatform 'Android_DXT'
[2021.01.18-12.39.58:857][  0]LogTargetPlatformManager: Display: Loaded TargetPlatform 'Android_ETC2'
[2021.01.18-12.39.58:857][  0]LogTargetPlatformManager: Display: Loaded TargetPlatform 'AndroidClient'
[2021.01.18-12.39.58:857][  0]LogTargetPlatformManager: Display: Loaded TargetPlatform 'Android_ASTCClient'
[2021.01.18-12.39.58:857][  0]LogTargetPlatformManager: Display: Loaded TargetPlatform 'Android_DXTClient'
[2021.01.18-12.39.58:857][  0]LogTargetPlatformManager: Display: Loaded TargetPlatform 'Android_ETC2Client'
[2021.01.18-12.39.58:857][  0]LogTargetPlatformManager: Display: Loaded TargetPlatform 'Android_Multi'
[2021.01.18-12.39.58:857][  0]LogTargetPlatformManager: Display: Loaded TargetPlatform 'Android_MultiClient'
[2021.01.18-12.39.58:895][  0]LogTargetPlatformManager: Display: Loaded TargetPlatform 'IOSClient'
[2021.01.18-12.39.58:895][  0]LogTargetPlatformManager: Display: Loaded TargetPlatform 'IOS'
[2021.01.18-12.39.58:907][  0]LogTargetPlatformManager: Display: Loaded TargetPlatform 'Linux'
[2021.01.18-12.39.58:919][  0]LogTargetPlatformManager: Display: Loaded TargetPlatform 'LinuxNoEditor'
[2021.01.18-12.39.58:931][  0]LogTargetPlatformManager: Display: Loaded TargetPlatform 'LinuxClient'
[2021.01.18-12.39.58:943][  0]LogTargetPlatformManager: Display: Loaded TargetPlatform 'LinuxServer'
[2021.01.18-12.39.58:955][  0]LogTargetPlatformManager: Display: Loaded TargetPlatform 'LinuxAArch64NoEditor'
[2021.01.18-12.39.58:968][  0]LogTargetPlatformManager: Display: Loaded TargetPlatform 'LinuxAArch64Client'
[2021.01.18-12.39.58:980][  0]LogTargetPlatformManager: Display: Loaded TargetPlatform 'LinuxAArch64Server'
[2021.01.18-12.39.59:005][  0]LogTargetPlatformManager: Display: Loaded TargetPlatform 'Lumin'
[2021.01.18-12.39.59:005][  0]LogTargetPlatformManager: Display: Loaded TargetPlatform 'LuminClient'
[2021.01.18-12.39.59:022][  0]LogTargetPlatformManager: Display: Loaded TargetPlatform 'TVOSClient'
[2021.01.18-12.39.59:022][  0]LogTargetPlatformManager: Display: Loaded TargetPlatform 'TVOS'
[2021.01.18-12.39.59:036][  0]LogTargetPlatformManager: Display: Loaded TargetPlatform 'WindowsNoEditor'
[2021.01.18-12.39.59:050][  0]LogTargetPlatformManager: Display: Loaded TargetPlatform 'Windows'
[2021.01.18-12.39.59:065][  0]LogTargetPlatformManager: Display: Loaded TargetPlatform 'WindowsClient'
[2021.01.18-12.39.59:079][  0]LogTargetPlatformManager: Display: Loaded TargetPlatform 'WindowsServer'
[2021.01.18-12.39.59:079][  0]LogTargetPlatformManager: Display: Building Assets For Windows
[2021.01.18-12.39.59:106][  0]LogAudioDebug: Display: Lib vorbis DLL was dynamically loaded.
[2021.01.18-12.39.59:281][  0]LogShaderCompilers: Guid format shader working directory is -26 characters bigger than the processId version (../../../../../../Users/mandy/source/repos/Unreal/ThreeDMath/ThreeDMath/Intermediate/Shaders/WorkingDirectory/29148/).
[2021.01.18-12.39.59:282][  0]LogShaderCompilers: Cleaned the shader compiler working directory 'C:/Users/mandy/AppData/Local/Temp/UnrealShaderWorkingDir/23413699420FC130F0EC93B0AA689CF1/'.
[2021.01.18-12.39.59:282][  0]LogXGEController: Cleaning working directory: C:/Users/mandy/AppData/Local/Temp/UnrealXGEWorkingDir/
[2021.01.18-12.39.59:282][  0]LogXGEController: Cannot use XGE Controller as Incredibuild is not installed on this machine.
[2021.01.18-12.39.59:282][  0]LogShaderCompilers: Cannot use XGE Shader Compiler as Incredibuild is not installed on this machine.
[2021.01.18-12.39.59:282][  0]LogShaderCompilers: Display: Using Local Shader Compiler.
[2021.01.18-12.39.59:847][  0]LogDerivedDataCache: Display: Max Cache Size: 512 MB
[2021.01.18-12.39.59:902][  0]LogDerivedDataCache: Loaded boot cache 0.06s 81MB C:/Users/mandy/AppData/Local/UnrealEngine/4.25/DerivedDataCache/Boot.ddc.
[2021.01.18-12.39.59:902][  0]LogDerivedDataCache: Display: Loaded Boot cache: C:/Users/mandy/AppData/Local/UnrealEngine/4.25/DerivedDataCache/Boot.ddc
[2021.01.18-12.39.59:902][  0]LogDerivedDataCache: FDerivedDataBackendGraph:  Pak pak cache file ../../../../../../Users/mandy/source/repos/Unreal/ThreeDMath/ThreeDMath/DerivedDataCache/DDC.ddp not found, will not use a pak cache.
[2021.01.18-12.39.59:903][  0]LogDerivedDataCache: Unable to find inner node Pak for hierarchical cache Hierarchy.
[2021.01.18-12.39.59:903][  0]LogDerivedDataCache: FDerivedDataBackendGraph:  CompressedPak pak cache file ../../../../../../Users/mandy/source/repos/Unreal/ThreeDMath/ThreeDMath/DerivedDataCache/Compressed.ddp not found, will not use a pak cache.
[2021.01.18-12.39.59:903][  0]LogDerivedDataCache: Unable to find inner node CompressedPak for hierarchical cache Hierarchy.
[2021.01.18-12.39.59:911][  0]LogDerivedDataCache: Display: Pak cache opened for reading ../../../Engine/DerivedDataCache/Compressed.ddp.
[2021.01.18-12.39.59:911][  0]LogDerivedDataCache: FDerivedDataBackendGraph:  EnterprisePak pak cache file ../../../Enterprise/DerivedDataCache/Compressed.ddp not found, will not use a pak cache.
[2021.01.18-12.39.59:911][  0]LogDerivedDataCache: Unable to find inner node EnterprisePak for hierarchical cache Hierarchy.
[2021.01.18-12.39.59:914][  0]LogDerivedDataCache: Using Local data cache path C:/Users/mandy/AppData/Local/UnrealEngine/Common/DerivedDataCache: Writable
[2021.01.18-12.39.59:914][  0]LogDerivedDataCache: Shared data cache path not found in *engine.ini, will not use an Shared cache.
[2021.01.18-12.39.59:914][  0]LogDerivedDataCache: Unable to find inner node Shared for hierarchical cache Hierarchy.
[2021.01.18-12.39.59:952][  0]LogSlate: Using FreeType 2.10.0
[2021.01.18-12.39.59:953][  0]LogSlate: SlateFontServices - WITH_FREETYPE: 1, WITH_HARFBUZZ: 1
[2021.01.18-12.39.59:980][  0]LogAssetRegistry: FAssetRegistry took 0.0033 seconds to start up
[2021.01.18-12.40.00:151][  0]LogInit: Selected Device Profile: [Windows]
[2021.01.18-12.40.00:312][  0]LogMeshReduction: Using QuadricMeshReduction for automatic static mesh reduction
[2021.01.18-12.40.00:312][  0]LogMeshReduction: Using SimplygonMeshReduction for automatic skeletal mesh reduction
[2021.01.18-12.40.00:312][  0]LogMeshReduction: Using ProxyLODMeshReduction for automatic mesh merging
[2021.01.18-12.40.00:312][  0]LogMeshReduction: No distributed automatic mesh merging module available
[2021.01.18-12.40.00:312][  0]LogMeshMerging: No distributed automatic mesh merging module available
[2021.01.18-12.40.00:333][  0]LogNetVersion: ThreeDMath 1.0.0, NetCL: 13144385, EngineNetVer: 14, GameNetVer: 0 (Checksum: 3053125553)
[2021.01.18-12.40.00:657][  0]LogAISub: UAISubsystem::UAISubsystem AISubsystem (0000021B24AC6AC0), frame # 0
[2021.01.18-12.40.00:657][  0]LogAISub: UAISubsystem::UAISubsystem AIPerceptionSystem (0000021B24A6EAC0), frame # 0
[2021.01.18-12.40.00:659][  0]LogAISub: UAISubsystem::UAISubsystem EnvQueryManager (0000021B24AC1C00), frame # 0
[2021.01.18-12.40.00:694][  0]LogPackageLocalizationCache: Processed 19 localized package path(s) for 1 prioritized culture(s) in 0.031312 seconds
[2021.01.18-12.40.00:698][  0]LogUObjectArray: 15917 objects as part of root set at end of initial load.
[2021.01.18-12.40.00:698][  0]LogUObjectAllocator: 3965568 out of 0 bytes used by permanent object pool.
[2021.01.18-12.40.00:698][  0]LogUObjectArray: CloseDisregardForGC: 0/0 objects in disregard for GC pool
[2021.01.18-12.40.01:516][  0]LogTcpMessaging: Initializing TcpMessaging bridge
[2021.01.18-12.40.01:528][  0]LogUdpMessaging: Initializing bridge on interface 0.0.0.0:0 to multicast group 230.0.0.1:6666.
[2021.01.18-12.40.01:744][  0]LogLinker: Warning: Failed to load '/Game/ThirdPersonBP/ThirdPersonOverview': Can't find file.
[2021.01.18-12.40.01:744][  0]LogLinker: Warning: Failed to load '/Game/ThirdPersonBP/ThirdPersonOverview': Can't find file.
[2021.01.18-12.40.01:744][  0]LogUObjectGlobals: Warning: Failed to find object 'Class /Game/ThirdPersonBP/ThirdPersonOverview.ThirdPersonOverview_C'
[2021.01.18-12.40.01:847][  0]SourceControl: Source control is disabled
[2021.01.18-12.40.01:847][  0]SourceControl: Source control is disabled
[2021.01.18-12.40.01:866][  0]SourceControl: Source control is disabled
[2021.01.18-12.40.01:875][  0]SourceControl: Source control is disabled
[2021.01.18-12.40.01:895][  0]SourceControl: Source control is disabled
[2021.01.18-12.40.02:577][  0]LogAndroidPermission: UAndroidPermissionCallbackProxy::GetInstance
[2021.01.18-12.40.02:642][  0]LogAudioCaptureCore: Display: No Audio Capture implementations found. Audio input will be silent.
[2021.01.18-12.40.02:642][  0]LogAudioCaptureCore: Display: No Audio Capture implementations found. Audio input will be silent.
[2021.01.18-12.40.02:749][  0]LogOcInput: OculusInput pre-init called
[2021.01.18-12.40.02:771][  0]LogWindows: Failed to load 'OVRPlugin.dll' (GetLastError=126)
[2021.01.18-12.40.02:771][  0]LogWindows: File 'OVRPlugin.dll' does not exist
[2021.01.18-12.40.02:876][  0]LogEngine: Initializing Engine...
[2021.01.18-12.40.02:877][  0]LogHMD: Failed to initialize OpenVR with code 101
[2021.01.18-12.40.02:877][  0]LogMagicLeap: Warning: VR disabled because ZI is not enabled.  To enable, in the editor, Edit -> Project Settings -> Plugins -> Magic Leap Plugin -> Enable Zero Iteration
[2021.01.18-12.40.02:878][  0]LogStats: UGameplayTagsManager::InitializeManager -  0.000 s
[2021.01.18-12.40.03:013][  0]LogInit: Initializing FReadOnlyCVARCache
[2021.01.18-12.40.03:030][  0]LogAIModule: Creating AISystem for world Untitled
[2021.01.18-12.40.03:030][  0]LogAISub: UAISubsystem::UAISubsystem EnvQueryManager (0000021B296BDA00), frame # 0
[2021.01.18-12.40.03:030][  0]LogAISub: UAISubsystem::UAISubsystem AIPerceptionSystem (0000021B296F25C0), frame # 0
[2021.01.18-12.40.03:041][  0]LogAudioMixer: Display: Audio Mixer Platform Settings:
[2021.01.18-12.40.03:041][  0]LogAudioMixer: Display: 	Sample Rate:						  48000
[2021.01.18-12.40.03:041][  0]LogAudioMixer: Display: 	Callback Buffer Frame Size Requested: 1024
[2021.01.18-12.40.03:041][  0]LogAudioMixer: Display: 	Callback Buffer Frame Size To Use:	  1024
[2021.01.18-12.40.03:041][  0]LogAudioMixer: Display: 	Number of buffers to queue:			  2
[2021.01.18-12.40.03:041][  0]LogAudioMixer: Display: 	Max Channels (voices):				  32
[2021.01.18-12.40.03:041][  0]LogAudioMixer: Display: 	Number of Async Source Workers:		  0
[2021.01.18-12.40.03:041][  0]LogAudio: Display: AudioDevice MaxSources: 32
[2021.01.18-12.40.03:041][  0]LogAudio: Display: Using built-in audio occlusion.
[2021.01.18-12.40.03:041][  0]LogAudioMixer: Display: Initializing audio mixer.
[2021.01.18-12.40.03:064][  0]LogAudioMixer: Display: 0: FrontLeft
[2021.01.18-12.40.03:065][  0]LogAudioMixer: Display: 1: FrontRight
[2021.01.18-12.40.03:106][  0]LogAudioMixer: Display: Using Audio Device Speakers (Logitech Wireless Headset)
[2021.01.18-12.40.03:107][  0]LogAudioMixer: Display: Initializing Sound Submixes...
[2021.01.18-12.40.03:108][  0]LogAudioMixer: Display: Creating Master Submix 'MasterSubmixDefault'
[2021.01.18-12.40.03:108][  0]LogAudioMixer: Display: Creating Master Submix 'MasterReverbSubmixDefault'
[2021.01.18-12.40.03:109][  0]LogAudioMixer: Display: Creating Master Submix 'MasterEQSubmixDefault'
[2021.01.18-12.40.03:111][  0]LogInit: FAudioDevice initialized.
[2021.01.18-12.40.03:111][  0]LogNetVersion: Set ProjectVersion to 1.0.0.0. Version Checksum will be recalculated on next use.
[2021.01.18-12.40.03:163][  0]LogDerivedDataCache: Saved boot cache 0.05s 79MB C:/Users/mandy/AppData/Local/UnrealEngine/4.25/DerivedDataCache/Boot.ddc.
[2021.01.18-12.40.03:164][  0]LogInit: Texture streaming: Enabled
[2021.01.18-12.40.03:203][  0]LogEngineSessionManager: EngineSessionManager initialized
[2021.01.18-12.40.03:203][  0]LogEditorSessionSummary: Verbose: Initializing EditorSessionSummaryWriter for editor session tracking
[2021.01.18-12.40.03:205][  0]LogEditorSessionSummary: EditorSessionSummaryWriter initialized
[2021.01.18-12.40.03:228][  0]LogLiveCoding: Display: Starting LiveCoding
[2021.01.18-12.40.03:228][  0]LogLiveCoding: Display: LiveCodingConsole Arguments: ThreeDMathEditor Win64 Development
[2021.01.18-12.40.04:108][  0]LogLiveCoding: Display: First instance in process group "UE4_ThreeDMath_0x47d4e02a", spawning console
[2021.01.18-12.40.04:109][  0]LogLiveCoding: Display: Waiting for server
[2021.01.18-12.40.04:109][  0]LogLiveCoding: Display: Successfully initialized, removing startup thread
[2021.01.18-12.40.04:128][  0]LogInit: Transaction tracking system initialized
[2021.01.18-12.40.04:196][  0]BlueprintLog: New page: Editor Load
[2021.01.18-12.40.04:407][  0]LocalizationService: Localization service is disabled
[2021.01.18-12.40.04:663][  0]LogCook: Display: Max memory allowance for cook 16384mb min free memory 0mb
[2021.01.18-12.40.04:663][  0]LogCook: Display: Mobile HDR setting 1
[2021.01.18-12.40.04:999][  0]LogFileCache: Scanning file cache for directory 'C:/Users/mandy/source/repos/Unreal/ThreeDMath/ThreeDMath/Content/' took 0.00s
[2021.01.18-12.40.05:215][  0]SourceControl: Source control is disabled
[2021.01.18-12.40.05:215][  0]LogUnrealEdMisc: Loading editor; pre map load, took 8.871
[2021.01.18-12.40.05:215][  0]Cmd: MAP LOAD FILE="../../../../../../Users/mandy/source/repos/Unreal/ThreeDMath/ThreeDMath/Content/Levels/TestMap.umap" TEMPLATE=0 SHOWPROGRESS=1 FEATURELEVEL=3
[2021.01.18-12.40.05:216][  0]LightingResults: New page: Lighting Build
[2021.01.18-12.40.05:216][  0]LogWorld: UWorld::CleanupWorld for Untitled, bSessionEnded=true, bCleanupResources=true
[2021.01.18-12.40.05:216][  0]LogSlate: InvalidateAllWidgets triggered.  All widgets were invalidated
[2021.01.18-12.40.05:217][  0]MapCheck: New page: Map Check
[2021.01.18-12.40.05:217][  0]LightingResults: New page: Lighting Build
[2021.01.18-12.40.05:234][  0]LogAISub: UAISubsystem::~UAISubsystem EnvQueryManager (0000021B296BDA00), frame # 0
[2021.01.18-12.40.05:234][  0]LogAISub: UAISubsystem::~UAISubsystem AIPerceptionSystem (0000021B296F25C0), frame # 0
[2021.01.18-12.40.05:234][  0]LogUObjectHash: Compacting FUObjectHashTables data took   0.57ms
[2021.01.18-12.40.05:316][  0]LogAIModule: Creating AISystem for world TestMap
[2021.01.18-12.40.05:316][  0]LogAISub: UAISubsystem::UAISubsystem EnvQueryManager (0000021B14B81E00), frame # 0
[2021.01.18-12.40.05:316][  0]LogAISub: UAISubsystem::UAISubsystem AIPerceptionSystem (0000021B2A4E6840), frame # 0
[2021.01.18-12.40.05:335][  0]LogEditorServer: Finished looking for orphan Actors (0.000 secs)
[2021.01.18-12.40.05:349][  0]LogUObjectHash: Compacting FUObjectHashTables data took   0.57ms
[2021.01.18-12.40.05:350][  0]Cmd: MAP CHECKDEP NOCLEARLOG
[2021.01.18-12.40.05:350][  0]MapCheck: Map check complete: 0 Error(s), 0 Warning(s), took 0.197ms to complete.
[2021.01.18-12.40.05:350][  0]LogFileHelpers: Loading map 'TestMap' took 0.134
[2021.01.18-12.40.05:352][  0]LogUnrealEdMisc: Total Editor Startup Time, took 9.007
[2021.01.18-12.40.05:502][  0]LogSlate: Updating window title bar state: overlay mode, drag disabled, window buttons hidden, title bar hidden
[2021.01.18-12.40.05:508][  0]LogSlate: Updating window title bar state: overlay mode, drag disabled, window buttons hidden, title bar hidden
[2021.01.18-12.40.05:513][  0]LogSlate: Updating window title bar state: overlay mode, drag disabled, window buttons hidden, title bar hidden
[2021.01.18-12.40.05:519][  0]LogSlate: Updating window title bar state: overlay mode, drag disabled, window buttons hidden, title bar hidden
[2021.01.18-12.40.05:531][  0]LogCollectionManager: Loaded 0 collections in 0.001625 seconds
[2021.01.18-12.40.05:545][  0]LogFileCache: Scanning file cache for directory 'C:/Users/mandy/source/repos/Unreal/ThreeDMath/ThreeDMath/Saved/Collections/' took 0.00s
[2021.01.18-12.40.05:545][  0]LogFileCache: Scanning file cache for directory 'C:/Users/mandy/source/repos/Unreal/ThreeDMath/ThreeDMath/Content/Developers/mandy/Collections/' took 0.00s
[2021.01.18-12.40.05:545][  0]LogFileCache: Scanning file cache for directory 'C:/Users/mandy/source/repos/Unreal/ThreeDMath/ThreeDMath/Content/Collections/' took 0.00s
[2021.01.18-12.40.05:545][  0]LogContentBrowser: Native class hierarchy populated in 0.0068 seconds. Added 3431 classes and 823 folders.
[2021.01.18-12.40.05:548][  0]LogContentBrowser: Native class hierarchy updated for 'WidgetCarousel' in 0.0005 seconds. Added 0 classes and 0 folders.
[2021.01.18-12.40.05:584][  0]LogContentBrowser: Native class hierarchy updated for 'AddContentDialog' in 0.0003 seconds. Added 0 classes and 0 folders.
[2021.01.18-12.40.05:588][  0]LogContentBrowser: Native class hierarchy updated for 'SceneOutliner' in 0.0003 seconds. Added 2 classes and 0 folders.
[2021.01.18-12.40.05:671][  0]LogSlate: Took 0.000164 seconds to synchronously load lazily loaded font '../../../Engine/Content/Slate/Fonts/Roboto-Regular.ttf' (155K)
[2021.01.18-12.40.05:672][  0]LogSlate: Took 0.000119 seconds to synchronously load lazily loaded font '../../../Engine/Content/Slate/Fonts/Roboto-Bold.ttf' (160K)
[2021.01.18-12.40.05:676][  0]LogSlate: Took 0.000111 seconds to synchronously load lazily loaded font '../../../Engine/Content/Editor/Slate/Fonts/FontAwesome.ttf' (139K)
[2021.01.18-12.40.05:728][  0]LogRenderer: Reallocating scene render targets to support 1208x612 Format 10 NumSamples 1 (Frame:1).
[2021.01.18-12.40.05:816][  0]LogContentBrowser: Native class hierarchy updated for 'HierarchicalLODOutliner' in 0.0004 seconds. Added 0 classes and 0 folders.
[2021.01.18-12.40.05:816][  0]LogLoad: (Engine Initialization) Total time: 9.47 seconds
[2021.01.18-12.40.05:816][  0]LogLoad: (Engine Initialization) Total Blueprint compile time: 0.00 seconds
[2021.01.18-12.40.05:846][  0]LogAssetRegistry: Asset discovery search completed in 5.8689 seconds
[2021.01.18-12.40.05:849][  0]LogCollectionManager: Fixed up redirectors for 0 collections in 0.000003 seconds (updated 0 objects)
[2021.01.18-12.40.05:851][  0]LogContentStreaming: Texture pool size now 1000 MB
[2021.01.18-12.40.05:877][  0]LogSlate: Took 0.000097 seconds to synchronously load lazily loaded font '../../../Engine/Content/Slate/Fonts/Roboto-Light.ttf' (167K)
[2021.01.18-12.49.13:319][903]LogSlate: Took 0.000519 seconds to synchronously load lazily loaded font '../../../Engine/Content/Slate/Fonts/Roboto-Light.ttf' (167K)
[2021.01.18-12.49.17:125][903]LogSlate: Window 'Pick Parent Class' being destroyed
[2021.01.18-12.49.26:957][ 45]LogAssetEditorSubsystem: Opening Asset editor for Blueprint /Game/Blueprints/BP_IK_Solver.BP_IK_Solver
[2021.01.18-12.49.27:161][ 45]LogContentBrowser: Native class hierarchy updated for 'BlueprintGraph' in 0.0006 seconds. Added 125 classes and 0 folders.
[2021.01.18-12.49.27:896][ 45]LogRenderer: Reallocating scene render targets to support 1208x712 Format 10 NumSamples 1 (Frame:1).
[2021.01.18-12.49.29:516][184]LogSlate: Window 'BP_IK_Solver' being destroyed
[2021.01.18-12.49.30:286][267]LogSlate: Took 0.000559 seconds to synchronously load lazily loaded font '../../../Engine/Content/Slate/Fonts/Roboto-Italic.ttf' (157K)
[2021.01.18-12.49.31:700][430]BlueprintLog: New page: Compile BP_IK_Solver
[2021.01.18-12.49.31:738][430]LogUObjectHash: Compacting FUObjectHashTables data took   1.97ms
[2021.01.18-12.49.31:774][430]Cmd: OBJ SAVEPACKAGE PACKAGE="/Game/Blueprints/BP_IK_Solver" FILE="../../../../../../Users/mandy/source/repos/Unreal/ThreeDMath/ThreeDMath/Content/Blueprints/BP_IK_Solver.uasset" SILENT=true
[2021.01.18-12.49.31:778][430]LogSavePackage: Moving '../../../../../../Users/mandy/source/repos/Unreal/ThreeDMath/ThreeDMath/Saved/BP_IK_Solver5B8B9A2240F7CFF83DBF3091EF400F70.tmp' to '../../../../../../Users/mandy/source/repos/Unreal/ThreeDMath/ThreeDMath/Content/Blueprints/BP_IK_Solver.uasset'
[2021.01.18-12.49.31:793][430]AssetCheck: New page: Asset Save: BP_IK_Solver
[2021.01.18-12.49.31:793][430]LogContentValidation: Display: Validating Blueprint /Game/Blueprints/BP_IK_Solver.BP_IK_Solver
[2021.01.18-12.49.31:807][430]LogSlate: Took 0.000458 seconds to synchronously load lazily loaded font '../../../Engine/Content/Slate/Fonts/DroidSansMono.ttf' (77K)
[2021.01.18-12.50.52:455][ 18]LogEditorTransaction: Undo Edit Screen Size
[2021.01.18-12.51.17:841][807]LogSlate: Took 0.000576 seconds to synchronously load lazily loaded font '../../../Engine/Content/Slate/Fonts/Roboto-BoldCondensedItalic.ttf' (160K)
[2021.01.18-12.51.48:588][443]BlueprintLog: New page: Compile BP_IK_Solver
[2021.01.18-12.51.48:621][443]LogUObjectHash: Compacting FUObjectHashTables data took   2.26ms
[2021.01.18-12.51.48:675][443]Cmd: OBJ SAVEPACKAGE PACKAGE="/Game/Blueprints/BP_IK_Solver" FILE="../../../../../../Users/mandy/source/repos/Unreal/ThreeDMath/ThreeDMath/Content/Blueprints/BP_IK_Solver.uasset" SILENT=true
[2021.01.18-12.51.48:690][443]LogSavePackage: Moving '../../../../../../Users/mandy/source/repos/Unreal/ThreeDMath/ThreeDMath/Saved/BP_IK_Solver6EA14253444A7AEBB64695A17F37A03C.tmp' to '../../../../../../Users/mandy/source/repos/Unreal/ThreeDMath/ThreeDMath/Content/Blueprints/BP_IK_Solver.uasset'
[2021.01.18-12.51.48:703][443]AssetCheck: New page: Asset Save: BP_IK_Solver
[2021.01.18-12.51.48:703][443]LogContentValidation: Display: Validating Blueprint /Game/Blueprints/BP_IK_Solver.BP_IK_Solver
[2021.01.18-12.52.23:829][550]LogUObjectHash: Compacting FUObjectHashTables data took   2.61ms
[2021.01.18-12.52.23:831][550]LogFileHelpers: Editor autosave (incl. sublevels) for '/Game/Levels/TestMap' took 0.021
[2021.01.18-12.52.23:831][550]OBJ SavePackage: Generating thumbnails for [1] asset(s) in package [/Game/Blueprints/BP_IK_Solver] ([1] browsable assets)...
[2021.01.18-12.52.23:840][550]OBJ SavePackage:     Rendered thumbnail for [Blueprint /Game/Blueprints/BP_IK_Solver.BP_IK_Solver]
[2021.01.18-12.52.23:840][550]OBJ SavePackage: Finished generating thumbnails for package [/Game/Blueprints/BP_IK_Solver]
[2021.01.18-12.52.23:853][550]LogSavePackage: Moving '../../../../../../Users/mandy/source/repos/Unreal/ThreeDMath/ThreeDMath/Saved/BP_IK_Solver_Auto1593620794EA928B38BF74C9292B941D6.tmp' to '../../../../../../Users/mandy/source/repos/Unreal/ThreeDMath/ThreeDMath/Saved/Autosaves/Game/Blueprints/BP_IK_Solver_Auto1.uasset'
[2021.01.18-12.52.23:854][550]LogFileHelpers: Auto-saving content packages took 0.024
[2021.01.18-12.53.07:634][704]BlueprintLog: New page: Compile BP_IK_Solver
[2021.01.18-12.53.07:666][704]LogUObjectHash: Compacting FUObjectHashTables data took   1.46ms
[2021.01.18-12.53.07:709][704]Cmd: OBJ SAVEPACKAGE PACKAGE="/Game/Blueprints/BP_IK_Solver" FILE="../../../../../../Users/mandy/source/repos/Unreal/ThreeDMath/ThreeDMath/Content/Blueprints/BP_IK_Solver.uasset" SILENT=true
[2021.01.18-12.53.07:722][704]LogSavePackage: Moving '../../../../../../Users/mandy/source/repos/Unreal/ThreeDMath/ThreeDMath/Saved/BP_IK_Solver15324EFE4E71B14A111E4E8ECCBFCF8A.tmp' to '../../../../../../Users/mandy/source/repos/Unreal/ThreeDMath/ThreeDMath/Content/Blueprints/BP_IK_Solver.uasset'
[2021.01.18-12.53.07:734][704]AssetCheck: New page: Asset Save: BP_IK_Solver
[2021.01.18-12.53.07:734][704]LogContentValidation: Display: Validating Blueprint /Game/Blueprints/BP_IK_Solver.BP_IK_Solver
[2021.01.18-12.53.12:630][266]LogSlate: Took 0.000495 seconds to synchronously load lazily loaded font '../../../Engine/Content/Slate/Fonts/Roboto-BoldCondensed.ttf' (158K)
[2021.01.18-12.53.56:374][317]BlueprintLog: New page: Compile BP_IK_Solver
[2021.01.18-12.53.56:412][317]LogUObjectHash: Compacting FUObjectHashTables data took   3.98ms
[2021.01.18-12.53.56:444][317]Cmd: OBJ SAVEPACKAGE PACKAGE="/Game/Blueprints/BP_IK_Solver" FILE="../../../../../../Users/mandy/source/repos/Unreal/ThreeDMath/ThreeDMath/Content/Blueprints/BP_IK_Solver.uasset" SILENT=true
[2021.01.18-12.53.56:461][317]LogSavePackage: Moving '../../../../../../Users/mandy/source/repos/Unreal/ThreeDMath/ThreeDMath/Saved/BP_IK_Solver96D001D84CE5A2450348F18FDCF37B03.tmp' to '../../../../../../Users/mandy/source/repos/Unreal/ThreeDMath/ThreeDMath/Content/Blueprints/BP_IK_Solver.uasset'
[2021.01.18-12.53.56:475][317]AssetCheck: New page: Asset Save: BP_IK_Solver
[2021.01.18-12.53.56:476][317]LogContentValidation: Display: Validating Blueprint /Game/Blueprints/BP_IK_Solver.BP_IK_Solver
[2021.01.18-12.55.21:073][362]BlueprintLog: New page: Compile BP_IK_Solver
[2021.01.18-12.55.21:106][362]LogUObjectHash: Compacting FUObjectHashTables data took   1.92ms
[2021.01.18-12.55.21:147][362]Cmd: OBJ SAVEPACKAGE PACKAGE="/Game/Blueprints/BP_IK_Solver" FILE="../../../../../../Users/mandy/source/repos/Unreal/ThreeDMath/ThreeDMath/Content/Blueprints/BP_IK_Solver.uasset" SILENT=true
[2021.01.18-12.55.21:162][362]LogSavePackage: Moving '../../../../../../Users/mandy/source/repos/Unreal/ThreeDMath/ThreeDMath/Saved/BP_IK_Solver72DF554B4C2F39B2F8009C91468F807E.tmp' to '../../../../../../Users/mandy/source/repos/Unreal/ThreeDMath/ThreeDMath/Content/Blueprints/BP_IK_Solver.uasset'
[2021.01.18-12.55.21:174][362]AssetCheck: New page: Asset Save: BP_IK_Solver
[2021.01.18-12.55.21:174][362]LogContentValidation: Display: Validating Blueprint /Game/Blueprints/BP_IK_Solver.BP_IK_Solver
[2021.01.18-12.55.38:959][403]LogLinker: Warning: While loading '../../../../../../Users/mandy/source/repos/Unreal/ThreeDMath/ThreeDMath/Content/Blueprints/BP_TurnetForGames.uasset' failed to load '/Game/Blueprints/BP_Ball': Can't find file.
[2021.01.18-12.55.38:959][403]LogLinker: Warning: While loading '../../../../../../Users/mandy/source/repos/Unreal/ThreeDMath/ThreeDMath/Content/Blueprints/BP_TurnetForGames.uasset' failed to load '/Game/Blueprints/BP_Ball': Can't find file.
[2021.01.18-12.55.38:960][403]LogLinker: Warning: While loading '../../../../../../Users/mandy/source/repos/Unreal/ThreeDMath/ThreeDMath/Content/Blueprints/BP_TurnetForGames.uasset' failed to load '/Game/Blueprints/BP_Ball': Can't find file.
[2021.01.18-12.55.38:960][403]LogLinker: Warning: While loading '../../../../../../Users/mandy/source/repos/Unreal/ThreeDMath/ThreeDMath/Content/Blueprints/BP_TurnetForGames.uasset' failed to load '/Game/Blueprints/BP_Ball': Can't find file.
[2021.01.18-12.55.38:960][403]LogLinker: Warning: While loading '../../../../../../Users/mandy/source/repos/Unreal/ThreeDMath/ThreeDMath/Content/ThirdPersonCPP/Maps/ThirdPersonExampleMap.umap' failed to load '/Game/Blueprints/BP_Ball': Can't find file.
[2021.01.18-12.55.38:961][403]LogLinker: Warning: While loading '../../../../../../Users/mandy/source/repos/Unreal/ThreeDMath/ThreeDMath/Content/ThirdPersonCPP/Maps/ThirdPersonExampleMap.umap' failed to load '/Game/Blueprints/BP_Ball': Can't find file.
[2021.01.18-12.55.38:961][403]LogLinker: Warning: While loading '../../../../../../Users/mandy/source/repos/Unreal/ThreeDMath/ThreeDMath/Content/ThirdPersonCPP/Maps/ThirdPersonExampleMap.umap' failed to load '/Game/Blueprints/BP_Ball': Can't find file.
[2021.01.18-12.55.38:961][403]LogLinker: Warning: While loading '../../../../../../Users/mandy/source/repos/Unreal/ThreeDMath/ThreeDMath/Content/ThirdPersonCPP/Maps/ThirdPersonExampleMap.umap' failed to load '/Game/Blueprints/BP_Ball': Can't find file.
[2021.01.18-12.55.38:961][403]LogLinker: Warning: While loading '../../../../../../Users/mandy/source/repos/Unreal/ThreeDMath/ThreeDMath/Content/ThirdPersonCPP/Maps/ThirdPersonExampleMap.umap' failed to load '/Game/Blueprints/BP_Ball': Can't find file.
[2021.01.18-12.55.38:961][403]LoadErrors: Failed to load /Game/Blueprints/BP_Ball.BP_Ball_C Referenced by Default__BP_TurnetForGames_C
[2021.01.18-12.55.38:962][403]LogLinker: Warning: While loading '../../../../../../Users/mandy/source/repos/Unreal/ThreeDMath/ThreeDMath/Content/ThirdPersonCPP/Maps/ThirdPersonExampleMap.umap' failed to load '/Game/Blueprints/BP_Ball': Can't find file.
[2021.01.18-12.55.39:001][403]LogAssetEditorSubsystem: Opening Asset editor for World /Game/ThirdPersonCPP/Maps/ThirdPersonExampleMap.ThirdPersonExampleMap
[2021.01.18-12.55.39:021][403]LogUObjectHash: Compacting FUObjectHashTables data took   2.44ms
[2021.01.18-12.55.39:024][403]Cmd: MAP LOAD FILE="../../../../../../Users/mandy/source/repos/Unreal/ThreeDMath/ThreeDMath/Content/ThirdPersonCPP/Maps/ThirdPersonExampleMap.umap" TEMPLATE=0 SHOWPROGRESS=1 FEATURELEVEL=3
[2021.01.18-12.55.39:025][403]LightingResults: New page: Lighting Build
[2021.01.18-12.55.39:025][403]LoadErrors: New page: Loading map: ThirdPersonExampleMap.umap
[2021.01.18-12.55.39:026][403]LogWorld: UWorld::CleanupWorld for TestMap, bSessionEnded=true, bCleanupResources=true
[2021.01.18-12.55.39:026][403]LogSlate: InvalidateAllWidgets triggered.  All widgets were invalidated
[2021.01.18-12.55.39:027][403]MapCheck: New page: Map Check
[2021.01.18-12.55.39:027][403]LightingResults: New page: Lighting Build
[2021.01.18-12.55.39:048][403]LogAISub: UAISubsystem::~UAISubsystem EnvQueryManager (0000021B14B81E00), frame # 57403
[2021.01.18-12.55.39:049][403]LogAISub: UAISubsystem::~UAISubsystem AIPerceptionSystem (0000021B2A4E6840), frame # 57403
[2021.01.18-12.55.39:051][403]LogUObjectHash: Compacting FUObjectHashTables data took   1.65ms
[2021.01.18-12.55.39:149][403]LogEditorServer: Finished looking for orphan Actors (0.000 secs)
[2021.01.18-12.55.39:149][403]LogAIModule: Creating AISystem for world ThirdPersonExampleMap
[2021.01.18-12.55.39:149][403]LogAISub: UAISubsystem::UAISubsystem EnvQueryManager (0000021BA176B200), frame # 57403
[2021.01.18-12.55.39:149][403]LogAISub: UAISubsystem::UAISubsystem AIPerceptionSystem (0000021B49E49A80), frame # 57403
[2021.01.18-12.55.39:180][403]LogUObjectHash: Compacting FUObjectHashTables data took   1.60ms
[2021.01.18-12.55.39:195][403]Cmd: MAP CHECKDEP NOCLEARLOG
[2021.01.18-12.55.39:195][403]MapCheck: Map check complete: 0 Error(s), 0 Warning(s), took 0.242ms to complete.
[2021.01.18-12.55.39:196][403]LogFileHelpers: Loading map 'ThirdPersonExampleMap' took 0.171
